Log file opened on Tue Mar 10 09:07:40 2020
Host: cx1-141-15-3  pid: 19128  rank ID: 0  number of ranks:  1
                      :-) GROMACS - gmx mdrun, 2018.2 (-:

                            GROMACS is written by:
     Emile Apol      Rossen Apostolov      Paul Bauer     Herman J.C. Berendsen
    Par Bjelkmar    Aldert van Buuren   Rudi van Drunen     Anton Feenstra  
  Gerrit Groenhof    Aleksei Iupinov   Christoph Junghans   Anca Hamuraru   
 Vincent Hindriksen Dimitrios Karkoulis    Peter Kasson        Jiri Kraus    
  Carsten Kutzner      Per Larsson      Justin A. Lemkul    Viveca Lindahl  
  Magnus Lundborg   Pieter Meulenhoff    Erik Marklund      Teemu Murtola   
    Szilard Pall       Sander Pronk      Roland Schulz     Alexey Shvetsov  
   Michael Shirts     Alfons Sijbers     Peter Tieleman    Teemu Virolainen 
 Christian Wennberg    Maarten Wolf   
                           and the project leaders:
        Mark Abraham, Berk Hess, Erik Lindahl, and David van der Spoel

Copyright (c) 1991-2000, University of Groningen, The Netherlands.
Copyright (c) 2001-2017, The GROMACS development team at
Uppsala University, Stockholm University and
the Royal Institute of Technology, Sweden.
check out http://www.gromacs.org for more information.

GROMACS is free software; you can redistribute it and/or modify it
under the terms of the GNU Lesser General Public License
as published by the Free Software Foundation; either version 2.1
of the License, or (at your option) any later version.

GROMACS:      gmx mdrun, version 2018.2
Executable:   /apps/gromacs/2018.2/bin/gmx
Data prefix:  /apps/gromacs/2018.2
Working dir:  /tmp/pbs.1195666.pbs
Command line:
  gmx mdrun -s NVT.tpr -deffnm NVT -nt 32

GROMACS version:    2018.2
Precision:          single
Memory model:       64 bit
MPI library:        thread_mpi
OpenMP support:     enabled (GMX_OPENMP_MAX_THREADS = 64)
GPU support:        CUDA
SIMD instructions:  AVX_256
FFT library:        Intel MKL
RDTSCP usage:       enabled
TNG support:        enabled
Hwloc support:      disabled
Tracing support:    disabled
Built on:           2018-08-01 22:03:56
Built by:           mjharvey@build-2.hpc.ic.ac.uk [CMAKE]
Build OS/arch:      Linux 3.10.0-693.5.2.el7.x86_64 x86_64
Build CPU vendor:   Intel
Build CPU brand:    Intel(R) Xeon(R) CPU E5-2650 0 @ 2.00GHz
Build CPU family:   6   Model: 45   Stepping: 2
Build CPU features: aes apic avx clfsh cmov cx8 cx16 intel lahf mmx msr nonstop_tsc pcid pclmuldq popcnt pse rdtscp sse2 sse3 sse4.1 sse4.2 ssse3 tdt x2apic
C compiler:         /apps/intel/2017.6/compilers_and_libraries_2017.6.256/linux/bin/intel64/icc Intel 17.0.6.20171215
C compiler flags:    -mavx   -mkl=sequential  -std=gnu99  -O3 -DNDEBUG -ip -funroll-all-loops -alias-const -ansi-alias -no-prec-div -fimf-domain-exclusion=14 -qoverride-limits  
C++ compiler:       /apps/intel/2017.6/compilers_and_libraries_2017.6.256/linux/bin/intel64/icpc Intel 17.0.6.20171215
C++ compiler flags:  -mavx   -mkl=sequential  -std=c++11   -O3 -DNDEBUG -ip -funroll-all-loops -alias-const -ansi-alias -no-prec-div -fimf-domain-exclusion=14 -qoverride-limits  
CUDA compiler:      /apps/cuda/9.0.176/bin/nvcc nvcc: NVIDIA (R) Cuda compiler driver;Copyright (c) 2005-2017 NVIDIA Corporation;Built on Fri_Sep__1_21:08:03_CDT_2017;Cuda compilation tools, release 9.0, V9.0.176
CUDA compiler flags:-gencode;arch=compute_30,code=sm_30;-gencode;arch=compute_35,code=sm_35;-gencode;arch=compute_37,code=sm_37;-gencode;arch=compute_50,code=sm_50;-gencode;arch=compute_52,code=sm_52;-gencode;arch=compute_60,code=sm_60;-gencode;arch=compute_61,code=sm_61;-gencode;arch=compute_70,code=sm_70;-gencode;arch=compute_70,code=compute_70;-use_fast_math;;; ;-mavx;-mkl=sequential;-std=c++11;-O3;-DNDEBUG;-ip;-funroll-all-loops;-alias-const;-ansi-alias;-no-prec-div;-fimf-domain-exclusion=14;-qoverride-limits;
CUDA driver:        10.20
CUDA runtime:       1940289.0

NOTE: Detection of GPUs failed. The API reported:
            GROMACS cannot run tasks on a GPU.

Running on 1 node with total 20 cores, 40 logical cores, 0 compatible GPUs
Hardware detected:
  CPU info:
    Vendor: Intel
    Brand:  Intel(R) Xeon(R) CPU E5-2660 v2 @ 2.20GHz
    Family: 6   Model: 62   Stepping: 4
    Features: aes apic avx clfsh cmov cx8 cx16 f16c htt intel lahf mmx msr nonstop_tsc pcid pclmuldq pdcm pdpe1gb popcnt pse rdrnd rdtscp sse2 sse3 sse4.1 sse4.2 ssse3 tdt x2apic
  Hardware topology: Basic
    Sockets, cores, and logical processors:
      Socket  0: [   0  20] [   1  21] [   2  22] [   3  23] [   4  24] [   5  25] [   6  26] [   7  27] [   8  28] [   9  29]
      Socket  1: [  10  30] [  11  31] [  12  32] [  13  33] [  14  34] [  15  35] [  16  36] [  17  37] [  18  38] [  19  39]


++++ PLEASE READ AND CITE THE FOLLOWING REFERENCE ++++
M. J. Abraham, T. Murtola, R. Schulz, S. Páll, J. C. Smith, B. Hess, E.
Lindahl
GROMACS: High performance molecular simulations through multi-level
parallelism from laptops to supercomputers
SoftwareX 1 (2015) pp. 19-25
-------- -------- --- Thank You --- -------- --------


++++ PLEASE READ AND CITE THE FOLLOWING REFERENCE ++++
S. Páll, M. J. Abraham, C. Kutzner, B. Hess, E. Lindahl
Tackling Exascale Software Challenges in Molecular Dynamics Simulations with
GROMACS
In S. Markidis & E. Laure (Eds.), Solving Software Challenges for Exascale 8759 (2015) pp. 3-27
-------- -------- --- Thank You --- -------- --------


++++ PLEASE READ AND CITE THE FOLLOWING REFERENCE ++++
S. Pronk, S. Páll, R. Schulz, P. Larsson, P. Bjelkmar, R. Apostolov, M. R.
Shirts, J. C. Smith, P. M. Kasson, D. van der Spoel, B. Hess, and E. Lindahl
GROMACS 4.5: a high-throughput and highly parallel open source molecular
simulation toolkit
Bioinformatics 29 (2013) pp. 845-54
-------- -------- --- Thank You --- -------- --------


++++ PLEASE READ AND CITE THE FOLLOWING REFERENCE ++++
B. Hess and C. Kutzner and D. van der Spoel and E. Lindahl
GROMACS 4: Algorithms for highly efficient, load-balanced, and scalable
molecular simulation
J. Chem. Theory Comput. 4 (2008) pp. 435-447
-------- -------- --- Thank You --- -------- --------


++++ PLEASE READ AND CITE THE FOLLOWING REFERENCE ++++
D. van der Spoel, E. Lindahl, B. Hess, G. Groenhof, A. E. Mark and H. J. C.
Berendsen
GROMACS: Fast, Flexible and Free
J. Comp. Chem. 26 (2005) pp. 1701-1719
-------- -------- --- Thank You --- -------- --------


++++ PLEASE READ AND CITE THE FOLLOWING REFERENCE ++++
E. Lindahl and B. Hess and D. van der Spoel
GROMACS 3.0: A package for molecular simulation and trajectory analysis
J. Mol. Mod. 7 (2001) pp. 306-317
-------- -------- --- Thank You --- -------- --------


++++ PLEASE READ AND CITE THE FOLLOWING REFERENCE ++++
H. J. C. Berendsen, D. van der Spoel and R. van Drunen
GROMACS: A message-passing parallel molecular dynamics implementation
Comp. Phys. Comm. 91 (1995) pp. 43-56
-------- -------- --- Thank You --- -------- --------


The number of OpenMP threads was set by environment variable OMP_NUM_THREADS to 1

Input Parameters:
   integrator                     = md
   tinit                          = 0
   dt                             = 0.002
   nsteps                         = 100000
   init-step                      = 0
   simulation-part                = 1
   comm-mode                      = Linear
   nstcomm                        = 100
   bd-fric                        = 0
   ld-seed                        = -1374495119
   emtol                          = 10
   emstep                         = 0.01
   niter                          = 20
   fcstep                         = 0
   nstcgsteep                     = 1000
   nbfgscorr                      = 10
   rtpi                           = 0.05
   nstxout                        = 1000
   nstvout                        = 1000
   nstfout                        = 0
   nstlog                         = 1000
   nstcalcenergy                  = 100
   nstenergy                      = 1000
   nstxout-compressed             = 0
   compressed-x-precision         = 1000
   cutoff-scheme                  = Verlet
   nstlist                        = 10
   ns-type                        = Grid
   pbc                            = xyz
   periodic-molecules             = false
   verlet-buffer-tolerance        = 0.005
   rlist                          = 1
   coulombtype                    = PME
   coulomb-modifier               = Potential-shift
   rcoulomb-switch                = 0
   rcoulomb                       = 1
   epsilon-r                      = 1
   epsilon-rf                     = inf
   vdw-type                       = PME
   vdw-modifier                   = Potential-shift
   rvdw-switch                    = 0
   rvdw                           = 1
   DispCorr                       = No
   table-extension                = 10
   fourierspacing                 = 0.12
   fourier-nx                     = 144
   fourier-ny                     = 80
   fourier-nz                     = 40
   pme-order                      = 4
   ewald-rtol                     = 1e-05
   ewald-rtol-lj                  = 0.001
   lj-pme-comb-rule               = Geometric
   ewald-geometry                 = 0
   epsilon-surface                = 0
   implicit-solvent               = No
   gb-algorithm                   = Still
   nstgbradii                     = 1
   rgbradii                       = 1
   gb-epsilon-solvent             = 80
   gb-saltconc                    = 0
   gb-obc-alpha                   = 1
   gb-obc-beta                    = 0.8
   gb-obc-gamma                   = 4.85
   gb-dielectric-offset           = 0.009
   sa-algorithm                   = Ace-approximation
   sa-surface-tension             = 2.05016
   tcoupl                         = V-rescale
   nsttcouple                     = 10
   nh-chain-length                = 0
   print-nose-hoover-chain-variables = false
   pcoupl                         = No
   pcoupltype                     = Isotropic
   nstpcouple                     = -1
   tau-p                          = 1
   compressibility (3x3):
      compressibility[    0]={ 0.00000e+00,  0.00000e+00,  0.00000e+00}
      compressibility[    1]={ 0.00000e+00,  0.00000e+00,  0.00000e+00}
      compressibility[    2]={ 0.00000e+00,  0.00000e+00,  0.00000e+00}
   ref-p (3x3):
      ref-p[    0]={ 0.00000e+00,  0.00000e+00,  0.00000e+00}
      ref-p[    1]={ 0.00000e+00,  0.00000e+00,  0.00000e+00}
      ref-p[    2]={ 0.00000e+00,  0.00000e+00,  0.00000e+00}
   refcoord-scaling               = No
   posres-com (3):
      posres-com[0]= 0.00000e+00
      posres-com[1]= 0.00000e+00
      posres-com[2]= 0.00000e+00
   posres-comB (3):
      posres-comB[0]= 0.00000e+00
      posres-comB[1]= 0.00000e+00
      posres-comB[2]= 0.00000e+00
   QMMM                           = false
   QMconstraints                  = 0
   QMMMscheme                     = 0
   MMChargeScaleFactor            = 1
qm-opts:
   ngQM                           = 0
   constraint-algorithm           = Lincs
   continuation                   = false
   Shake-SOR                      = false
   shake-tol                      = 0.0001
   lincs-order                    = 4
   lincs-iter                     = 1
   lincs-warnangle                = 30
   nwall                          = 0
   wall-type                      = 9-3
   wall-r-linpot                  = -1
   wall-atomtype[0]               = -1
   wall-atomtype[1]               = -1
   wall-density[0]                = 0
   wall-density[1]                = 0
   wall-ewald-zfac                = 3
   pull                           = false
   awh                            = false
   rotation                       = false
   interactiveMD                  = false
   disre                          = No
   disre-weighting                = Conservative
   disre-mixed                    = false
   dr-fc                          = 1000
   dr-tau                         = 0
   nstdisreout                    = 100
   orire-fc                       = 0
   orire-tau                      = 0
   nstorireout                    = 100
   free-energy                    = no
   cos-acceleration               = 0
   deform (3x3):
      deform[    0]={ 0.00000e+00,  0.00000e+00,  0.00000e+00}
      deform[    1]={ 0.00000e+00,  0.00000e+00,  0.00000e+00}
      deform[    2]={ 0.00000e+00,  0.00000e+00,  0.00000e+00}
   simulated-tempering            = false
   swapcoords                     = no
   userint1                       = 0
   userint2                       = 0
   userint3                       = 0
   userint4                       = 0
   userreal1                      = 0
   userreal2                      = 0
   userreal3                      = 0
   userreal4                      = 0
   applied-forces:
     electric-field:
       x:
         E0                       = 0
         omega                    = 0
         t0                       = 0
         sigma                    = 0
       y:
         E0                       = 0
         omega                    = 0
         t0                       = 0
         sigma                    = 0
       z:
         E0                       = 0
         omega                    = 0
         t0                       = 0
         sigma                    = 0
grpopts:
   nrdf:      153725
   ref-t:         298
   tau-t:         0.1
annealing:          No
annealing-npoints:           0
   acc:	           0           0           0
   nfreeze:           N           N           N
   energygrp-flags[  0]: 0

Changing nstlist from 10 to 100, rlist from 1 to 1


Initializing Domain Decomposition on 32 ranks
Dynamic load balancing: locked
Initial maximum inter charge-group distances:
    two-body bonded interactions: 0.550 nm, LJ-14, atoms 29240 29342
  multi-body bonded interactions: 0.397 nm, Ryckaert-Bell., atoms 27845 27854
Minimum cell size due to bonded interactions: 0.436 nm
Maximum distance for 5 constraints, at 120 deg. angles, all-trans: 0.218 nm
Estimated maximum distance required for P-LINCS: 0.218 nm
Guess for relative PME load: 0.31
Will use 20 particle-particle and 12 PME only ranks
This is a guess, check the performance at the end of the log file
Using 12 separate PME ranks, as guessed by mdrun
Scaling the initial minimum size with 1/0.8 (option -dds) = 1.25
Optimizing the DD grid for 20 cells with a minimum initial size of 0.545 nm
The maximum allowed number of cells is: X 27 Y 15 Z 7
Domain decomposition grid 5 x 4 x 1, separate PME ranks 12
PME domain decomposition: 12 x 1 x 1
Interleaving PP and PME ranks
This rank does only particle-particle work.

Domain decomposition rank 0, coordinates 0 0 0

The initial number of communication pulses is: X 1 Y 1
The initial domain decomposition cell size is: X 3.01 nm Y 2.12 nm

The maximum allowed distance for charge groups involved in interactions is:
                 non-bonded interactions           1.000 nm
            two-body bonded interactions  (-rdd)   1.000 nm
          multi-body bonded interactions  (-rdd)   1.000 nm
  atoms separated by up to 5 constraints  (-rcon)  2.121 nm

When dynamic load balancing gets turned on, these settings will change to:
The maximum number of communication pulses is: X 1 Y 1
The minimum size for domain decomposition cells is 1.000 nm
The requested allowed shrink of DD cells (option -dds) is: 0.80
The allowed shrink of domain decomposition cells is: X 0.33 Y 0.47
The maximum allowed distance for charge groups involved in interactions is:
                 non-bonded interactions           1.000 nm
            two-body bonded interactions  (-rdd)   1.000 nm
          multi-body bonded interactions  (-rdd)   1.000 nm
  atoms separated by up to 5 constraints  (-rcon)  1.000 nm

Using 32 MPI threads
Using 1 OpenMP thread per tMPI thread


NOTE: The number of threads is not equal to the number of (logical) cores
      and the -pin option is set to auto: will not pin threads to cores.
      This can lead to significant performance degradation.
      Consider using -pin on (and -pinoffset in case you run multiple jobs).
System total charge: -0.000
Will do PME sum in reciprocal space for LJ dispersion interactions.

++++ PLEASE READ AND CITE THE FOLLOWING REFERENCE ++++
U. Essmann, L. Perera, M. L. Berkowitz, T. Darden, H. Lee and L. G. Pedersen 
A smooth particle mesh Ewald method
J. Chem. Phys. 103 (1995) pp. 8577-8592
-------- -------- --- Thank You --- -------- --------

Using a Gaussian width (1/beta) of 0.298423 nm for LJ Ewald
Will do PME sum in reciprocal space for electrostatic interactions.

++++ PLEASE READ AND CITE THE FOLLOWING REFERENCE ++++
U. Essmann, L. Perera, M. L. Berkowitz, T. Darden, H. Lee and L. G. Pedersen 
A smooth particle mesh Ewald method
J. Chem. Phys. 103 (1995) pp. 8577-8592
-------- -------- --- Thank You --- -------- --------

Using a Gaussian width (1/beta) of 0.320163 nm for Ewald
Potential shift: LJ r^-12: -1.000e+00 r^-6: -1.000e-03, Ewald -1.000e-05
Initialized non-bonded Ewald correction tables, spacing: 9.33e-04 size: 1073

Using shifted Lennard-Jones, switch between 0 and 1 nm
Generated table with 5500 data points for 1-4 COUL.
Tabscale = 500 points/nm
Generated table with 5500 data points for 1-4 LJ6.
Tabscale = 500 points/nm
Generated table with 5500 data points for 1-4 LJ12.
Tabscale = 500 points/nm

Using SIMD 4x4 nonbonded short-range kernels

Using a 4x4 pair-list setup:
  updated every 100 steps, buffer 0.000 nm, rlist 1.000 nm
At tolerance 0.005 kJ/mol/ps per atom, equivalent classical 1x1 list would be:
  updated every 100 steps, buffer 0.021 nm, rlist 1.021 nm

Removing pbc first time

Initializing Parallel LINear Constraint Solver

++++ PLEASE READ AND CITE THE FOLLOWING REFERENCE ++++
B. Hess
P-LINCS: A Parallel Linear Constraint Solver for molecular simulation
J. Chem. Theory Comput. 4 (2008) pp. 116-122
-------- -------- --- Thank You --- -------- --------

The number of constraints is 38464
There are inter charge-group constraints,
will communicate selected coordinates each lincs iteration

Linking all bonded interactions to atoms


Intra-simulation communication will occur every 10 steps.
Center of mass motion removal mode is Linear
We have the following groups for center of mass motion removal:
  0:  rest

++++ PLEASE READ AND CITE THE FOLLOWING REFERENCE ++++
G. Bussi, D. Donadio and M. Parrinello
Canonical sampling through velocity rescaling
J. Chem. Phys. 126 (2007) pp. 014101
-------- -------- --- Thank You --- -------- --------

There are: 64064 Atoms
Atom distribution over 20 domains: av 3203 stddev 40 min 3184 max 3224

Constraining the starting coordinates (step 0)

Constraining the coordinates at t0-dt (step 0)
RMS relative constraint deviation after constraining: 3.33e-06
Initial temperature: 300.264 K

Started mdrun on rank 0 Tue Mar 10 09:07:42 2020
           Step           Time
              0        0.00000

   Energies (kJ/mol)
           Bond          Angle Ryckaert-Bell.  Improper Dih.          LJ-14
    2.14954e+03    1.12102e+04   -4.91497e+03    3.64026e+02    1.54338e+04
     Coulomb-14        LJ (SR)   Coulomb (SR)   Coul. recip.      LJ recip.
    5.49639e+04   -1.56653e+04   -1.14737e+05    2.85112e+03   -1.82124e+05
      Potential    Kinetic En.   Total Energy  Conserved En.    Temperature
   -2.30469e+05    1.92021e+05   -3.84479e+04   -3.84479e+04    3.00469e+02
 Pressure (bar)   Constr. rmsd
   -3.62924e+03    3.95833e-06

DD  step 99 load imb.: force 13.7%  pme mesh/force 0.483


step 200 Turning on dynamic load balancing, because the performance loss due to load imbalance is 7.6 %.

DD  step 999  vol min/aver 0.918  load imb.: force  5.7%  pme mesh/force 0.424

           Step           Time
           1000        2.00000

   Energies (kJ/mol)
           Bond          Angle Ryckaert-Bell.  Improper Dih.          LJ-14
    3.40772e+04    1.23444e+05    9.10042e+02    9.23881e+03    2.64733e+04
     Coulomb-14        LJ (SR)   Coulomb (SR)   Coul. recip.      LJ recip.
    5.51414e+04   -3.77071e+03   -1.14561e+05    3.19835e+03   -1.82995e+05
      Potential    Kinetic En.   Total Energy  Conserved En.    Temperature
   -4.88439e+04    1.91267e+05    1.42423e+05   -3.13756e+04    2.99289e+02
 Pressure (bar)   Constr. rmsd
   -1.18498e+03    3.98073e-06

DD  step 1999  vol min/aver 0.936  load imb.: force  4.2%  pme mesh/force 0.414

           Step           Time
           2000        4.00000

   Energies (kJ/mol)
           Bond          Angle Ryckaert-Bell.  Improper Dih.          LJ-14
    3.38853e+04    1.25181e+05    1.80431e+03    8.94462e+03    2.70068e+04
     Coulomb-14        LJ (SR)   Coulomb (SR)   Coul. recip.      LJ recip.
    5.52724e+04   -4.77973e+03   -1.14767e+05    3.27133e+03   -1.82922e+05
      Potential    Kinetic En.   Total Energy  Conserved En.    Temperature
   -4.71033e+04    1.89228e+05    1.42125e+05   -3.13127e+04    2.96099e+02
 Pressure (bar)   Constr. rmsd
   -9.50291e+02    3.96675e-06

DD  step 2999  vol min/aver 0.911  load imb.: force 10.4%  pme mesh/force 0.438

           Step           Time
           3000        6.00000

   Energies (kJ/mol)
           Bond          Angle Ryckaert-Bell.  Improper Dih.          LJ-14
    3.35919e+04    1.24312e+05    2.07353e+03    8.93219e+03    2.71494e+04
     Coulomb-14        LJ (SR)   Coulomb (SR)   Coul. recip.      LJ recip.
    5.52785e+04   -5.21277e+03   -1.14774e+05    3.37219e+03   -1.82848e+05
      Potential    Kinetic En.   Total Energy  Conserved En.    Temperature
   -4.81257e+04    1.90374e+05    1.42248e+05   -3.13410e+04    2.97892e+02
 Pressure (bar)   Constr. rmsd
   -9.30192e+02    4.07594e-06

DD  step 3999  vol min/aver 0.924  load imb.: force  6.7%  pme mesh/force 0.432

           Step           Time
           4000        8.00000

   Energies (kJ/mol)
           Bond          Angle Ryckaert-Bell.  Improper Dih.          LJ-14
    3.40453e+04    1.25917e+05    2.34327e+03    9.03709e+03    2.76417e+04
     Coulomb-14        LJ (SR)   Coulomb (SR)   Coul. recip.      LJ recip.
    5.53718e+04   -5.35022e+03   -1.14901e+05    3.39975e+03   -1.82891e+05
      Potential    Kinetic En.   Total Energy  Conserved En.    Temperature
   -4.53862e+04    1.90517e+05    1.45131e+05   -3.11604e+04    2.98116e+02
 Pressure (bar)   Constr. rmsd
   -9.24289e+02    4.04638e-06

DD  step 4999  vol min/aver 0.936  load imb.: force  4.9%  pme mesh/force 0.431

           Step           Time
           5000       10.00000

   Energies (kJ/mol)
           Bond          Angle Ryckaert-Bell.  Improper Dih.          LJ-14
    3.37205e+04    1.24356e+05    2.36062e+03    8.94753e+03    2.74372e+04
     Coulomb-14        LJ (SR)   Coulomb (SR)   Coul. recip.      LJ recip.
    5.54273e+04   -5.49965e+03   -1.14936e+05    3.51373e+03   -1.82842e+05
      Potential    Kinetic En.   Total Energy  Conserved En.    Temperature
   -4.75148e+04    1.90615e+05    1.43100e+05   -3.11654e+04    2.98269e+02
 Pressure (bar)   Constr. rmsd
   -9.83281e+02    4.01460e-06

DD  step 5999  vol min/aver 0.954  load imb.: force  3.6%  pme mesh/force 0.433

           Step           Time
           6000       12.00000

   Energies (kJ/mol)
           Bond          Angle Ryckaert-Bell.  Improper Dih.          LJ-14
    3.34858e+04    1.25633e+05    2.58709e+03    8.95870e+03    2.72544e+04
     Coulomb-14        LJ (SR)   Coulomb (SR)   Coul. recip.      LJ recip.
    5.54520e+04   -5.73168e+03   -1.14992e+05    3.58648e+03   -1.82828e+05
      Potential    Kinetic En.   Total Energy  Conserved En.    Temperature
   -4.65940e+04    1.90124e+05    1.43530e+05   -3.10902e+04    2.97501e+02
 Pressure (bar)   Constr. rmsd
   -9.82110e+02    4.00340e-06

DD  step 6999  vol min/aver 0.939  load imb.: force  4.4%  pme mesh/force 0.416

           Step           Time
           7000       14.00000

   Energies (kJ/mol)
           Bond          Angle Ryckaert-Bell.  Improper Dih.          LJ-14
    3.38085e+04    1.25650e+05    2.58907e+03    8.87426e+03    2.72119e+04
     Coulomb-14        LJ (SR)   Coulomb (SR)   Coul. recip.      LJ recip.
    5.54111e+04   -5.60675e+03   -1.14835e+05    3.67790e+03   -1.82762e+05
      Potential    Kinetic En.   Total Energy  Conserved En.    Temperature
   -4.59812e+04    1.90719e+05    1.44738e+05   -3.10403e+04    2.98432e+02
 Pressure (bar)   Constr. rmsd
   -9.66159e+02    4.03841e-06

DD  step 7999  vol min/aver 0.935  load imb.: force  3.9%  pme mesh/force 0.432


step 8000 Turning off dynamic load balancing, because it is degrading performance.

Atom distribution over 20 domains: av 3203 stddev 45 min 3137 max 3251
           Step           Time
           8000       16.00000

   Energies (kJ/mol)
           Bond          Angle Ryckaert-Bell.  Improper Dih.          LJ-14
    3.33846e+04    1.25037e+05    2.74433e+03    8.75204e+03    2.75200e+04
     Coulomb-14        LJ (SR)   Coulomb (SR)   Coul. recip.      LJ recip.
    5.54562e+04   -6.06980e+03   -1.14947e+05    3.75544e+03   -1.82769e+05
      Potential    Kinetic En.   Total Energy  Conserved En.    Temperature
   -4.71360e+04    1.90440e+05    1.43304e+05   -3.09928e+04    2.97995e+02
 Pressure (bar)   Constr. rmsd
   -1.01962e+03    4.04385e-06

DD  step 8999 load imb.: force  7.7%  pme mesh/force 0.436

           Step           Time
           9000       18.00000

   Energies (kJ/mol)
           Bond          Angle Ryckaert-Bell.  Improper Dih.          LJ-14
    3.37419e+04    1.24947e+05    2.70120e+03    8.98084e+03    2.73029e+04
     Coulomb-14        LJ (SR)   Coulomb (SR)   Coul. recip.      LJ recip.
    5.54481e+04   -6.31822e+03   -1.14910e+05    3.84279e+03   -1.82794e+05
      Potential    Kinetic En.   Total Energy  Conserved En.    Temperature
   -4.70579e+04    1.90753e+05    1.43696e+05   -3.07978e+04    2.98486e+02
 Pressure (bar)   Constr. rmsd
   -1.21332e+03    4.12062e-06

DD  step 9999 load imb.: force  8.1%  pme mesh/force 0.416


step 10000 Turning on dynamic load balancing, because the performance loss due to load imbalance is 4.3 %.

           Step           Time
          10000       20.00000

   Energies (kJ/mol)
           Bond          Angle Ryckaert-Bell.  Improper Dih.          LJ-14
    3.36324e+04    1.25787e+05    2.94451e+03    8.84856e+03    2.74298e+04
     Coulomb-14        LJ (SR)   Coulomb (SR)   Coul. recip.      LJ recip.
    5.54476e+04   -6.06148e+03   -1.14941e+05    3.87813e+03   -1.82741e+05
      Potential    Kinetic En.   Total Energy  Conserved En.    Temperature
   -4.57748e+04    1.91024e+05    1.45249e+05   -3.08009e+04    2.98909e+02
 Pressure (bar)   Constr. rmsd
   -1.14137e+03    4.04295e-06

DD  step 10999  vol min/aver 0.932  load imb.: force  4.6%  pme mesh/force 0.442

           Step           Time
          11000       22.00000

   Energies (kJ/mol)
           Bond          Angle Ryckaert-Bell.  Improper Dih.          LJ-14
    3.36580e+04    1.25812e+05    2.90674e+03    8.99020e+03    2.73913e+04
     Coulomb-14        LJ (SR)   Coulomb (SR)   Coul. recip.      LJ recip.
    5.54611e+04   -5.90535e+03   -1.14951e+05    3.88018e+03   -1.82758e+05
      Potential    Kinetic En.   Total Energy  Conserved En.    Temperature
   -4.55147e+04    1.90212e+05    1.44697e+05   -3.07086e+04    2.97638e+02
 Pressure (bar)   Constr. rmsd
   -1.09583e+03    4.09681e-06

DD  step 11999  vol min/aver 0.936  load imb.: force  2.9%  pme mesh/force 0.445

           Step           Time
          12000       24.00000

   Energies (kJ/mol)
           Bond          Angle Ryckaert-Bell.  Improper Dih.          LJ-14
    3.40284e+04    1.25812e+05    2.87586e+03    8.85551e+03    2.75584e+04
     Coulomb-14        LJ (SR)   Coulomb (SR)   Coul. recip.      LJ recip.
    5.55490e+04   -6.00295e+03   -1.15044e+05    3.98643e+03   -1.82742e+05
      Potential    Kinetic En.   Total Energy  Conserved En.    Temperature
   -4.51232e+04    1.90564e+05    1.45441e+05   -3.05859e+04    2.98189e+02
 Pressure (bar)   Constr. rmsd
   -1.22854e+03    4.06357e-06

DD  step 12999  vol min/aver 0.950  load imb.: force  2.6%  pme mesh/force 0.438

           Step           Time
          13000       26.00000

   Energies (kJ/mol)
           Bond          Angle Ryckaert-Bell.  Improper Dih.          LJ-14
    3.34810e+04    1.25138e+05    3.06945e+03    9.10691e+03    2.73671e+04
     Coulomb-14        LJ (SR)   Coulomb (SR)   Coul. recip.      LJ recip.
    5.55291e+04   -6.08270e+03   -1.14981e+05    3.99730e+03   -1.82772e+05
      Potential    Kinetic En.   Total Energy  Conserved En.    Temperature
   -4.61472e+04    1.91144e+05    1.44997e+05   -3.05932e+04    2.99097e+02
 Pressure (bar)   Constr. rmsd
   -9.71293e+02    4.09383e-06

DD  step 13999  vol min/aver 0.964  load imb.: force  4.9%  pme mesh/force 0.443

           Step           Time
          14000       28.00000

   Energies (kJ/mol)
           Bond          Angle Ryckaert-Bell.  Improper Dih.          LJ-14
    3.36101e+04    1.26989e+05    3.08389e+03    8.69957e+03    2.76209e+04
     Coulomb-14        LJ (SR)   Coulomb (SR)   Coul. recip.      LJ recip.
    5.55578e+04   -6.44238e+03   -1.15022e+05    4.04747e+03   -1.82740e+05
      Potential    Kinetic En.   Total Energy  Conserved En.    Temperature
   -4.45962e+04    1.90827e+05    1.46230e+05   -3.04118e+04    2.98600e+02
 Pressure (bar)   Constr. rmsd
   -1.04742e+03    4.02717e-06

DD  step 14999  vol min/aver 0.918  load imb.: force  9.2%  pme mesh/force 0.421

           Step           Time
          15000       30.00000

   Energies (kJ/mol)
           Bond          Angle Ryckaert-Bell.  Improper Dih.          LJ-14
    3.37514e+04    1.25490e+05    3.23121e+03    8.87133e+03    2.76892e+04
     Coulomb-14        LJ (SR)   Coulomb (SR)   Coul. recip.      LJ recip.
    5.56116e+04   -6.23301e+03   -1.15125e+05    4.06709e+03   -1.82751e+05
      Potential    Kinetic En.   Total Energy  Conserved En.    Temperature
   -4.53971e+04    1.91330e+05    1.45933e+05   -3.04227e+04    2.99388e+02
 Pressure (bar)   Constr. rmsd
   -1.02935e+03    4.05052e-06

DD  step 15999  vol min/aver 0.848  load imb.: force  3.6%  pme mesh/force 0.485

           Step           Time
          16000       32.00000

   Energies (kJ/mol)
           Bond          Angle Ryckaert-Bell.  Improper Dih.          LJ-14
    3.43103e+04    1.24668e+05    3.13977e+03    8.87153e+03    2.77095e+04
     Coulomb-14        LJ (SR)   Coulomb (SR)   Coul. recip.      LJ recip.
    5.55280e+04   -6.00648e+03   -1.14944e+05    4.09715e+03   -1.82754e+05
      Potential    Kinetic En.   Total Energy  Conserved En.    Temperature
   -4.53802e+04    1.91038e+05    1.45658e+05   -3.03357e+04    2.98931e+02
 Pressure (bar)   Constr. rmsd
   -1.44110e+03    4.07842e-06

DD  step 16999  vol min/aver 0.843  load imb.: force  6.9%  pme mesh/force 0.425

           Step           Time
          17000       34.00000

   Energies (kJ/mol)
           Bond          Angle Ryckaert-Bell.  Improper Dih.          LJ-14
    3.45085e+04    1.25589e+05    3.32868e+03    8.59978e+03    2.74499e+04
     Coulomb-14        LJ (SR)   Coulomb (SR)   Coul. recip.      LJ recip.
    5.55853e+04   -6.23846e+03   -1.15019e+05    4.13358e+03   -1.82743e+05
      Potential    Kinetic En.   Total Energy  Conserved En.    Temperature
   -4.48052e+04    1.89734e+05    1.44929e+05   -3.01751e+04    2.96890e+02
 Pressure (bar)   Constr. rmsd
   -1.63669e+03    4.01964e-06

DD  step 17999  vol min/aver 0.856  load imb.: force 18.3%  pme mesh/force 0.396

           Step           Time
          18000       36.00000

   Energies (kJ/mol)
           Bond          Angle Ryckaert-Bell.  Improper Dih.          LJ-14
    3.36640e+04    1.25483e+05    3.24728e+03    8.92764e+03    2.74712e+04
     Coulomb-14        LJ (SR)   Coulomb (SR)   Coul. recip.      LJ recip.
    5.55882e+04   -6.54482e+03   -1.15015e+05    4.17075e+03   -1.82760e+05
      Potential    Kinetic En.   Total Energy  Conserved En.    Temperature
   -4.57676e+04    1.91144e+05    1.45376e+05   -3.01620e+04    2.99097e+02
 Pressure (bar)   Constr. rmsd
   -1.24773e+03    4.15503e-06

DD  step 18999  vol min/aver 0.850  load imb.: force  8.1%  pme mesh/force 0.424

           Step           Time
          19000       38.00000

   Energies (kJ/mol)
           Bond          Angle Ryckaert-Bell.  Improper Dih.          LJ-14
    3.38074e+04    1.25745e+05    3.13061e+03    8.60660e+03    2.75935e+04
     Coulomb-14        LJ (SR)   Coulomb (SR)   Coul. recip.      LJ recip.
    5.56097e+04   -6.06762e+03   -1.15003e+05    4.22315e+03   -1.82739e+05
      Potential    Kinetic En.   Total Energy  Conserved En.    Temperature
   -4.50937e+04    1.90495e+05    1.45402e+05   -3.00877e+04    2.98082e+02
 Pressure (bar)   Constr. rmsd
   -1.22496e+03    4.07339e-06

DD  step 19999  vol min/aver 0.903  load imb.: force  4.8%  pme mesh/force 0.445

           Step           Time
          20000       40.00000

   Energies (kJ/mol)
           Bond          Angle Ryckaert-Bell.  Improper Dih.          LJ-14
    3.39962e+04    1.25201e+05    3.23791e+03    9.20639e+03    2.75311e+04
     Coulomb-14        LJ (SR)   Coulomb (SR)   Coul. recip.      LJ recip.
    5.56714e+04   -6.49259e+03   -1.15147e+05    4.25137e+03   -1.82742e+05
      Potential    Kinetic En.   Total Energy  Conserved En.    Temperature
   -4.52858e+04    1.90480e+05    1.45194e+05   -2.99958e+04    2.98058e+02
 Pressure (bar)   Constr. rmsd
   -1.35856e+03    4.03210e-06

DD  step 20999  vol min/aver 0.898  load imb.: force  4.0%  pme mesh/force 0.463

           Step           Time
          21000       42.00000

   Energies (kJ/mol)
           Bond          Angle Ryckaert-Bell.  Improper Dih.          LJ-14
    3.37107e+04    1.27423e+05    3.04229e+03    8.97651e+03    2.73714e+04
     Coulomb-14        LJ (SR)   Coulomb (SR)   Coul. recip.      LJ recip.
    5.56270e+04   -6.75377e+03   -1.15013e+05    4.27696e+03   -1.82731e+05
      Potential    Kinetic En.   Total Energy  Conserved En.    Temperature
   -4.40695e+04    1.90670e+05    1.46600e+05   -2.98340e+04    2.98355e+02
 Pressure (bar)   Constr. rmsd
   -1.49953e+03    4.05785e-06

DD  step 21999  vol min/aver 0.888  load imb.: force  3.5%  pme mesh/force 0.462

           Step           Time
          22000       44.00000

   Energies (kJ/mol)
           Bond          Angle Ryckaert-Bell.  Improper Dih.          LJ-14
    3.41673e+04    1.25791e+05    3.05551e+03    8.88020e+03    2.73810e+04
     Coulomb-14        LJ (SR)   Coulomb (SR)   Coul. recip.      LJ recip.
    5.56606e+04   -6.59820e+03   -1.15087e+05    4.27585e+03   -1.82696e+05
      Potential    Kinetic En.   Total Energy  Conserved En.    Temperature
   -4.51693e+04    1.90705e+05    1.45535e+05   -2.98435e+04    2.98409e+02
 Pressure (bar)   Constr. rmsd
   -1.43314e+03    4.01876e-06

DD  step 22999  vol min/aver 0.903  load imb.: force  3.3%  pme mesh/force 0.453

           Step           Time
          23000       46.00000

   Energies (kJ/mol)
           Bond          Angle Ryckaert-Bell.  Improper Dih.          LJ-14
    3.39838e+04    1.26005e+05    3.04448e+03    8.81854e+03    2.76368e+04
     Coulomb-14        LJ (SR)   Coulomb (SR)   Coul. recip.      LJ recip.
    5.56461e+04   -6.63007e+03   -1.15115e+05    4.25096e+03   -1.82687e+05
      Potential    Kinetic En.   Total Energy  Conserved En.    Temperature
   -4.50476e+04    1.90082e+05    1.45034e+05   -2.96857e+04    2.97435e+02
 Pressure (bar)   Constr. rmsd
   -1.55140e+03    4.05277e-06

DD  step 23999  vol min/aver 0.871  load imb.: force  4.2%  pme mesh/force 0.459

           Step           Time
          24000       48.00000

   Energies (kJ/mol)
           Bond          Angle Ryckaert-Bell.  Improper Dih.          LJ-14
    3.43933e+04    1.25743e+05    3.07565e+03    8.82325e+03    2.72434e+04
     Coulomb-14        LJ (SR)   Coulomb (SR)   Coul. recip.      LJ recip.
    5.56251e+04   -6.54690e+03   -1.15079e+05    4.25183e+03   -1.82692e+05
      Potential    Kinetic En.   Total Energy  Conserved En.    Temperature
   -4.51632e+04    1.90724e+05    1.45561e+05   -2.96610e+04    2.98441e+02
 Pressure (bar)   Constr. rmsd
   -1.51200e+03    4.02108e-06

DD  step 24999  vol min/aver 0.873  load imb.: force  6.0%  pme mesh/force 0.460

           Step           Time
          25000       50.00000

   Energies (kJ/mol)
           Bond          Angle Ryckaert-Bell.  Improper Dih.          LJ-14
    3.36387e+04    1.25821e+05    3.11132e+03    8.95947e+03    2.76200e+04
     Coulomb-14        LJ (SR)   Coulomb (SR)   Coul. recip.      LJ recip.
    5.56849e+04   -6.06473e+03   -1.15143e+05    4.25267e+03   -1.82762e+05
      Potential    Kinetic En.   Total Energy  Conserved En.    Temperature
   -4.48823e+04    1.89748e+05    1.44865e+05   -2.95245e+04    2.96912e+02
 Pressure (bar)   Constr. rmsd
   -1.37452e+03    4.04804e-06

DD  step 25999  vol min/aver 0.895  load imb.: force  7.6%  pme mesh/force 0.454

           Step           Time
          26000       52.00000

   Energies (kJ/mol)
           Bond          Angle Ryckaert-Bell.  Improper Dih.          LJ-14
    3.40098e+04    1.25014e+05    3.23590e+03    8.99556e+03    2.75253e+04
     Coulomb-14        LJ (SR)   Coulomb (SR)   Coul. recip.      LJ recip.
    5.57402e+04   -6.37169e+03   -1.15184e+05    4.34197e+03   -1.82709e+05
      Potential    Kinetic En.   Total Energy  Conserved En.    Temperature
   -4.54021e+04    1.91169e+05    1.45767e+05   -2.95198e+04    2.99136e+02
 Pressure (bar)   Constr. rmsd
   -1.21199e+03    4.07850e-06

DD  step 26999  vol min/aver 0.892  load imb.: force  7.7%  pme mesh/force 0.461

           Step           Time
          27000       54.00000

   Energies (kJ/mol)
           Bond          Angle Ryckaert-Bell.  Improper Dih.          LJ-14
    3.37015e+04    1.25529e+05    3.33554e+03    8.80801e+03    2.73396e+04
     Coulomb-14        LJ (SR)   Coulomb (SR)   Coul. recip.      LJ recip.
    5.57324e+04   -6.36752e+03   -1.15209e+05    4.33353e+03   -1.82778e+05
      Potential    Kinetic En.   Total Energy  Conserved En.    Temperature
   -4.55756e+04    1.89902e+05    1.44326e+05   -2.93320e+04    2.97154e+02
 Pressure (bar)   Constr. rmsd
   -1.28539e+03    3.95222e-06

DD  step 27999  vol min/aver 0.908  load imb.: force  2.5%  pme mesh/force 0.456

           Step           Time
          28000       56.00000

   Energies (kJ/mol)
           Bond          Angle Ryckaert-Bell.  Improper Dih.          LJ-14
    3.39578e+04    1.26456e+05    3.09573e+03    8.95181e+03    2.75655e+04
     Coulomb-14        LJ (SR)   Coulomb (SR)   Coul. recip.      LJ recip.
    5.57274e+04   -6.52527e+03   -1.15165e+05    4.40062e+03   -1.82734e+05
      Potential    Kinetic En.   Total Energy  Conserved En.    Temperature
   -4.42696e+04    1.89898e+05    1.45628e+05   -2.92106e+04    2.97146e+02
 Pressure (bar)   Constr. rmsd
   -1.45823e+03    4.04579e-06

DD  step 28999  vol min/aver 0.919  load imb.: force  6.3%  pme mesh/force 0.437

           Step           Time
          29000       58.00000

   Energies (kJ/mol)
           Bond          Angle Ryckaert-Bell.  Improper Dih.          LJ-14
    3.34798e+04    1.25049e+05    3.20050e+03    8.75669e+03    2.73869e+04
     Coulomb-14        LJ (SR)   Coulomb (SR)   Coul. recip.      LJ recip.
    5.57658e+04   -6.43369e+03   -1.15228e+05    4.42834e+03   -1.82718e+05
      Potential    Kinetic En.   Total Energy  Conserved En.    Temperature
   -4.63135e+04    1.90800e+05    1.44487e+05   -2.92253e+04    2.98559e+02
 Pressure (bar)   Constr. rmsd
   -1.49744e+03    4.03140e-06

DD  step 29999  vol min/aver 0.916  load imb.: force  3.1%  pme mesh/force 0.423

           Step           Time
          30000       60.00000

   Energies (kJ/mol)
           Bond          Angle Ryckaert-Bell.  Improper Dih.          LJ-14
    3.38308e+04    1.25796e+05    3.09967e+03    8.83600e+03    2.73120e+04
     Coulomb-14        LJ (SR)   Coulomb (SR)   Coul. recip.      LJ recip.
    5.57217e+04   -6.87359e+03   -1.15135e+05    4.41648e+03   -1.82757e+05
      Potential    Kinetic En.   Total Energy  Conserved En.    Temperature
   -4.57535e+04    1.90708e+05    1.44955e+05   -2.91238e+04    2.98415e+02
 Pressure (bar)   Constr. rmsd
   -1.49595e+03    4.04645e-06

DD  step 30999  vol min/aver 0.914  load imb.: force  4.8%  pme mesh/force 0.445

           Step           Time
          31000       62.00000

   Energies (kJ/mol)
           Bond          Angle Ryckaert-Bell.  Improper Dih.          LJ-14
    3.38960e+04    1.26070e+05    3.12785e+03    8.84041e+03    2.74730e+04
     Coulomb-14        LJ (SR)   Coulomb (SR)   Coul. recip.      LJ recip.
    5.57958e+04   -6.84491e+03   -1.15220e+05    4.42757e+03   -1.82747e+05
      Potential    Kinetic En.   Total Energy  Conserved En.    Temperature
   -4.51809e+04    1.90463e+05    1.45282e+05   -2.90123e+04    2.98032e+02
 Pressure (bar)   Constr. rmsd
   -1.20001e+03    4.06461e-06

DD  step 31999  vol min/aver 0.890  load imb.: force  5.6%  pme mesh/force 0.468

           Step           Time
          32000       64.00000

   Energies (kJ/mol)
           Bond          Angle Ryckaert-Bell.  Improper Dih.          LJ-14
    3.37996e+04    1.24502e+05    3.28811e+03    8.98559e+03    2.71079e+04
     Coulomb-14        LJ (SR)   Coulomb (SR)   Coul. recip.      LJ recip.
    5.57683e+04   -6.94456e+03   -1.15191e+05    4.46405e+03   -1.82757e+05
      Potential    Kinetic En.   Total Energy  Conserved En.    Temperature
   -4.69778e+04    1.90938e+05    1.43961e+05   -2.91065e+04    2.98775e+02
 Pressure (bar)   Constr. rmsd
   -1.58835e+03    4.05893e-06

DD  step 32999  vol min/aver 0.899  load imb.: force 16.3%  pme mesh/force 0.429

           Step           Time
          33000       66.00000

   Energies (kJ/mol)
           Bond          Angle Ryckaert-Bell.  Improper Dih.          LJ-14
    3.36011e+04    1.26164e+05    3.32837e+03    9.14400e+03    2.75460e+04
     Coulomb-14        LJ (SR)   Coulomb (SR)   Coul. recip.      LJ recip.
    5.57667e+04   -6.45082e+03   -1.15199e+05    4.49740e+03   -1.82741e+05
      Potential    Kinetic En.   Total Energy  Conserved En.    Temperature
   -4.43425e+04    1.90787e+05    1.46444e+05   -2.89336e+04    2.98538e+02
 Pressure (bar)   Constr. rmsd
   -1.56646e+03    4.09762e-06

DD  step 33999  vol min/aver 0.789  load imb.: force  0.9%  pme mesh/force 0.492

           Step           Time
          34000       68.00000

   Energies (kJ/mol)
           Bond          Angle Ryckaert-Bell.  Improper Dih.          LJ-14
    3.42296e+04    1.25271e+05    3.18907e+03    9.11505e+03    2.73958e+04
     Coulomb-14        LJ (SR)   Coulomb (SR)   Coul. recip.      LJ recip.
    5.58140e+04   -7.01236e+03   -1.15276e+05    4.51827e+03   -1.82747e+05
      Potential    Kinetic En.   Total Energy  Conserved En.    Temperature
   -4.55029e+04    1.90468e+05    1.44966e+05   -2.87752e+04    2.98040e+02
 Pressure (bar)   Constr. rmsd
   -1.27248e+03    4.10460e-06

DD  step 34999  vol min/aver 0.788  load imb.: force  2.3%  pme mesh/force 0.495

           Step           Time
          35000       70.00000

   Energies (kJ/mol)
           Bond          Angle Ryckaert-Bell.  Improper Dih.          LJ-14
    3.41558e+04    1.25218e+05    3.28819e+03    9.01484e+03    2.73864e+04
     Coulomb-14        LJ (SR)   Coulomb (SR)   Coul. recip.      LJ recip.
    5.57660e+04   -7.18599e+03   -1.15205e+05    4.52124e+03   -1.82756e+05
      Potential    Kinetic En.   Total Energy  Conserved En.    Temperature
   -4.57967e+04    1.90230e+05    1.44433e+05   -2.86990e+04    2.97666e+02
 Pressure (bar)   Constr. rmsd
   -1.47979e+03    4.02869e-06

DD  step 35999  vol min/aver 0.923  load imb.: force  6.4%  pme mesh/force 0.418

           Step           Time
          36000       72.00000

   Energies (kJ/mol)
           Bond          Angle Ryckaert-Bell.  Improper Dih.          LJ-14
    3.40569e+04    1.25540e+05    3.27006e+03    8.86668e+03    2.73206e+04
     Coulomb-14        LJ (SR)   Coulomb (SR)   Coul. recip.      LJ recip.
    5.57956e+04   -7.27464e+03   -1.15191e+05    4.57214e+03   -1.82725e+05
      Potential    Kinetic En.   Total Energy  Conserved En.    Temperature
   -4.57682e+04    1.89702e+05    1.43933e+05   -2.85785e+04    2.96840e+02
 Pressure (bar)   Constr. rmsd
   -1.61663e+03    4.05665e-06

DD  step 36999  vol min/aver 0.915  load imb.: force  4.6%  pme mesh/force 0.421

           Step           Time
          37000       74.00000

   Energies (kJ/mol)
           Bond          Angle Ryckaert-Bell.  Improper Dih.          LJ-14
    3.37635e+04    1.25186e+05    3.26344e+03    8.96865e+03    2.74786e+04
     Coulomb-14        LJ (SR)   Coulomb (SR)   Coul. recip.      LJ recip.
    5.57825e+04   -7.24830e+03   -1.15227e+05    4.50647e+03   -1.82718e+05
      Potential    Kinetic En.   Total Energy  Conserved En.    Temperature
   -4.62433e+04    1.90896e+05    1.44653e+05   -2.85674e+04    2.98709e+02
 Pressure (bar)   Constr. rmsd
   -1.37442e+03    4.10241e-06

DD  step 37999  vol min/aver 0.924  load imb.: force  2.1%  pme mesh/force 0.460

           Step           Time
          38000       76.00000

   Energies (kJ/mol)
           Bond          Angle Ryckaert-Bell.  Improper Dih.          LJ-14
    3.38647e+04    1.25483e+05    3.14570e+03    8.86987e+03    2.73758e+04
     Coulomb-14        LJ (SR)   Coulomb (SR)   Coul. recip.      LJ recip.
    5.58439e+04   -6.82042e+03   -1.15328e+05    4.50392e+03   -1.82754e+05
      Potential    Kinetic En.   Total Energy  Conserved En.    Temperature
   -4.58157e+04    1.91094e+05    1.45279e+05   -2.84858e+04    2.99019e+02
 Pressure (bar)   Constr. rmsd
   -1.41591e+03    4.05658e-06

DD  step 38999  vol min/aver 0.919  load imb.: force  6.5%  pme mesh/force 0.442

           Step           Time
          39000       78.00000

   Energies (kJ/mol)
           Bond          Angle Ryckaert-Bell.  Improper Dih.          LJ-14
    3.40666e+04    1.25408e+05    3.08673e+03    8.97640e+03    2.77303e+04
     Coulomb-14        LJ (SR)   Coulomb (SR)   Coul. recip.      LJ recip.
    5.58219e+04   -6.99510e+03   -1.15281e+05    4.54684e+03   -1.82747e+05
      Potential    Kinetic En.   Total Energy  Conserved En.    Temperature
   -4.53859e+04    1.90473e+05    1.45087e+05   -2.83700e+04    2.98047e+02
 Pressure (bar)   Constr. rmsd
   -1.15810e+03    4.08300e-06

DD  step 39999  vol min/aver 0.927  load imb.: force  4.6%  pme mesh/force 0.430

           Step           Time
          40000       80.00000

   Energies (kJ/mol)
           Bond          Angle Ryckaert-Bell.  Improper Dih.          LJ-14
    3.37220e+04    1.25642e+05    3.06956e+03    8.92575e+03    2.75336e+04
     Coulomb-14        LJ (SR)   Coulomb (SR)   Coul. recip.      LJ recip.
    5.57797e+04   -7.03650e+03   -1.15182e+05    4.48613e+03   -1.82699e+05
      Potential    Kinetic En.   Total Energy  Conserved En.    Temperature
   -4.57587e+04    1.90953e+05    1.45194e+05   -2.82881e+04    2.98798e+02
 Pressure (bar)   Constr. rmsd
   -1.49543e+03    4.10644e-06

DD  step 40999  vol min/aver 0.900  load imb.: force  3.2%  pme mesh/force 0.450

           Step           Time
          41000       82.00000

   Energies (kJ/mol)
           Bond          Angle Ryckaert-Bell.  Improper Dih.          LJ-14
    3.40393e+04    1.25693e+05    3.19262e+03    8.85384e+03    2.72732e+04
     Coulomb-14        LJ (SR)   Coulomb (SR)   Coul. recip.      LJ recip.
    5.58310e+04   -6.66248e+03   -1.15275e+05    4.49129e+03   -1.82719e+05
      Potential    Kinetic En.   Total Energy  Conserved En.    Temperature
   -4.52822e+04    1.90677e+05    1.45394e+05   -2.82416e+04    2.98366e+02
 Pressure (bar)   Constr. rmsd
   -1.47038e+03    4.08099e-06

DD  step 41999  vol min/aver 0.876  load imb.: force  6.0%  pme mesh/force 0.454

           Step           Time
          42000       84.00000

   Energies (kJ/mol)
           Bond          Angle Ryckaert-Bell.  Improper Dih.          LJ-14
    3.39642e+04    1.25445e+05    3.21477e+03    8.90252e+03    2.76667e+04
     Coulomb-14        LJ (SR)   Coulomb (SR)   Coul. recip.      LJ recip.
    5.57567e+04   -6.78173e+03   -1.15234e+05    4.48146e+03   -1.82737e+05
      Potential    Kinetic En.   Total Energy  Conserved En.    Temperature
   -4.53221e+04    1.88478e+05    1.43156e+05   -2.80129e+04    2.94926e+02
 Pressure (bar)   Constr. rmsd
   -1.04701e+03    3.98674e-06

DD  step 42999  vol min/aver 0.882  load imb.: force  6.1%  pme mesh/force 0.423

           Step           Time
          43000       86.00000

   Energies (kJ/mol)
           Bond          Angle Ryckaert-Bell.  Improper Dih.          LJ-14
    3.40703e+04    1.25315e+05    3.04351e+03    8.80224e+03    2.72545e+04
     Coulomb-14        LJ (SR)   Coulomb (SR)   Coul. recip.      LJ recip.
    5.57353e+04   -7.05884e+03   -1.15147e+05    4.42450e+03   -1.82751e+05
      Potential    Kinetic En.   Total Energy  Conserved En.    Temperature
   -4.63114e+04    1.90514e+05    1.44202e+05   -2.80250e+04    2.98111e+02
 Pressure (bar)   Constr. rmsd
   -1.26578e+03    4.02148e-06

DD  step 43999  vol min/aver 0.911  load imb.: force 11.9%  pme mesh/force 0.434


step 44000 Turning off dynamic load balancing, because it is degrading performance.

Atom distribution over 20 domains: av 3203 stddev 50 min 3128 max 3267
           Step           Time
          44000       88.00000

   Energies (kJ/mol)
           Bond          Angle Ryckaert-Bell.  Improper Dih.          LJ-14
    3.41535e+04    1.24865e+05    3.08626e+03    8.87988e+03    2.74412e+04
     Coulomb-14        LJ (SR)   Coulomb (SR)   Coul. recip.      LJ recip.
    5.57729e+04   -7.03851e+03   -1.15241e+05    4.44169e+03   -1.82745e+05
      Potential    Kinetic En.   Total Energy  Conserved En.    Temperature
   -4.63838e+04    1.90400e+05    1.44016e+05   -2.79669e+04    2.97933e+02
 Pressure (bar)   Constr. rmsd
   -1.35690e+03    4.05651e-06

DD  step 44999 load imb.: force 13.9%  pme mesh/force 0.415

           Step           Time
          45000       90.00000

   Energies (kJ/mol)
           Bond          Angle Ryckaert-Bell.  Improper Dih.          LJ-14
    3.33405e+04    1.25470e+05    3.10150e+03    8.99118e+03    2.73205e+04
     Coulomb-14        LJ (SR)   Coulomb (SR)   Coul. recip.      LJ recip.
    5.57931e+04   -7.12640e+03   -1.15245e+05    4.44474e+03   -1.82796e+05
      Potential    Kinetic En.   Total Energy  Conserved En.    Temperature
   -4.67063e+04    1.91263e+05    1.44556e+05   -2.79524e+04    2.99283e+02
 Pressure (bar)   Constr. rmsd
   -1.24367e+03    4.02501e-06

DD  step 45999 load imb.: force  9.3%  pme mesh/force 0.437

           Step           Time
          46000       92.00000

   Energies (kJ/mol)
           Bond          Angle Ryckaert-Bell.  Improper Dih.          LJ-14
    3.36151e+04    1.25238e+05    3.16336e+03    9.01506e+03    2.74974e+04
     Coulomb-14        LJ (SR)   Coulomb (SR)   Coul. recip.      LJ recip.
    5.57318e+04   -6.78403e+03   -1.15166e+05    4.44490e+03   -1.82767e+05
      Potential    Kinetic En.   Total Energy  Conserved En.    Temperature
   -4.60115e+04    1.91136e+05    1.45124e+05   -2.78384e+04    2.99084e+02
 Pressure (bar)   Constr. rmsd
   -1.42151e+03    4.10770e-06

DD  step 46999 load imb.: force  7.8%  pme mesh/force 0.440

           Step           Time
          47000       94.00000

   Energies (kJ/mol)
           Bond          Angle Ryckaert-Bell.  Improper Dih.          LJ-14
    3.39108e+04    1.25986e+05    3.15694e+03    8.98143e+03    2.74615e+04
     Coulomb-14        LJ (SR)   Coulomb (SR)   Coul. recip.      LJ recip.
    5.58176e+04   -6.96093e+03   -1.15268e+05    4.51061e+03   -1.82768e+05
      Potential    Kinetic En.   Total Energy  Conserved En.    Temperature
   -4.51715e+04    1.89421e+05    1.44250e+05   -2.76419e+04    2.96401e+02
 Pressure (bar)   Constr. rmsd
   -1.20334e+03    4.06565e-06

DD  step 47999 load imb.: force  5.7%  pme mesh/force 0.431

           Step           Time
          48000       96.00000

   Energies (kJ/mol)
           Bond          Angle Ryckaert-Bell.  Improper Dih.          LJ-14
    3.36621e+04    1.26017e+05    3.28466e+03    9.02549e+03    2.76014e+04
     Coulomb-14        LJ (SR)   Coulomb (SR)   Coul. recip.      LJ recip.
    5.57940e+04   -6.77130e+03   -1.15234e+05    4.50675e+03   -1.82727e+05
      Potential    Kinetic En.   Total Energy  Conserved En.    Temperature
   -4.48403e+04    1.89799e+05    1.44959e+05   -2.76040e+04    2.96993e+02
 Pressure (bar)   Constr. rmsd
   -1.54065e+03    4.02977e-06

DD  step 48999 load imb.: force  8.5%  pme mesh/force 0.418

           Step           Time
          49000       98.00000

   Energies (kJ/mol)
           Bond          Angle Ryckaert-Bell.  Improper Dih.          LJ-14
    3.40682e+04    1.26225e+05    3.03069e+03    8.85986e+03    2.75375e+04
     Coulomb-14        LJ (SR)   Coulomb (SR)   Coul. recip.      LJ recip.
    5.57581e+04   -7.10622e+03   -1.15209e+05    4.52589e+03   -1.82755e+05
      Potential    Kinetic En.   Total Energy  Conserved En.    Temperature
   -4.50658e+04    1.89533e+05    1.44468e+05   -2.74315e+04    2.96577e+02
 Pressure (bar)   Constr. rmsd
   -1.40480e+03    4.02348e-06

DD  step 49999 load imb.: force  9.1%  pme mesh/force 0.421


step 50000 Turning on dynamic load balancing, because the performance loss due to load imbalance is 4.7 %.

           Step           Time
          50000      100.00000

   Energies (kJ/mol)
           Bond          Angle Ryckaert-Bell.  Improper Dih.          LJ-14
    3.37985e+04    1.25628e+05    3.07921e+03    8.85725e+03    2.74778e+04
     Coulomb-14        LJ (SR)   Coulomb (SR)   Coul. recip.      LJ recip.
    5.57763e+04   -7.36943e+03   -1.15211e+05    4.53055e+03   -1.82788e+05
      Potential    Kinetic En.   Total Energy  Conserved En.    Temperature
   -4.62207e+04    1.90450e+05    1.44229e+05   -2.74020e+04    2.98010e+02
 Pressure (bar)   Constr. rmsd
   -1.61341e+03    4.05978e-06

DD  step 50999  vol min/aver 0.918  load imb.: force  4.1%  pme mesh/force 0.438

           Step           Time
          51000      102.00000

   Energies (kJ/mol)
           Bond          Angle Ryckaert-Bell.  Improper Dih.          LJ-14
    3.37918e+04    1.26424e+05    3.13560e+03    9.08933e+03    2.74667e+04
     Coulomb-14        LJ (SR)   Coulomb (SR)   Coul. recip.      LJ recip.
    5.57962e+04   -6.85160e+03   -1.15213e+05    4.55300e+03   -1.82768e+05
      Potential    Kinetic En.   Total Energy  Conserved En.    Temperature
   -4.45750e+04    1.89513e+05    1.44938e+05   -2.72788e+04    2.96544e+02
 Pressure (bar)   Constr. rmsd
   -1.54278e+03    4.11192e-06

DD  step 51999  vol min/aver 0.924  load imb.: force  3.5%  pme mesh/force 0.424

           Step           Time
          52000      104.00000

   Energies (kJ/mol)
           Bond          Angle Ryckaert-Bell.  Improper Dih.          LJ-14
    3.43326e+04    1.25222e+05    3.09593e+03    8.74142e+03    2.72491e+04
     Coulomb-14        LJ (SR)   Coulomb (SR)   Coul. recip.      LJ recip.
    5.58085e+04   -7.08673e+03   -1.15180e+05    4.55570e+03   -1.82771e+05
      Potential    Kinetic En.   Total Energy  Conserved En.    Temperature
   -4.60326e+04    1.90621e+05    1.44588e+05   -2.72846e+04    2.98278e+02
 Pressure (bar)   Constr. rmsd
   -1.58512e+03    4.04641e-06

Writing checkpoint, step 52700 at Tue Mar 10 09:22:44 2020


DD  step 52999  vol min/aver 0.917  load imb.: force  2.9%  pme mesh/force 0.435

           Step           Time
          53000      106.00000

   Energies (kJ/mol)
           Bond          Angle Ryckaert-Bell.  Improper Dih.          LJ-14
    3.40823e+04    1.25926e+05    3.17232e+03    8.78430e+03    2.73342e+04
     Coulomb-14        LJ (SR)   Coulomb (SR)   Coul. recip.      LJ recip.
    5.58367e+04   -7.51522e+03   -1.15316e+05    4.49228e+03   -1.82804e+05
      Potential    Kinetic En.   Total Energy  Conserved En.    Temperature
   -4.60061e+04    1.90738e+05    1.44732e+05   -2.71492e+04    2.98462e+02
 Pressure (bar)   Constr. rmsd
   -1.50950e+03    4.05189e-06

DD  step 53999  vol min/aver 0.921  load imb.: force  5.1%  pme mesh/force 0.434

           Step           Time
          54000      108.00000

   Energies (kJ/mol)
           Bond          Angle Ryckaert-Bell.  Improper Dih.          LJ-14
    3.38376e+04    1.25813e+05    3.05380e+03    8.69675e+03    2.74814e+04
     Coulomb-14        LJ (SR)   Coulomb (SR)   Coul. recip.      LJ recip.
    5.58188e+04   -6.91651e+03   -1.15240e+05    4.53560e+03   -1.82784e+05
      Potential    Kinetic En.   Total Energy  Conserved En.    Temperature
   -4.57026e+04    1.89782e+05    1.44079e+05   -2.71169e+04    2.96966e+02
 Pressure (bar)   Constr. rmsd
   -1.06458e+03    4.04092e-06

DD  step 54999  vol min/aver 0.942  load imb.: force  5.6%  pme mesh/force 0.422

           Step           Time
          55000      110.00000

   Energies (kJ/mol)
           Bond          Angle Ryckaert-Bell.  Improper Dih.          LJ-14
    3.33541e+04    1.25918e+05    3.12344e+03    8.68267e+03    2.78449e+04
     Coulomb-14        LJ (SR)   Coulomb (SR)   Coul. recip.      LJ recip.
    5.58365e+04   -7.02105e+03   -1.15253e+05    4.53674e+03   -1.82787e+05
      Potential    Kinetic En.   Total Energy  Conserved En.    Temperature
   -4.57650e+04    1.90522e+05    1.44757e+05   -2.70553e+04    2.98124e+02
 Pressure (bar)   Constr. rmsd
   -1.24442e+03    4.05111e-06

DD  step 55999  vol min/aver 0.940  load imb.: force  3.6%  pme mesh/force 0.437


step 56000 Turning off dynamic load balancing, because it is degrading performance.

Atom distribution over 20 domains: av 3203 stddev 52 min 3109 max 3277
           Step           Time
          56000      112.00000

   Energies (kJ/mol)
           Bond          Angle Ryckaert-Bell.  Improper Dih.          LJ-14
    3.36597e+04    1.25760e+05    3.01960e+03    8.86977e+03    2.77204e+04
     Coulomb-14        LJ (SR)   Coulomb (SR)   Coul. recip.      LJ recip.
    5.57962e+04   -7.31178e+03   -1.15205e+05    4.57440e+03   -1.82748e+05
      Potential    Kinetic En.   Total Energy  Conserved En.    Temperature
   -4.58646e+04    1.91293e+05    1.45428e+05   -2.69256e+04    2.99330e+02
 Pressure (bar)   Constr. rmsd
   -1.44168e+03    4.09196e-06

DD  step 56999 load imb.: force  7.0%  pme mesh/force 0.433

           Step           Time
          57000      114.00000

   Energies (kJ/mol)
           Bond          Angle Ryckaert-Bell.  Improper Dih.          LJ-14
    3.34364e+04    1.25469e+05    2.96582e+03    8.84852e+03    2.75083e+04
     Coulomb-14        LJ (SR)   Coulomb (SR)   Coul. recip.      LJ recip.
    5.58156e+04   -7.18657e+03   -1.15252e+05    4.50662e+03   -1.82781e+05
      Potential    Kinetic En.   Total Energy  Conserved En.    Temperature
   -4.66688e+04    1.90277e+05    1.43609e+05   -2.68799e+04    2.97741e+02
 Pressure (bar)   Constr. rmsd
   -1.57800e+03    4.02012e-06

DD  step 57999 load imb.: force  7.1%  pme mesh/force 0.427

           Step           Time
          58000      116.00000

   Energies (kJ/mol)
           Bond          Angle Ryckaert-Bell.  Improper Dih.          LJ-14
    3.38848e+04    1.25943e+05    3.09565e+03    9.05564e+03    2.71611e+04
     Coulomb-14        LJ (SR)   Coulomb (SR)   Coul. recip.      LJ recip.
    5.57951e+04   -7.19153e+03   -1.15211e+05    4.56461e+03   -1.82755e+05
      Potential    Kinetic En.   Total Energy  Conserved En.    Temperature
   -4.56577e+04    1.90225e+05    1.44568e+05   -2.67661e+04    2.97659e+02
 Pressure (bar)   Constr. rmsd
   -1.72369e+03    4.01211e-06

DD  step 58999 load imb.: force 24.7%  pme mesh/force 0.441

           Step           Time
          59000      118.00000

   Energies (kJ/mol)
           Bond          Angle Ryckaert-Bell.  Improper Dih.          LJ-14
    3.36126e+04    1.25030e+05    3.07184e+03    8.85765e+03    2.75897e+04
     Coulomb-14        LJ (SR)   Coulomb (SR)   Coul. recip.      LJ recip.
    5.58008e+04   -6.82835e+03   -1.15199e+05    4.52006e+03   -1.82770e+05
      Potential    Kinetic En.   Total Energy  Conserved En.    Temperature
   -4.63148e+04    1.90685e+05    1.44370e+05   -2.67246e+04    2.98379e+02
 Pressure (bar)   Constr. rmsd
   -1.13457e+03    4.06978e-06

DD  step 59999 load imb.: force 23.8%  pme mesh/force 0.444


step 60000 Turning on dynamic load balancing, because the performance loss due to load imbalance is 4.7 %.

           Step           Time
          60000      120.00000

   Energies (kJ/mol)
           Bond          Angle Ryckaert-Bell.  Improper Dih.          LJ-14
    3.37330e+04    1.25771e+05    3.15739e+03    8.87519e+03    2.76661e+04
     Coulomb-14        LJ (SR)   Coulomb (SR)   Coul. recip.      LJ recip.
    5.58102e+04   -6.80649e+03   -1.15227e+05    4.54255e+03   -1.82754e+05
      Potential    Kinetic En.   Total Energy  Conserved En.    Temperature
   -4.52324e+04    1.90888e+05    1.45656e+05   -2.66146e+04    2.98697e+02
 Pressure (bar)   Constr. rmsd
   -1.46254e+03    4.02833e-06

DD  step 60999  vol min/aver 0.923  load imb.: force 10.0%  pme mesh/force 0.421

           Step           Time
          61000      122.00000

   Energies (kJ/mol)
           Bond          Angle Ryckaert-Bell.  Improper Dih.          LJ-14
    3.39243e+04    1.26038e+05    3.08306e+03    9.00640e+03    2.76145e+04
     Coulomb-14        LJ (SR)   Coulomb (SR)   Coul. recip.      LJ recip.
    5.58281e+04   -7.09185e+03   -1.15238e+05    4.56521e+03   -1.82804e+05
      Potential    Kinetic En.   Total Energy  Conserved En.    Temperature
   -4.50736e+04    1.91326e+05    1.46253e+05   -2.65071e+04    2.99382e+02
 Pressure (bar)   Constr. rmsd
   -1.42093e+03    4.04842e-06

DD  step 61999  vol min/aver 0.927  load imb.: force  3.6%  pme mesh/force 0.422

           Step           Time
          62000      124.00000

   Energies (kJ/mol)
           Bond          Angle Ryckaert-Bell.  Improper Dih.          LJ-14
    3.40372e+04    1.26189e+05    3.16247e+03    8.98036e+03    2.72950e+04
     Coulomb-14        LJ (SR)   Coulomb (SR)   Coul. recip.      LJ recip.
    5.57792e+04   -7.20401e+03   -1.15195e+05    4.64024e+03   -1.82768e+05
      Potential    Kinetic En.   Total Energy  Conserved En.    Temperature
   -4.50838e+04    1.90707e+05    1.45623e+05   -2.63691e+04    2.98413e+02
 Pressure (bar)   Constr. rmsd
   -1.80707e+03    4.03928e-06

DD  step 62999  vol min/aver 0.922  load imb.: force  9.7%  pme mesh/force 0.433

           Step           Time
          63000      126.00000

   Energies (kJ/mol)
           Bond          Angle Ryckaert-Bell.  Improper Dih.          LJ-14
    3.37625e+04    1.24649e+05    3.14169e+03    9.11194e+03    2.74497e+04
     Coulomb-14        LJ (SR)   Coulomb (SR)   Coul. recip.      LJ recip.
    5.57752e+04   -7.27966e+03   -1.15172e+05    4.61980e+03   -1.82756e+05
      Potential    Kinetic En.   Total Energy  Conserved En.    Temperature
   -4.66985e+04    1.89842e+05    1.43144e+05   -2.63226e+04    2.97060e+02
 Pressure (bar)   Constr. rmsd
   -1.71170e+03    4.04120e-06

DD  step 63999  vol min/aver 0.880  load imb.: force  6.0%  pme mesh/force 0.451

           Step           Time
          64000      128.00000

   Energies (kJ/mol)
           Bond          Angle Ryckaert-Bell.  Improper Dih.          LJ-14
    3.33132e+04    1.25213e+05    3.05792e+03    9.07122e+03    2.76769e+04
     Coulomb-14        LJ (SR)   Coulomb (SR)   Coul. recip.      LJ recip.
    5.58135e+04   -7.05583e+03   -1.15199e+05    4.60358e+03   -1.82782e+05
      Potential    Kinetic En.   Total Energy  Conserved En.    Temperature
   -4.62870e+04    1.89944e+05    1.43657e+05   -2.62422e+04    2.97220e+02
 Pressure (bar)   Constr. rmsd
   -1.51092e+03    4.03585e-06

DD  step 64999  vol min/aver 0.884  load imb.: force  2.4%  pme mesh/force 0.460

           Step           Time
          65000      130.00000

   Energies (kJ/mol)
           Bond          Angle Ryckaert-Bell.  Improper Dih.          LJ-14
    3.37625e+04    1.24993e+05    3.09177e+03    8.97752e+03    2.73730e+04
     Coulomb-14        LJ (SR)   Coulomb (SR)   Coul. recip.      LJ recip.
    5.57868e+04   -7.17960e+03   -1.15159e+05    4.62067e+03   -1.82785e+05
      Potential    Kinetic En.   Total Energy  Conserved En.    Temperature
   -4.65182e+04    1.91088e+05    1.44569e+05   -2.61969e+04    2.99009e+02
 Pressure (bar)   Constr. rmsd
   -1.48986e+03    4.07446e-06

DD  step 65999  vol min/aver 0.901  load imb.: force  5.8%  pme mesh/force 0.432

           Step           Time
          66000      132.00000

   Energies (kJ/mol)
           Bond          Angle Ryckaert-Bell.  Improper Dih.          LJ-14
    3.38899e+04    1.25498e+05    3.22387e+03    8.79297e+03    2.75115e+04
     Coulomb-14        LJ (SR)   Coulomb (SR)   Coul. recip.      LJ recip.
    5.57931e+04   -7.16793e+03   -1.15185e+05    4.54297e+03   -1.82753e+05
      Potential    Kinetic En.   Total Energy  Conserved En.    Temperature
   -4.58535e+04    1.90691e+05    1.44838e+05   -2.60979e+04    2.98389e+02
 Pressure (bar)   Constr. rmsd
   -1.65644e+03    4.15130e-06

DD  step 66999  vol min/aver 0.896  load imb.: force  4.8%  pme mesh/force 0.405

           Step           Time
          67000      134.00000

   Energies (kJ/mol)
           Bond          Angle Ryckaert-Bell.  Improper Dih.          LJ-14
    3.37749e+04    1.25477e+05    3.07934e+03    8.69008e+03    2.72144e+04
     Coulomb-14        LJ (SR)   Coulomb (SR)   Coul. recip.      LJ recip.
    5.57790e+04   -7.52584e+03   -1.15146e+05    4.63654e+03   -1.82743e+05
      Potential    Kinetic En.   Total Energy  Conserved En.    Temperature
   -4.67636e+04    1.91278e+05    1.44514e+05   -2.60325e+04    2.99307e+02
 Pressure (bar)   Constr. rmsd
   -1.68096e+03    4.09178e-06

DD  step 67999  vol min/aver 0.884  load imb.: force  6.5%  pme mesh/force 0.418

           Step           Time
          68000      136.00000

   Energies (kJ/mol)
           Bond          Angle Ryckaert-Bell.  Improper Dih.          LJ-14
    3.33778e+04    1.25498e+05    3.14617e+03    8.86591e+03    2.76564e+04
     Coulomb-14        LJ (SR)   Coulomb (SR)   Coul. recip.      LJ recip.
    5.58308e+04   -7.21775e+03   -1.15278e+05    4.58433e+03   -1.82771e+05
      Potential    Kinetic En.   Total Energy  Conserved En.    Temperature
   -4.63079e+04    1.89582e+05    1.43274e+05   -2.59246e+04    2.96653e+02
 Pressure (bar)   Constr. rmsd
   -1.48710e+03    4.05056e-06

DD  step 68999  vol min/aver 0.888  load imb.: force  3.4%  pme mesh/force 0.463

           Step           Time
          69000      138.00000

   Energies (kJ/mol)
           Bond          Angle Ryckaert-Bell.  Improper Dih.          LJ-14
    3.34777e+04    1.24995e+05    3.06493e+03    8.99701e+03    2.73959e+04
     Coulomb-14        LJ (SR)   Coulomb (SR)   Coul. recip.      LJ recip.
    5.57659e+04   -7.18318e+03   -1.15189e+05    4.53330e+03   -1.82756e+05
      Potential    Kinetic En.   Total Energy  Conserved En.    Temperature
   -4.68998e+04    1.88684e+05    1.41784e+05   -2.57984e+04    2.95248e+02
 Pressure (bar)   Constr. rmsd
   -1.79172e+03    3.99636e-06

DD  step 69999  vol min/aver 0.870  load imb.: force  6.1%  pme mesh/force 0.418

           Step           Time
          70000      140.00000

   Energies (kJ/mol)
           Bond          Angle Ryckaert-Bell.  Improper Dih.          LJ-14
    3.33769e+04    1.25768e+05    3.30560e+03    8.98341e+03    2.75397e+04
     Coulomb-14        LJ (SR)   Coulomb (SR)   Coul. recip.      LJ recip.
    5.58170e+04   -7.30033e+03   -1.15261e+05    4.58173e+03   -1.82797e+05
      Potential    Kinetic En.   Total Energy  Conserved En.    Temperature
   -4.59856e+04    1.89920e+05    1.43934e+05   -2.57066e+04    2.97182e+02
 Pressure (bar)   Constr. rmsd
   -1.66526e+03    4.04942e-06

DD  step 70999  vol min/aver 0.881  load imb.: force  6.4%  pme mesh/force 0.446

           Step           Time
          71000      142.00000

   Energies (kJ/mol)
           Bond          Angle Ryckaert-Bell.  Improper Dih.          LJ-14
    3.37124e+04    1.24411e+05    3.21164e+03    9.02263e+03    2.78047e+04
     Coulomb-14        LJ (SR)   Coulomb (SR)   Coul. recip.      LJ recip.
    5.58436e+04   -7.29104e+03   -1.15308e+05    4.58357e+03   -1.82749e+05
      Potential    Kinetic En.   Total Energy  Conserved En.    Temperature
   -4.67589e+04    1.89540e+05    1.42781e+05   -2.56738e+04    2.96587e+02
 Pressure (bar)   Constr. rmsd
   -1.27719e+03    4.02360e-06

DD  step 71999  vol min/aver 0.880  load imb.: force  5.1%  pme mesh/force 0.455

           Step           Time
          72000      144.00000

   Energies (kJ/mol)
           Bond          Angle Ryckaert-Bell.  Improper Dih.          LJ-14
    3.38251e+04    1.25555e+05    3.12177e+03    8.89970e+03    2.74128e+04
     Coulomb-14        LJ (SR)   Coulomb (SR)   Coul. recip.      LJ recip.
    5.58106e+04   -7.35107e+03   -1.15235e+05    4.59053e+03   -1.82755e+05
      Potential    Kinetic En.   Total Energy  Conserved En.    Temperature
   -4.61251e+04    1.89700e+05    1.43575e+05   -2.55673e+04    2.96838e+02
 Pressure (bar)   Constr. rmsd
   -1.37075e+03    4.01159e-06

DD  step 72999  vol min/aver 0.871  load imb.: force  3.8%  pme mesh/force 0.463

           Step           Time
          73000      146.00000

   Energies (kJ/mol)
           Bond          Angle Ryckaert-Bell.  Improper Dih.          LJ-14
    3.38729e+04    1.25378e+05    3.19379e+03    8.84787e+03    2.72230e+04
     Coulomb-14        LJ (SR)   Coulomb (SR)   Coul. recip.      LJ recip.
    5.57974e+04   -7.23749e+03   -1.15207e+05    4.58090e+03   -1.82735e+05
      Potential    Kinetic En.   Total Energy  Conserved En.    Temperature
   -4.62862e+04    1.90482e+05    1.44196e+05   -2.55043e+04    2.98062e+02
 Pressure (bar)   Constr. rmsd
   -1.73601e+03    4.07763e-06

DD  step 73999  vol min/aver 0.896  load imb.: force  6.5%  pme mesh/force 0.450

           Step           Time
          74000      148.00000

   Energies (kJ/mol)
           Bond          Angle Ryckaert-Bell.  Improper Dih.          LJ-14
    3.37042e+04    1.25225e+05    3.14369e+03    8.96024e+03    2.75276e+04
     Coulomb-14        LJ (SR)   Coulomb (SR)   Coul. recip.      LJ recip.
    5.57978e+04   -7.00506e+03   -1.15198e+05    4.51497e+03   -1.82777e+05
      Potential    Kinetic En.   Total Energy  Conserved En.    Temperature
   -4.61067e+04    1.89094e+05    1.42987e+05   -2.53615e+04    2.95889e+02
 Pressure (bar)   Constr. rmsd
   -1.52805e+03    3.99882e-06

DD  step 74999  vol min/aver 0.823  load imb.: force 18.9%  pme mesh/force 0.441

           Step           Time
          75000      150.00000

   Energies (kJ/mol)
           Bond          Angle Ryckaert-Bell.  Improper Dih.          LJ-14
    3.35003e+04    1.25456e+05    3.06839e+03    9.08399e+03    2.74854e+04
     Coulomb-14        LJ (SR)   Coulomb (SR)   Coul. recip.      LJ recip.
    5.58305e+04   -7.08114e+03   -1.15255e+05    4.62324e+03   -1.82802e+05
      Potential    Kinetic En.   Total Energy  Conserved En.    Temperature
   -4.60899e+04    1.89033e+05    1.42943e+05   -2.52657e+04    2.95793e+02
 Pressure (bar)   Constr. rmsd
   -1.20164e+03    4.04686e-06

DD  step 75999  vol min/aver 0.842  load imb.: force  7.0%  pme mesh/force 0.469

           Step           Time
          76000      152.00000

   Energies (kJ/mol)
           Bond          Angle Ryckaert-Bell.  Improper Dih.          LJ-14
    3.40517e+04    1.24729e+05    3.11981e+03    8.76766e+03    2.71868e+04
     Coulomb-14        LJ (SR)   Coulomb (SR)   Coul. recip.      LJ recip.
    5.58418e+04   -7.30756e+03   -1.15274e+05    4.59437e+03   -1.82717e+05
      Potential    Kinetic En.   Total Energy  Conserved En.    Temperature
   -4.70078e+04    1.89748e+05    1.42741e+05   -2.51930e+04    2.96913e+02
 Pressure (bar)   Constr. rmsd
   -1.86886e+03    4.09101e-06

DD  step 76999  vol min/aver 0.891  load imb.: force  6.0%  pme mesh/force 0.440

           Step           Time
          77000      154.00000

   Energies (kJ/mol)
           Bond          Angle Ryckaert-Bell.  Improper Dih.          LJ-14
    3.41889e+04    1.25183e+05    3.04997e+03    8.92845e+03    2.73200e+04
     Coulomb-14        LJ (SR)   Coulomb (SR)   Coul. recip.      LJ recip.
    5.58562e+04   -7.23809e+03   -1.15271e+05    4.62740e+03   -1.82767e+05
      Potential    Kinetic En.   Total Energy  Conserved En.    Temperature
   -4.61219e+04    1.89560e+05    1.43438e+05   -2.50851e+04    2.96618e+02
 Pressure (bar)   Constr. rmsd
   -1.43241e+03    4.00802e-06

DD  step 77999  vol min/aver 0.892  load imb.: force  5.4%  pme mesh/force 0.427

           Step           Time
          78000      156.00000

   Energies (kJ/mol)
           Bond          Angle Ryckaert-Bell.  Improper Dih.          LJ-14
    3.38013e+04    1.25604e+05    3.20306e+03    8.82881e+03    2.74851e+04
     Coulomb-14        LJ (SR)   Coulomb (SR)   Coul. recip.      LJ recip.
    5.57850e+04   -7.37137e+03   -1.15185e+05    4.64560e+03   -1.82745e+05
      Potential    Kinetic En.   Total Energy  Conserved En.    Temperature
   -4.59484e+04    1.90789e+05    1.44841e+05   -2.50571e+04    2.98542e+02
 Pressure (bar)   Constr. rmsd
   -1.80634e+03    4.01856e-06

DD  step 78999  vol min/aver 0.903  load imb.: force  4.8%  pme mesh/force 0.418

           Step           Time
          79000      158.00000

   Energies (kJ/mol)
           Bond          Angle Ryckaert-Bell.  Improper Dih.          LJ-14
    3.42932e+04    1.25394e+05    3.15520e+03    8.98162e+03    2.74029e+04
     Coulomb-14        LJ (SR)   Coulomb (SR)   Coul. recip.      LJ recip.
    5.58065e+04   -7.16455e+03   -1.15230e+05    4.61576e+03   -1.82748e+05
      Potential    Kinetic En.   Total Energy  Conserved En.    Temperature
   -4.54931e+04    1.91126e+05    1.45633e+05   -2.49189e+04    2.99069e+02
 Pressure (bar)   Constr. rmsd
   -1.65043e+03    4.08608e-06

DD  step 79999  vol min/aver 0.884  load imb.: force 15.6%  pme mesh/force 0.438

           Step           Time
          80000      160.00000

   Energies (kJ/mol)
           Bond          Angle Ryckaert-Bell.  Improper Dih.          LJ-14
    3.41752e+04    1.24890e+05    3.20846e+03    8.97651e+03    2.73328e+04
     Coulomb-14        LJ (SR)   Coulomb (SR)   Coul. recip.      LJ recip.
    5.57901e+04   -7.48797e+03   -1.15235e+05    4.59189e+03   -1.82779e+05
      Potential    Kinetic En.   Total Energy  Conserved En.    Temperature
   -4.65379e+04    1.89370e+05    1.42832e+05   -2.48472e+04    2.96321e+02
 Pressure (bar)   Constr. rmsd
   -1.82777e+03    4.03423e-06

DD  step 80999  vol min/aver 0.890  load imb.: force  3.6%  pme mesh/force 0.477

           Step           Time
          81000      162.00000

   Energies (kJ/mol)
           Bond          Angle Ryckaert-Bell.  Improper Dih.          LJ-14
    3.38578e+04    1.26009e+05    3.14500e+03    9.32779e+03    2.75566e+04
     Coulomb-14        LJ (SR)   Coulomb (SR)   Coul. recip.      LJ recip.
    5.58328e+04   -7.23013e+03   -1.15226e+05    4.62250e+03   -1.82785e+05
      Potential    Kinetic En.   Total Energy  Conserved En.    Temperature
   -4.48900e+04    1.89926e+05    1.45036e+05   -2.46767e+04    2.97191e+02
 Pressure (bar)   Constr. rmsd
   -1.40348e+03    4.00525e-06

DD  step 81999  vol min/aver 0.901  load imb.: force  1.1%  pme mesh/force 0.549

           Step           Time
          82000      164.00000

   Energies (kJ/mol)
           Bond          Angle Ryckaert-Bell.  Improper Dih.          LJ-14
    3.38297e+04    1.25589e+05    3.01498e+03    8.80091e+03    2.75408e+04
     Coulomb-14        LJ (SR)   Coulomb (SR)   Coul. recip.      LJ recip.
    5.57932e+04   -6.90401e+03   -1.15216e+05    4.62328e+03   -1.82737e+05
      Potential    Kinetic En.   Total Energy  Conserved En.    Temperature
   -4.56654e+04    1.90796e+05    1.45131e+05   -2.46469e+04    2.98552e+02
 Pressure (bar)   Constr. rmsd
   -1.43372e+03    4.03635e-06

DD  step 82999  vol min/aver 0.912  load imb.: force  1.1%  pme mesh/force 0.533

           Step           Time
          83000      166.00000

   Energies (kJ/mol)
           Bond          Angle Ryckaert-Bell.  Improper Dih.          LJ-14
    3.38124e+04    1.25469e+05    3.05459e+03    9.03508e+03    2.73185e+04
     Coulomb-14        LJ (SR)   Coulomb (SR)   Coul. recip.      LJ recip.
    5.57933e+04   -7.42323e+03   -1.15206e+05    4.64162e+03   -1.82748e+05
      Potential    Kinetic En.   Total Energy  Conserved En.    Temperature
   -4.62527e+04    1.90484e+05    1.44231e+05   -2.46107e+04    2.98063e+02
 Pressure (bar)   Constr. rmsd
   -1.14074e+03    4.06053e-06

DD  step 83999  vol min/aver 0.903  load imb.: force  7.7%  pme mesh/force 0.432

           Step           Time
          84000      168.00000

   Energies (kJ/mol)
           Bond          Angle Ryckaert-Bell.  Improper Dih.          LJ-14
    3.38559e+04    1.25774e+05    3.21123e+03    9.12251e+03    2.73331e+04
     Coulomb-14        LJ (SR)   Coulomb (SR)   Coul. recip.      LJ recip.
    5.57506e+04   -7.28560e+03   -1.15135e+05    4.67569e+03   -1.82729e+05
      Potential    Kinetic En.   Total Energy  Conserved En.    Temperature
   -4.54261e+04    1.91676e+05    1.46250e+05   -2.45287e+04    2.99929e+02
 Pressure (bar)   Constr. rmsd
   -1.80893e+03    4.05428e-06

DD  step 84999  vol min/aver 0.936  load imb.: force 12.2%  pme mesh/force 0.431

           Step           Time
          85000      170.00000

   Energies (kJ/mol)
           Bond          Angle Ryckaert-Bell.  Improper Dih.          LJ-14
    3.37344e+04    1.24938e+05    3.05835e+03    9.05656e+03    2.74251e+04
     Coulomb-14        LJ (SR)   Coulomb (SR)   Coul. recip.      LJ recip.
    5.58069e+04   -7.31651e+03   -1.15234e+05    4.58418e+03   -1.82769e+05
      Potential    Kinetic En.   Total Energy  Conserved En.    Temperature
   -4.67164e+04    1.90028e+05    1.43311e+05   -2.44330e+04    2.97350e+02
 Pressure (bar)   Constr. rmsd
   -1.72701e+03    4.09049e-06

DD  step 85999  vol min/aver 0.874  load imb.: force  2.2%  pme mesh/force 0.415

           Step           Time
          86000      172.00000

   Energies (kJ/mol)
           Bond          Angle Ryckaert-Bell.  Improper Dih.          LJ-14
    3.36667e+04    1.25930e+05    3.09263e+03    9.08744e+03    2.75359e+04
     Coulomb-14        LJ (SR)   Coulomb (SR)   Coul. recip.      LJ recip.
    5.58008e+04   -7.43748e+03   -1.15206e+05    4.62080e+03   -1.82734e+05
      Potential    Kinetic En.   Total Energy  Conserved En.    Temperature
   -4.56441e+04    1.90599e+05    1.44955e+05   -2.42864e+04    2.98245e+02
 Pressure (bar)   Constr. rmsd
   -1.43756e+03    4.05743e-06

DD  step 86999  vol min/aver 0.919  load imb.: force 12.0%  pme mesh/force 0.455

           Step           Time
          87000      174.00000

   Energies (kJ/mol)
           Bond          Angle Ryckaert-Bell.  Improper Dih.          LJ-14
    3.39520e+04    1.25369e+05    3.03897e+03    8.89374e+03    2.75221e+04
     Coulomb-14        LJ (SR)   Coulomb (SR)   Coul. recip.      LJ recip.
    5.58223e+04   -7.19649e+03   -1.15244e+05    4.59577e+03   -1.82767e+05
      Potential    Kinetic En.   Total Energy  Conserved En.    Temperature
   -4.60144e+04    1.91090e+05    1.45076e+05   -2.42706e+04    2.99012e+02
 Pressure (bar)   Constr. rmsd
   -1.45003e+03    4.05845e-06

DD  step 87999  vol min/aver 0.867  load imb.: force  5.4%  pme mesh/force 0.466

           Step           Time
          88000      176.00000

   Energies (kJ/mol)
           Bond          Angle Ryckaert-Bell.  Improper Dih.          LJ-14
    3.37375e+04    1.25439e+05    3.04958e+03    8.95926e+03    2.75711e+04
     Coulomb-14        LJ (SR)   Coulomb (SR)   Coul. recip.      LJ recip.
    5.57856e+04   -7.21020e+03   -1.15216e+05    4.60746e+03   -1.82741e+05
      Potential    Kinetic En.   Total Energy  Conserved En.    Temperature
   -4.60173e+04    1.89560e+05    1.43543e+05   -2.41103e+04    2.96619e+02
 Pressure (bar)   Constr. rmsd
   -1.43364e+03    3.99399e-06

DD  step 88999  vol min/aver 0.902  load imb.: force  3.8%  pme mesh/force 0.434

           Step           Time
          89000      178.00000

   Energies (kJ/mol)
           Bond          Angle Ryckaert-Bell.  Improper Dih.          LJ-14
    3.32648e+04    1.25667e+05    3.10190e+03    9.15193e+03    2.74441e+04
     Coulomb-14        LJ (SR)   Coulomb (SR)   Coul. recip.      LJ recip.
    5.58454e+04   -7.33456e+03   -1.15241e+05    4.57018e+03   -1.82788e+05
      Potential    Kinetic En.   Total Energy  Conserved En.    Temperature
   -4.63183e+04    1.89246e+05    1.42928e+05   -2.40520e+04    2.96128e+02
 Pressure (bar)   Constr. rmsd
   -1.40521e+03    4.01211e-06

DD  step 89999  vol min/aver 0.923  load imb.: force  4.9%  pme mesh/force 0.440

           Step           Time
          90000      180.00000

   Energies (kJ/mol)
           Bond          Angle Ryckaert-Bell.  Improper Dih.          LJ-14
    3.37378e+04    1.26379e+05    3.23198e+03    8.87583e+03    2.74297e+04
     Coulomb-14        LJ (SR)   Coulomb (SR)   Coul. recip.      LJ recip.
    5.58349e+04   -7.43183e+03   -1.15237e+05    4.64612e+03   -1.82760e+05
      Potential    Kinetic En.   Total Energy  Conserved En.    Temperature
   -4.52937e+04    1.90926e+05    1.45632e+05   -2.39875e+04    2.98755e+02
 Pressure (bar)   Constr. rmsd
   -1.36665e+03    4.01757e-06

DD  step 90999  vol min/aver 0.902  load imb.: force  6.6%  pme mesh/force 0.434

           Step           Time
          91000      182.00000

   Energies (kJ/mol)
           Bond          Angle Ryckaert-Bell.  Improper Dih.          LJ-14
    3.39914e+04    1.26387e+05    3.17684e+03    9.12371e+03    2.73523e+04
     Coulomb-14        LJ (SR)   Coulomb (SR)   Coul. recip.      LJ recip.
    5.58300e+04   -7.53090e+03   -1.15241e+05    4.67807e+03   -1.82763e+05
      Potential    Kinetic En.   Total Energy  Conserved En.    Temperature
   -4.49955e+04    1.90852e+05    1.45857e+05   -2.39311e+04    2.98640e+02
 Pressure (bar)   Constr. rmsd
   -1.84861e+03    4.12659e-06

DD  step 91999  vol min/aver 0.902  load imb.: force  5.8%  pme mesh/force 0.444

           Step           Time
          92000      184.00000

   Energies (kJ/mol)
           Bond          Angle Ryckaert-Bell.  Improper Dih.          LJ-14
    3.39272e+04    1.25315e+05    3.16052e+03    8.75232e+03    2.72701e+04
     Coulomb-14        LJ (SR)   Coulomb (SR)   Coul. recip.      LJ recip.
    5.58270e+04   -7.42959e+03   -1.15215e+05    4.71443e+03   -1.82753e+05
      Potential    Kinetic En.   Total Energy  Conserved En.    Temperature
   -4.64316e+04    1.89760e+05    1.43328e+05   -2.37934e+04    2.96931e+02
 Pressure (bar)   Constr. rmsd
   -1.57310e+03    4.08068e-06

DD  step 92999  vol min/aver 0.892  load imb.: force  6.9%  pme mesh/force 0.443

           Step           Time
          93000      186.00000

   Energies (kJ/mol)
           Bond          Angle Ryckaert-Bell.  Improper Dih.          LJ-14
    3.40426e+04    1.25412e+05    3.27037e+03    8.89275e+03    2.71970e+04
     Coulomb-14        LJ (SR)   Coulomb (SR)   Coul. recip.      LJ recip.
    5.58193e+04   -7.58587e+03   -1.15242e+05    4.59631e+03   -1.82732e+05
      Potential    Kinetic En.   Total Energy  Conserved En.    Temperature
   -4.63292e+04    1.89790e+05    1.43460e+05   -2.37000e+04    2.96977e+02
 Pressure (bar)   Constr. rmsd
   -1.72154e+03    4.05213e-06

DD  step 93999  vol min/aver 0.918  load imb.: force  7.5%  pme mesh/force 0.460

           Step           Time
          94000      188.00000

   Energies (kJ/mol)
           Bond          Angle Ryckaert-Bell.  Improper Dih.          LJ-14
    3.34228e+04    1.26308e+05    3.12837e+03    9.04504e+03    2.73496e+04
     Coulomb-14        LJ (SR)   Coulomb (SR)   Coul. recip.      LJ recip.
    5.58194e+04   -7.42960e+03   -1.15219e+05    4.55951e+03   -1.82745e+05
      Potential    Kinetic En.   Total Energy  Conserved En.    Temperature
   -4.57612e+04    1.90009e+05    1.44248e+05   -2.35499e+04    2.97321e+02
 Pressure (bar)   Constr. rmsd
   -1.58758e+03    4.05067e-06

DD  step 94999  vol min/aver 0.936  load imb.: force  5.0%  pme mesh/force 0.474

           Step           Time
          95000      190.00000

   Energies (kJ/mol)
           Bond          Angle Ryckaert-Bell.  Improper Dih.          LJ-14
    3.38108e+04    1.25982e+05    3.10577e+03    9.03689e+03    2.73796e+04
     Coulomb-14        LJ (SR)   Coulomb (SR)   Coul. recip.      LJ recip.
    5.57753e+04   -7.19452e+03   -1.15155e+05    4.58054e+03   -1.82759e+05
      Potential    Kinetic En.   Total Energy  Conserved En.    Temperature
   -4.54372e+04    1.90058e+05    1.44621e+05   -2.35429e+04    2.97398e+02
 Pressure (bar)   Constr. rmsd
   -1.77333e+03    4.03269e-06

DD  step 95999  vol min/aver 0.945  load imb.: force  3.9%  pme mesh/force 0.457

           Step           Time
          96000      192.00000

   Energies (kJ/mol)
           Bond          Angle Ryckaert-Bell.  Improper Dih.          LJ-14
    3.37551e+04    1.25602e+05    3.00667e+03    9.02218e+03    2.73134e+04
     Coulomb-14        LJ (SR)   Coulomb (SR)   Coul. recip.      LJ recip.
    5.58647e+04   -7.34077e+03   -1.15306e+05    4.64651e+03   -1.82731e+05
      Potential    Kinetic En.   Total Energy  Conserved En.    Temperature
   -4.61674e+04    1.88704e+05    1.42537e+05   -2.33928e+04    2.95280e+02
 Pressure (bar)   Constr. rmsd
   -1.30968e+03    4.03759e-06

DD  step 96999  vol min/aver 0.922  load imb.: force  5.3%  pme mesh/force 0.433

           Step           Time
          97000      194.00000

   Energies (kJ/mol)
           Bond          Angle Ryckaert-Bell.  Improper Dih.          LJ-14
    3.39274e+04    1.25457e+05    2.92962e+03    9.17071e+03    2.72313e+04
     Coulomb-14        LJ (SR)   Coulomb (SR)   Coul. recip.      LJ recip.
    5.57849e+04   -7.50452e+03   -1.15212e+05    4.58948e+03   -1.82722e+05
      Potential    Kinetic En.   Total Energy  Conserved En.    Temperature
   -4.63472e+04    1.89953e+05    1.43606e+05   -2.33442e+04    2.97234e+02
 Pressure (bar)   Constr. rmsd
   -1.87171e+03    4.02131e-06

DD  step 97999  vol min/aver 0.885  load imb.: force  3.5%  pme mesh/force 0.451

           Step           Time
          98000      196.00000

   Energies (kJ/mol)
           Bond          Angle Ryckaert-Bell.  Improper Dih.          LJ-14
    3.39633e+04    1.26075e+05    3.08837e+03    8.91389e+03    2.74645e+04
     Coulomb-14        LJ (SR)   Coulomb (SR)   Coul. recip.      LJ recip.
    5.58362e+04   -7.20152e+03   -1.15289e+05    4.60202e+03   -1.82790e+05
      Potential    Kinetic En.   Total Energy  Conserved En.    Temperature
   -4.53372e+04    1.89341e+05    1.44004e+05   -2.32128e+04    2.96276e+02
 Pressure (bar)   Constr. rmsd
   -1.49451e+03    3.99120e-06

DD  step 98999  vol min/aver 0.928  load imb.: force  4.0%  pme mesh/force 0.449

           Step           Time
          99000      198.00000

   Energies (kJ/mol)
           Bond          Angle Ryckaert-Bell.  Improper Dih.          LJ-14
    3.37354e+04    1.26102e+05    3.01389e+03    9.19147e+03    2.74288e+04
     Coulomb-14        LJ (SR)   Coulomb (SR)   Coul. recip.      LJ recip.
    5.58323e+04   -7.48491e+03   -1.15278e+05    4.50967e+03   -1.82769e+05
      Potential    Kinetic En.   Total Energy  Conserved En.    Temperature
   -4.57192e+04    1.90921e+05    1.45202e+05   -2.31688e+04    2.98749e+02
 Pressure (bar)   Constr. rmsd
   -1.64742e+03    3.96993e-06

DD  step 99999  vol min/aver 0.916  load imb.: force  3.3%  pme mesh/force 0.443

           Step           Time
         100000      200.00000

Writing checkpoint, step 100000 at Tue Mar 10 09:36:28 2020


   Energies (kJ/mol)
           Bond          Angle Ryckaert-Bell.  Improper Dih.          LJ-14
    3.35921e+04    1.25311e+05    3.07469e+03    9.00867e+03    2.74185e+04
     Coulomb-14        LJ (SR)   Coulomb (SR)   Coul. recip.      LJ recip.
    5.57638e+04   -7.32398e+03   -1.15156e+05    4.56986e+03   -1.82756e+05
      Potential    Kinetic En.   Total Energy  Conserved En.    Temperature
   -4.64972e+04    1.90322e+05    1.43825e+05   -2.31130e+04    2.97811e+02
 Pressure (bar)   Constr. rmsd
   -1.78671e+03    4.03720e-06

	<======  ###############  ==>
	<====  A V E R A G E S  ====>
	<==  ###############  ======>

	Statistics over 100001 steps using 1001 frames

   Energies (kJ/mol)
           Bond          Angle Ryckaert-Bell.  Improper Dih.          LJ-14
    3.37683e+04    1.25328e+05    3.01596e+03    8.89745e+03    2.74052e+04
     Coulomb-14        LJ (SR)   Coulomb (SR)   Coul. recip.      LJ recip.
    5.57248e+04   -6.82163e+03   -1.15162e+05    4.38302e+03   -1.82761e+05
      Potential    Kinetic En.   Total Energy  Conserved En.    Temperature
   -4.62220e+04    1.90363e+05    1.44141e+05   -2.74185e+04    2.97875e+02
 Pressure (bar)   Constr. rmsd
   -1.41026e+03    0.00000e+00

   Total Virial (kJ/mol)
    7.33715e+04    1.44331e+03    8.72088e+03
    1.44332e+03    1.05465e+05    4.54037e+03
    8.72087e+03    4.54035e+03    8.81442e+04

   Pressure (bar)
   -9.15561e+02   -1.04309e+02   -4.74443e+02
   -1.04309e+02   -1.65739e+03   -2.05911e+02
   -4.74443e+02   -2.05910e+02   -1.65783e+03


	M E G A - F L O P S   A C C O U N T I N G

 NB=Group-cutoff nonbonded kernels    NxN=N-by-N cluster Verlet kernels
 RF=Reaction-Field  VdW=Van der Waals  QSTab=quadratic-spline table
 W3=SPC/TIP3p  W4=TIP4p (single or pairs)
 V&F=Potential and force  V=Potential only  F=Force only

 Computing:                               M-Number         M-Flops  % Flops
-----------------------------------------------------------------------------
 Pair Search distance check           20423.927640      183815.349     0.1
 NxN Ewald Elec. + LJ [F]           2759419.868040   281460826.540    85.2
 NxN Ewald Elec. + LJ [V&F]           27900.817344     3906114.428     1.2
 NxN LJ [F]                              56.257344        3881.757     0.0
 NxN LJ [V&F]                             0.569680          43.296     0.0
 NxN Ewald Elec. [F]                  86647.214808     5285480.103     1.6
 NxN Ewald Elec. [V&F]                  876.102992       73592.651     0.0
 1,4 nonbonded interactions           11628.916288     1046602.466     0.3
 Calc Weights                         19219.392192      691898.119     0.2
 Spread Q Bspline                    820027.400192     1640054.800     0.5
 Gather F Bspline                    820027.400192     4920164.401     1.5
 3D-FFT                             3467790.677560    27742325.420     8.4
 Solve PME                             2304.023040      147457.475     0.0
 Reset In Box                            63.935872         191.808     0.0
 CG-CoM                                  64.192128         192.576     0.0
 Bonds                                 2812.828128      165956.860     0.1
 Angles                               12544.125440     2107413.074     0.6
 Impropers                             1152.011520      239618.396     0.1
 RB-Dihedrals                          1852.818528      457646.176     0.1
 Virial                                  65.028964        1170.521     0.0
 Stop-CM                                 64.192128         641.921     0.0
 Calc-Ekin                             1281.408128       34598.019     0.0
 Lincs                                 4119.288101      247157.286     0.1
 Lincs-Mat                            26399.363364      105597.453     0.0
 Constraint-V                          8238.493514       65907.948     0.0
 Constraint-Vir                          41.232954         989.591     0.0
-----------------------------------------------------------------------------
 Total                                               330529338.436   100.0
-----------------------------------------------------------------------------


    D O M A I N   D E C O M P O S I T I O N   S T A T I S T I C S

 av. #atoms communicated per step for force:  2 x 61296.6
 av. #atoms communicated per step for LINCS:  2 x 4170.3


 Dynamic load balancing report:
 DLB was turned on during the run due to measured imbalance.
 Average load imbalance: 5.8%.
 The balanceable part of the MD step is 81%, load imbalance is computed from this.
 Part of the total run time spent waiting due to load imbalance: 4.7%.
 Steps where the load balancing was limited by -rdd, -rcon and/or -dds: X 0 % Y 0 %
 Average PME mesh/force load: 0.445
 Part of the total run time spent waiting due to PP/PME imbalance: 19.6 %

NOTE: 19.6 % performance was lost because the PME ranks
      had less work to do than the PP ranks.
      You might want to decrease the number of PME ranks
      or decrease the cut-off and the grid spacing.


     R E A L   C Y C L E   A N D   T I M E   A C C O U N T I N G

On 20 MPI ranks doing PP, and
on 12 MPI ranks doing PME

 Computing:          Num   Num      Call    Wall time         Giga-Cycles
                     Ranks Threads  Count      (s)         total sum    %
-----------------------------------------------------------------------------
 Domain decomp.        20    1       1001       6.133        269.856   0.2
 DD comm. load         20    1        892       0.039          1.700   0.0
 DD comm. bounds       20    1        879       0.069          3.036   0.0
 Send X to PME         20    1     100001       2.601        114.426   0.1
 Neighbor search       20    1       1001      12.093        532.092   0.4
 Comm. coord.          20    1      99000      10.757        473.305   0.4
 Force                 20    1     100001    1347.574      59292.917  48.8
 Wait + Comm. F        20    1     100001     225.874       9938.392   8.2
 PME mesh *            12    1     100001     712.312      18804.925  15.5
 PME wait for PP *                           1013.763      26763.174  22.0
 Wait + Recv. PME F    20    1     100001       2.246         98.826   0.1
 NB X/F buffer ops.    20    1     298001       8.759        385.382   0.3
 Write traj.           20    1        102       0.434         19.113   0.0
 Update                20    1     100001       3.613        158.950   0.1
 Constraints           20    1     100001     100.994       4443.729   3.7
 Comm. energies        20    1      10001       3.002        132.102   0.1
 Rest                                           1.891         83.202   0.1
-----------------------------------------------------------------------------
 Total                                       1726.079     121515.241 100.0
-----------------------------------------------------------------------------
(*) Note that with separate PME ranks, the walltime column actually sums to
    twice the total reported, but the cycle count total and % are correct.
-----------------------------------------------------------------------------
 Breakdown of PME mesh computation
-----------------------------------------------------------------------------
 PME redist. X/F       12    1     300003      71.401       1884.978   1.6
 PME spread            12    1     200002     136.522       3604.148   3.0
 PME gather            12    1     200002     123.922       3271.514   2.7
 PME 3D-FFT            12    1     400004     217.120       5731.926   4.7
 PME 3D-FFT Comm.      12    1     400004      85.315       2252.313   1.9
 PME solve LJ          12    1     100001      60.770       1604.331   1.3
 PME solve Elec        12    1     100001      16.515        435.982   0.4
-----------------------------------------------------------------------------

               Core t (s)   Wall t (s)        (%)
       Time:    55234.533     1726.079     3200.0
                 (ns/day)    (hour/ns)
Performance:       10.011        2.397
Finished mdrun on rank 0 Tue Mar 10 09:36:28 2020
