

 +++++++++++++++++++++++++++++++++++++++++++++++++++++++++++++++
 +  SHELXS      CRYSTAL STRUCTURE SOLUTION     Version 2013/1  +
 +  Copyright(C) George M. Sheldrick 1986-2013                 +
 +  im1704                 started at 08:04:57 on 26 Apr 2017  +
 +++++++++++++++++++++++++++++++++++++++++++++++++++++++++++++++

 TITL IM1704 in P21/n #14
 REM  reset to P21/n #14
 CELL 1.54184 7.00588 14.02534 18.0156 90 97.7113 90
 ZERR 3 0.00012 0.00026 0.00033 0 0.0016 0
 LATT 1
 SYMM 0.5-X,0.5+Y,0.5-Z
 SFAC C H O S Sn
 UNIT 84 150 24 6 6

 V =     1754.20     At vol =    14.6     F(000) =    1242.0     mu =  19.17 mm-1

 Max single Patterson vector = 117.6    cell wt =   2448.54    rho =  2.318

 REM <HKL>D:/X-Ray%20Data/New/IM1704/struct/olex2_IM1704/IM1704.hkl</HKL>
 TREF 500
  
 HKLF 4


    5965  Reflections read, of which   179  rejected

    Maximum h, k, l and 2-Theta =    8.   16.   22.  147.36



 INCONSISTENT EQUIVALENTS

   h   k   l       F*F    Sigma(F*F)  Esd of mean(F*F)

  -1   1   2   120510.05   1689.65   9273.00
   0   1   2    95136.97   1637.00   8803.90
   0   6   2   828248.44   8614.73  52142.50
   3  12  11    56174.89   2438.29  25621.20

    3378  Unique reflections, of which   2916  observed

    R(int) = 0.0366     R(sigma) = 0.0488      Friedel opposites merged



 NUMBER OF UNIQUE DATA AS A FUNCTION OF RESOLUTION IN ANGSTROMS

 Resolution  Inf    5.00    3.50    2.50    2.00    1.70    1.50    1.40    1.30    1.20    1.10    1.00    0.90    0.80

 N(observed)      13.     25.     74.    111.    134.    149.    107.    167.    203.    275.    379.    541.    738.

 N(measured)      13.     25.     78.    114.    142.    166.    113.    175.    222.    321.    434.    676.    899.

 N(theory)        13.     25.     78.    114.    142.    174.    117.    175.    222.    324.    446.    691.   1069.

 Two-theta   0.0    17.7    25.4    35.9    45.3    53.9    61.9    66.8    72.7    79.9    89.0   100.9   117.9   149.0


 Highest memory for sort/merge =  6778 / 16890



 Observed E .GT. 1.200 1.300 1.400 1.500 1.600 1.700 1.800 1.900 2.000 2.100

 Number           992   844   731   620   527   421   334   269   206   150


                   Centric Acentric    0kl      h0l      hk0      Rest

 Mean Abs(E*E-1)    0.968    0.736    0.865    0.700    0.918    0.934


       0.0 seconds CPU time
 
     SUMMARY OF PARAMETERS FOR  IM1704 in P21/n #14                                                        

 ESEL  Emin  1.200    Emax  5.000    DelU 0.005    renorm 0.700    axis 0
 OMIT  s  4.00    2theta(lim)  180.0
 INIT  nn   12    nf   16    s+  0.800    s-  0.200    wr  0.200
 PHAN  steps   10   cool 0.900   Boltz 0.400   ns  169   mtpr   40   mnqr  10
 TREF  np      500.    nE   279    kapscal  0.900    ntan   2    wn -0.950
 FMAP  code  8
 PLAN  npeaks   -35    del1 0.500    del2 1.500
 MORE  verbosity  1
 TIME  t    9999999.


     169 Reflections and   2831. unique TPR for phase annealing

     279 Phases refined using    9867. unique TPR
     464 Reflections and   19742. unique TPR for R(alpha)

       0.0 seconds CPU time

     247 Unique negative quartets found,   247 used for phase refinement

       0.0 seconds CPU time

 Highest memory used to derive phase relations =    5418 /   17371


 ONE-PHASE SEMINVARIANTS

   h   k   l     E      P+    Phi

   0  10   2   2.754   0.35
  -2   6  12   2.676   0.94
   0   6   2   2.219   0.59
  -2  10  10   2.666   0.36
   0   4   2   1.920   0.38

  -2   6  14   2.613   0.36
  -2  10  12   2.182   0.41
   0  12   2   2.205   0.38
  -2   6  10   1.937   0.50
   0   6   4   2.113   0.38

   0  10   0   1.778   0.00
   4   0   6   1.688   1.00
  -2   4  12   1.779   0.40
  -2   6   8   1.982   0.71
   4  10   4   2.219   0.38

   0  10   4   2.004   0.48
   4  10   2   2.016   0.42
  -6   6   6   1.815   0.40
   4   6   4   1.682   0.46
   4   6   6   1.895   0.75

   0   6   0   1.656   1.00
   0   0   4   1.558   1.00
  -2   0  10   1.560   0.84
  -2   0  12   1.474   1.00
  -2   0  14   1.646   0.99

  -2   0   8   1.604   1.00
   4   0   4   1.378   0.98
   2   0   0   1.348   0.02
   4   6   2   1.666   0.75
   0   6  14   1.922   0.40

  -2  10   8   1.831   0.44
   0   6  16   2.078   0.43
   4   4   6   1.632   0.44
  -2   6  16   2.115   0.81
   4   0   0   1.351   0.67

   2   0  14   1.480   1.00
   2  10   2   1.797   0.72
   4   4   4   1.423   0.42

 Expected value of Sigma-1 = 0.961


 Following phases held constant with unit weights for the initial 4 weighted
 tangent cycles (before phase annealing):

   h   k   l     E     Phase/Comment

  -2   6  12   2.676     0    sigma-1 = 0.942
  -1   3   2   1.799   random phase
   2   5   6   1.884   random phase
   0   3  11   1.923   random phase
   1   6   5   2.002   random phase
   0   6   4   2.113   random phase
   3   2   0   1.741   random phase
   0  10   0   1.778   180    sigma-1 = 0.000
   0   8  11   2.032   random phase
   4   0   6   1.688     0    sigma-1 = 1.000
   0   5   4   1.937   random phase
   0  10   4   2.004   random phase
   3   8   0   1.760   random phase
  -4   3   5   1.693   random phase
  -1   1   3   1.772   random phase

 All other phases random with initial weights of 0.200 replaced by 0.2*alpha
 (or 1 if less) during first 4 cycles - unit weights for all phases thereafter


       9 Unique NQR employed in phase annealing


     125 Parallel refinements,  highest memory =    4359 /   83256

       0.0 seconds CPU time
 
 STRUCTURE SOLUTION for  IM1704 in P21/n #14                                                        


 Phase annealing cycle:     1   Beta =  0.03383
 Ralpha 0.991 0.019 0.022 0.022 0.018 0.018 0.018 0.020 0.018 0.815 0.702 0.018 0.020 0.019 0.020 0.019 0.966 0.856 1.019 0.152
 Nqual  0.217-0.269-0.930-0.535-0.139 0.133 0.082-0.498 0.150 0.425 0.302-0.136-0.124 0.064 0.650-0.475 0.394-0.649 0.178-0.278
 Mabs   0.501 1.121 1.155 1.155 1.114 1.122 1.071 1.150 1.122 0.536 0.568 1.121 1.121 1.112 1.068 1.120 0.505 0.527 0.496 0.826

 Phase annealing cycle:     2   Beta =  0.03759
 Ralpha 0.731 0.031 0.031 0.031 0.031 0.031 0.031 0.031 0.031 0.686 0.615 0.031 0.031 0.031 0.031 0.031 0.785 0.629 0.797 0.026
 Nqual -0.395-1.000-1.000 0.453 0.453 0.453 0.453-1.000-1.000 0.017 0.034-1.000 0.452 0.453 0.452-1.000-0.260 0.050-0.283 0.449
 Mabs   0.557 1.213 1.213 1.207 1.207 1.207 1.207 1.213 1.213 0.570 0.598 1.213 1.207 1.207 1.207 1.213 0.544 0.590 0.541 1.167

 Phase annealing cycle:     3   Beta =  0.04177
 Ralpha 0.743 0.031 0.031 0.031 0.031 0.031 0.031 0.031 0.031 0.692 0.598 0.031 0.031 0.031 0.031 0.031 0.736 0.650 0.746 0.031
 Nqual -0.098-1.000-1.000 0.458 0.458 0.458 0.458-1.000-1.000 0.024 0.003-1.000 0.452 0.458 0.453-1.000 0.412-0.032-0.447 0.452
 Mabs   0.554 1.213 1.213 1.206 1.206 1.206 1.206 1.213 1.213 0.568 0.604 1.213 1.207 1.206 1.207 1.213 0.556 0.584 0.554 1.207

 Phase annealing cycle:     4   Beta =  0.04641
 Ralpha 0.616 0.031 0.031 0.031 0.031 0.031 0.031 0.031 0.031 0.645 0.658 0.031 0.031 0.031 0.031 0.031 0.723 0.647 0.764 0.031
 Nqual  0.448-1.000-1.000 0.458 0.453 0.452 0.458-1.000-1.000 0.245 0.034-1.000 0.452 0.453 0.458-1.000 0.335 0.001 0.728 0.452
 Mabs   0.592 1.213 1.213 1.206 1.207 1.207 1.206 1.213 1.213 0.580 0.581 1.213 1.207 1.207 1.206 1.213 0.559 0.583 0.550 1.207

 Phase annealing cycle:     5   Beta =  0.05157
 Ralpha 0.616 0.031 0.031 0.031 0.031 0.031 0.031 0.031 0.031 0.666 0.664 0.031 0.031 0.031 0.031 0.031 0.690 0.582 0.780 0.031
 Nqual -0.262-1.000-1.000 0.453 0.458 0.453 0.458-1.000-1.000 0.201 0.046-1.000 0.452 0.458 0.458-1.000 0.478 0.017 0.692 0.452
 Mabs   0.596 1.213 1.213 1.207 1.206 1.207 1.206 1.213 1.213 0.574 0.578 1.213 1.207 1.206 1.206 1.213 0.569 0.613 0.546 1.207

 Phase annealing cycle:     6   Beta =  0.05729
 Ralpha 0.621 0.031 0.031 0.031 0.031 0.031 0.031 0.031 0.031 0.676 0.619 0.031 0.031 0.031 0.031 0.031 0.629 0.604 0.862 0.031
 Nqual  0.170-1.000-1.000 0.458 0.452 0.458 0.452-1.000-1.000 0.219 0.018-1.000 0.453 0.453 0.453-1.000 0.781 0.007-0.208 0.452
 Mabs   0.593 1.213 1.213 1.206 1.207 1.206 1.207 1.213 1.213 0.572 0.592 1.213 1.207 1.207 1.207 1.213 0.588 0.603 0.527 1.207

 Phase annealing cycle:     7   Beta =  0.06366
 Ralpha 0.591 0.031 0.031 0.031 0.031 0.031 0.031 0.031 0.031 0.681 0.592 0.031 0.031 0.031 0.031 0.031 0.648 0.597 0.791 0.031
 Nqual  0.807-1.000-1.000 0.458 0.452 0.452 0.453-1.000-1.000 0.262 0.007-1.000 0.458 0.458 0.458-1.000 0.783 0.007-0.033 0.452
 Mabs   0.610 1.213 1.213 1.206 1.207 1.207 1.207 1.213 1.213 0.571 0.605 1.213 1.206 1.206 1.206 1.213 0.582 0.603 0.543 1.207

 Phase annealing cycle:     8   Beta =  0.07073
 Ralpha 0.599 0.031 0.031 0.031 0.031 0.031 0.031 0.031 0.031 0.723 0.614 0.031 0.031 0.031 0.031 0.031 0.634 0.597 0.634 0.031
 Nqual  0.807-1.000-1.000 0.453 0.452 0.453 0.458-1.000-1.000 0.236 0.001-1.000 0.452 0.452 0.452-1.000 0.805 0.021 0.811 0.453
 Mabs   0.607 1.213 1.213 1.207 1.207 1.207 1.206 1.213 1.213 0.559 0.597 1.213 1.207 1.207 1.207 1.213 0.588 0.605 0.590 1.207

 Phase annealing cycle:     9   Beta =  0.07859
 Ralpha 0.599 0.031 0.031 0.031 0.031 0.031 0.031 0.031 0.031 0.701 0.595 0.031 0.031 0.031 0.031 0.031 0.624 0.601 0.614 0.031
 Nqual  0.807-1.000-1.000 0.458 0.452 0.458 0.452-1.000-1.000 0.282 0.021-1.000 0.453 0.452 0.452-1.000 0.798 0.007 0.800 0.458
 Mabs   0.607 1.213 1.213 1.206 1.207 1.206 1.207 1.213 1.213 0.564 0.607 1.213 1.207 1.207 1.207 1.213 0.592 0.602 0.599 1.206

 Phase annealing cycle:    10   Beta =  0.08733
 Ralpha 0.607 0.031 0.031 0.031 0.031 0.031 0.031 0.031 0.031 0.695 0.601 0.031 0.031 0.031 0.031 0.031 0.625 0.626 0.636 0.031
 Nqual  0.802-1.000-1.000 0.453 0.452 0.453 0.453-1.000-1.000 0.191 0.007-1.000 0.458 0.452 0.452-1.000 0.804 0.004 0.795 0.452
 Mabs   0.602 1.213 1.213 1.207 1.207 1.207 1.207 1.213 1.213 0.565 0.602 1.213 1.206 1.207 1.207 1.213 0.593 0.591 0.587 1.207

 Phase refinement cycle:   1
 Ralpha 1.941 0.148 0.148 0.169 0.169 0.169 0.169 0.148 0.148 3.072 1.786 0.148 0.169 0.169 0.169 0.148 1.927 1.781 1.936 0.169
 Nqual -0.056-1.000-1.000-0.190-0.191-0.190-0.190-1.000-1.000 0.001-0.836-1.000-0.191-0.191-0.191-1.000-0.056-0.836-0.056-0.191
 Mabs   0.395 0.754 0.754 0.738 0.738 0.738 0.738 0.754 0.754 0.333 0.408 0.754 0.738 0.738 0.738 0.754 0.396 0.408 0.396 0.738

   Try    Ralpha Nqual Sigma-1 M(abs) CFOM   Seminvariants

 1913623. 0.443 -0.245  0.130  0.677  0.941  -+--- -+--+ ++++- +++-+ ++-+- +-++- ++++- ++-
 1179507. 0.048 -0.994  0.983  1.276  0.048  -++-- +-+++ -+-+- --+++ +++++ ++-+- ---++ ++-
 1703231. 0.048 -0.994  0.983  1.276  0.048  -++-- +-+++ -+-+- --+++ +++++ ++-+- ---++ ++-
  127547. 0.051 -0.350  0.856  1.202  0.411  ++-++ ----+ -+-++ --+-+ ++-+- +-++- -+-+- +++
  637735. 0.051 -0.350  0.856  1.202  0.411  ++-++ ----+ -+-++ --+-+ ++-+- +-++- -+-+- +++
 1091523. 0.051 -0.350  0.856  1.202  0.411  ++-++ ----+ -+-++ --+-+ ++-+- +-++- -+-+- +++
 1263311. 0.051 -0.350  0.856  1.202  0.411  ++-++ ----+ -+-++ --+-+ ++-+- +-++- -+-+- +++
   25099. 0.048 -0.994  0.983  1.276  0.048  -++-- +-+++ -+-+- --+++ +++++ ++-+- ---++ ++-
  125495. 0.048 -0.994  0.983  1.276  0.048  -++-- +-+++ -+-+- --+++ +++++ ++-+- ---++ ++-
  627475. 0.749 -0.351  0.122  0.554  1.107  -+--- -+--+ ++++- +++-+ ++-+- +-+++ +-++- +--
 1040223. 0.337 -0.899  0.219  0.737  0.340  +++++ +++++ +++++ +++++ +++++ ++-+- +-+++ +++
 1006811. 0.048 -0.994  0.983  1.276  0.048  -++-- +-+++ -+-+- --+++ +++++ ++-+- ---++ ++-
  839751. 0.051 -0.350  0.856  1.202  0.411  ++-++ ----+ -+-++ --+-+ ++-+- +-++- -+-+- +++
    4451. 0.051 -0.350  0.856  1.202  0.411  ++-++ ----+ -+-++ --+-+ ++-+- +-++- -+-+- +++
   22255. 0.051 -0.350  0.856  1.202  0.411  ++-++ ----+ -+-++ --+-+ ++-+- +-++- -+-+- +++
  111275. 0.048 -0.994  0.983  1.276  0.048  -++-- +-+++ -+-+- --+++ +++++ ++-+- ---++ ++-
  556375. 0.443 -0.245  0.130  0.677  0.941  -+--- -+--+ ++++- +++-+ ++-+- +-++- ++++- ++-
  684723. 0.337 -0.899  0.219  0.737  0.340  +++++ +++++ +++++ +++++ +++++ ++-+- +-+++ +++
 1326463. 0.443 -0.245  0.130  0.677  0.941  -+--- -+--+ ++++- +++-+ ++-+- +-++- ++++- ++-
  340859. 0.051 -0.350  0.856  1.202  0.411  ++-++ ----+ -+-++ --+-+ ++-+- +-++- -+-+- +++
 1704295. 0.048 -0.994  0.983  1.276  0.048  -++-- +-+++ -+-+- --+++ +++++ ++-+- ---++ ++-
  132867. 0.051 -0.350  0.856  1.202  0.411  ++-++ ----+ -+-++ --+-+ ++-+- +-++- -+-+- +++
  664335. 0.048 -0.994  0.983  1.276  0.048  -++-- +-+++ -+-+- --+++ +++++ ++-+- ---++ ++-
 1224523. 0.051 -0.350  0.856  1.202  0.411  ++-++ ----+ -+-++ --+-+ ++-+- +-++- -+-+- +++
 1928311. 0.048 -0.994  0.983  1.276  0.048  -++-- +-+++ -+-+- --+++ +++++ ++-+- ---++ ++-
 1252947. 0.337 -0.899  0.219  0.737  0.340  +++++ +++++ +++++ +++++ +++++ ++-+- +-+++ +++
 2070431. 0.048 -0.994  0.983  1.276  0.048  -++-- +-+++ -+-+- --+++ +++++ ++-+- ---++ ++-
 1963547. 0.048 -0.994  0.983  1.276  0.048  -++-- +-+++ -+-+- --+++ +++++ ++-+- ---++ ++-
 1429127. 0.048 -0.994  0.983  1.276  0.048  -++-- +-+++ -+-+- --+++ +++++ ++-+- ---++ ++-
  228975. 0.048 -0.994  0.983  1.276  0.048  -++-- +-+++ -+-+- --+++ +++++ ++-+- ---++ ++-
  286287. 0.048 -0.994  0.983  1.276  0.048  -++-- +-+++ -+-+- --+++ +++++ ++-+- ---++ ++-
 1998779. 0.048 -0.994  0.983  1.276  0.048  -++-- +-+++ -+-+- --+++ +++++ ++-+- ---++ ++-
  802155. 0.048 -0.994  0.983  1.276  0.048  -++-- +-+++ -+-+- --+++ +++++ ++-+- ---++ ++-
 1530071. 0.048 -0.994  0.983  1.276  0.048  -++-- +-+++ -+-+- --+++ +++++ ++-+- ---++ ++-
  160431. 0.051 -0.350  0.856  1.202  0.411  ++-++ ----+ -+-++ --+-+ ++-+- +-++- -+-+- +++
 2090215. 0.051 -0.350  0.856  1.202  0.411  ++-++ ----+ -+-++ --+-+ ++-+- +-++- -+-+- +++
 1017959. 0.048 -0.994  0.983  1.276  0.048  -++-- +-+++ -+-+- --+++ +++++ ++-+- ---++ ++-
  895491. 0.048 -0.994  0.983  1.276  0.048  -++-- +-+++ -+-+- --+++ +++++ ++-+- ---++ ++-
 1240727. 0.048 -0.994  0.983  1.276  0.048  -++-- +-+++ -+-+- --+++ +++++ ++-+- ---++ ++-
 1839443. 0.051 -0.350  0.856  1.202  0.411  ++-++ ----+ -+-++ --+-+ ++-+- +-++- -+-+- +++
 1955831. 0.048 -0.994  0.983  1.276  0.048  -++-- +-+++ -+-+- --+++ +++++ ++-+- ---++ ++-
 1658047. 0.048 -0.994  0.983  1.276  0.048  -++-- +-+++ -+-+- --+++ +++++ ++-+- ---++ ++-
  865719. 0.048 -0.994  0.983  1.276  0.048  -++-- +-+++ -+-+- --+++ +++++ ++-+- ---++ ++-
 1945883. 0.048 -0.994  0.983  1.276  0.048  -++-- +-+++ -+-+- --+++ +++++ ++-+- ---++ ++-
 1340807. 0.051 -0.350  0.856  1.202  0.411  ++-++ ----+ -+-++ --+-+ ++-+- +-++- -+-+- +++
 2076315. 0.051 -0.350  0.856  1.202  0.411  ++-++ ----+ -+-++ --+-+ ++-+- +-++- -+-+- +++
  415263. 0.048 -0.994  0.983  1.276  0.048  -++-- +-+++ -+-+- --+++ +++++ ++-+- ---++ ++-
  167587. 0.051 -0.350  0.856  1.202  0.411  ++-++ ----+ -+-++ --+-+ ++-+- +-++- -+-+- +++
  230731. 0.051 -0.350  0.856  1.202  0.411  ++-++ ----+ -+-++ --+-+ ++-+- +-++- -+-+- +++
 1596479. 0.051 -0.350  0.856  1.202  0.411  ++-++ ----+ -+-++ --+-+ ++-+- +-++- -+-+- +++
  584679. 0.048 -0.994  0.983  1.276  0.048  -++-- +-+++ -+-+- --+++ +++++ ++-+- ---++ ++-
 2092523. 0.051 -0.350  0.856  1.202  0.411  ++-++ ----+ -+-++ --+-+ ++-+- +-++- -+-+- +++
 1969419. 0.048 -0.994  0.983  1.276  0.048  -++-- +-+++ -+-+- --+++ +++++ ++-+- ---++ ++-
 1600539. 0.051 -0.350  0.856  1.202  0.411  ++-++ ----+ -+-++ --+-+ ++-+- +-++- -+-+- +++
 1457631. 0.051 -0.350  0.856  1.202  0.411  ++-++ ----+ -+-++ --+-+ ++-+- +-++- -+-+- +++
  330435. 0.051 -0.350  0.856  1.202  0.411  ++-++ ----+ -+-++ --+-+ ++-+- +-++- -+-+- +++
  837935. 0.051 -0.350  0.856  1.202  0.411  ++-++ ----+ -+-++ --+-+ ++-+- +-++- -+-+- +++
 1577587. 0.048 -0.994  0.983  1.276  0.048  -++-- +-+++ -+-+- --+++ +++++ ++-+- ---++ ++-
  996699. 0.048 -0.994  0.983  1.276  0.048  -++-- +-+++ -+-+- --+++ +++++ ++-+- ---++ ++-
 1903799. 0.048 -0.994  0.983  1.276  0.048  -++-- +-+++ -+-+- --+++ +++++ ++-+- ---++ ++-
  413655. 0.048 -0.994  0.983  1.276  0.048  -++-- +-+++ -+-+- --+++ +++++ ++-+- ---++ ++-
  275899. 0.048 -0.994  0.983  1.276  0.048  -++-- +-+++ -+-+- --+++ +++++ ++-+- ---++ ++-
  927515. 0.048 -0.994  0.983  1.276  0.048  -++-- +-+++ -+-+- --+++ +++++ ++-+- ---++ ++-
 1239807. 0.051 -0.350  0.856  1.202  0.411  ++-++ ----+ -+-++ --+-+ ++-+- +-++- -+-+- +++
  456531. 0.048 -0.994  0.983  1.276  0.048  -++-- +-+++ -+-+- --+++ +++++ ++-+- ---++ ++-
  443271. 0.048 -0.994  0.983  1.276  0.048  -++-- +-+++ -+-+- --+++ +++++ ++-+- ---++ ++-
  367727. 0.051 -0.350  0.856  1.202  0.411  ++-++ ----+ -+-++ --+-+ ++-+- +-++- -+-+- +++
  302663. 0.048 -0.994  0.983  1.276  0.048  -++-- +-+++ -+-+- --+++ +++++ ++-+- ---++ ++-
  829499. 0.051 -0.350  0.856  1.202  0.411  ++-++ ----+ -+-++ --+-+ ++-+- +-++- -+-+- +++
  185503. 0.051 -0.350  0.856  1.202  0.411  ++-++ ----+ -+-++ --+-+ ++-+- +-++- -+-+- +++
  119203. 0.048 -0.994  0.983  1.276  0.048  -++-- +-+++ -+-+- --+++ +++++ ++-+- ---++ ++-
   81119. 0.051 -0.350  0.856  1.202  0.411  ++-++ ----+ -+-++ --+-+ ++-+- +-++- -+-+- +++
 1904815. 0.048 -0.994  0.983  1.276  0.048  -++-- +-+++ -+-+- --+++ +++++ ++-+- ---++ ++-
  372751. 0.048 -0.994  0.983  1.276  0.048  -++-- +-+++ -+-+- --+++ +++++ ++-+- ---++ ++-
  926927. 0.048 -0.994  0.983  1.276  0.048  -++-- +-+++ -+-+- --+++ +++++ ++-+- ---++ ++-
 1751267. 0.048 -0.994  0.983  1.276  0.048  -++-- +-+++ -+-+- --+++ +++++ ++-+- ---++ ++-
 1274515. 0.048 -0.994  0.983  1.276  0.048  -++-- +-+++ -+-+- --+++ +++++ ++-+- ---++ ++-
 1971095. 0.048 -0.994  0.983  1.276  0.048  -++-- +-+++ -+-+- --+++ +++++ ++-+- ---++ ++-
 1186367. 0.048 -0.994  0.983  1.276  0.048  -++-- +-+++ -+-+- --+++ +++++ ++-+- ---++ ++-
  183547. 0.048 -0.994  0.983  1.276  0.048  -++-- +-+++ -+-+- --+++ +++++ ++-+- ---++ ++-
  736223. 0.048 -0.994  0.983  1.276  0.048  -++-- +-+++ -+-+- --+++ +++++ ++-+- ---++ ++-
 1918519. 0.051 -0.350  0.856  1.202  0.411  ++-++ ----+ -+-++ --+-+ ++-+- +-++- -+-+- +++
 1061879. 0.051 -0.350  0.856  1.202  0.411  ++-++ ----+ -+-++ --+-+ ++-+- +-++- -+-+- +++
  730267. 0.051 -0.350  0.856  1.202  0.411  ++-++ ----+ -+-++ --+-+ ++-+- +-++- -+-+- +++
  328399. 0.048 -0.994  0.983  1.276  0.048  -++-- +-+++ -+-+- --+++ +++++ ++-+- ---++ ++-
 1323971. 0.048 -0.994  0.983  1.276  0.048  -++-- +-+++ -+-+- --+++ +++++ ++-+- ---++ ++-
 1495235. 0.051 -0.350  0.856  1.202  0.411  ++-++ ----+ -+-++ --+-+ ++-+- +-++- -+-+- +++
 1737531. 0.048 -0.994  0.983  1.276  0.048  -++-- +-+++ -+-+- --+++ +++++ ++-+- ---++ ++-
  853451. 0.051 -0.350  0.856  1.202  0.411  ++-++ ----+ -+-++ --+-+ ++-+- +-++- -+-+- +++
 1020091. 0.051 -0.350  0.856  1.202  0.411  ++-++ ----+ -+-++ --+-+ ++-+- +-++- -+-+- +++
 1221675. 0.051 -0.350  0.856  1.202  0.411  ++-++ ----+ -+-++ --+-+ ++-+- +-++- -+-+- +++
  158059. 0.051 -0.350  0.856  1.202  0.411  ++-++ ----+ -+-++ --+-+ ++-+- +-++- -+-+- +++
  761723. 0.051 -0.350  0.856  1.202  0.411  ++-++ ----+ -+-++ --+-+ ++-+- +-++- -+-+- +++
  915063. 0.048 -0.994  0.983  1.276  0.048  -++-- +-+++ -+-+- --+++ +++++ ++-+- ---++ ++-
  612259. 0.051 -0.350  0.856  1.202  0.411  ++-++ ----+ -+-++ --+-+ ++-+- +-++- -+-+- +++
 1333855. 0.048 -0.994  0.983  1.276  0.048  -++-- +-+++ -+-+- --+++ +++++ ++-+- ---++ ++-
 1799275. 0.048 -0.994  0.983  1.276  0.048  -++-- +-+++ -+-+- --+++ +++++ ++-+- ---++ ++-
 2036147. 0.048 -0.994  0.983  1.276  0.048  -++-- +-+++ -+-+- --+++ +++++ ++-+- ---++ ++-
 1136667. 0.048 -0.994  0.983  1.276  0.048  -++-- +-+++ -+-+- --+++ +++++ ++-+- ---++ ++-
  891559. 0.051 -0.350  0.856  1.202  0.411  ++-++ ----+ -+-++ --+-+ ++-+- +-++- -+-+- +++
  539207. 0.051 -0.350  0.856  1.202  0.411  ++-++ ----+ -+-++ --+-+ ++-+- +-++- -+-+- +++
 1579499. 0.051 -0.350  0.856  1.202  0.411  ++-++ ----+ -+-++ --+-+ ++-+- +-++- -+-+- +++
 2041731. 0.048 -0.994  0.983  1.276  0.048  -++-- +-+++ -+-+- --+++ +++++ ++-+- ---++ ++-
 1317455. 0.048 -0.994  0.983  1.276  0.048  -++-- +-+++ -+-+- --+++ +++++ ++-+- ---++ ++-
  945963. 0.048 -0.994  0.983  1.276  0.048  -++-- +-+++ -+-+- --+++ +++++ ++-+- ---++ ++-
   54651. 0.048 -0.994  0.983  1.276  0.048  -++-- +-+++ -+-+- --+++ +++++ ++-+- ---++ ++-
 1366275. 0.048 -0.994  0.983  1.276  0.048  -++-- +-+++ -+-+- --+++ +++++ ++-+- ---++ ++-
  157879. 0.048 -0.994  0.983  1.276  0.048  -++-- +-+++ -+-+- --+++ +++++ ++-+- ---++ ++-
  541155. 0.048 -0.994  0.983  1.276  0.048  -++-- +-+++ -+-+- --+++ +++++ ++-+- ---++ ++-
  272739. 0.051 -0.350  0.856  1.202  0.411  ++-++ ----+ -+-++ --+-+ ++-+- +-++- -+-+- +++
 1987335. 0.051 -0.350  0.856  1.202  0.411  ++-++ ----+ -+-++ --+-+ ++-+- +-++- -+-+- +++
  592563. 0.048 -0.994  0.983  1.276  0.048  -++-- +-+++ -+-+- --+++ +++++ ++-+- ---++ ++-
 1250075. 0.051 -0.350  0.856  1.202  0.411  ++-++ ----+ -+-++ --+-+ ++-+- +-++- -+-+- +++
 1676863. 0.048 -0.994  0.983  1.276  0.048  -++-- +-+++ -+-+- --+++ +++++ ++-+- ---++ ++-
  442063. 0.048 -0.994  0.983  1.276  0.048  -++-- +-+++ -+-+- --+++ +++++ ++-+- ---++ ++-
  113163. 0.048 -0.994  0.983  1.276  0.048  -++-- +-+++ -+-+- --+++ +++++ ++-+- ---++ ++-
  527019. 0.048 -0.994  0.983  1.276  0.048  -++-- +-+++ -+-+- --+++ +++++ ++-+- ---++ ++-
 1224243. 0.048 -0.994  0.983  1.276  0.048  -++-- +-+++ -+-+- --+++ +++++ ++-+- ---++ ++-
 1757215. 0.051 -0.350  0.856  1.202  0.411  ++-++ ----+ -+-++ --+-+ ++-+- +-++- -+-+- +++
 1560527. 0.048 -0.994  0.983  1.276  0.048  -++-- +-+++ -+-+- --+++ +++++ ++-+- ---++ ++-
  865663. 0.048 -0.994  0.983  1.276  0.048  -++-- +-+++ -+-+- --+++ +++++ ++-+- ---++ ++-
 1245947. 0.048 -0.994  0.983  1.276  0.048  -++-- +-+++ -+-+- --+++ +++++ ++-+- ---++ ++-
 1496475. 0.048 -0.994  0.983  1.276  0.048  -++-- +-+++ -+-+- --+++ +++++ ++-+- ---++ ++-
  429431. 0.051 -0.350  0.856  1.202  0.411  ++-++ ----+ -+-++ --+-+ ++-+- +-++- -+-+- +++
  707395. 0.048 -0.994  0.983  1.276  0.048* -++-- +-+++ -+-+- --+++ +++++ ++-+- ---++ ++-

 1920187. 0.048 -0.994  0.983  1.276  0.048  -++-- +-+++ -+-+- --+++ +++++ ++-+- ---++ ++-
  545931. 0.048 -0.994  0.983  1.276  0.048  -++-- +-+++ -+-+- --+++ +++++ ++-+- ---++ ++-
  632503. 0.048 -0.994  0.983  1.276  0.048  -++-- +-+++ -+-+- --+++ +++++ ++-+- ---++ ++-
 1065363. 0.048 -0.994  0.983  1.276  0.048  -++-- +-+++ -+-+- --+++ +++++ ++-+- ---++ ++-
 1049799. 0.048 -0.994  0.983  1.276  0.048  -++-- +-+++ -+-+- --+++ +++++ ++-+- ---++ ++-
 1054691. 0.048 -0.994  0.983  1.276  0.048  -++-- +-+++ -+-+- --+++ +++++ ++-+- ---++ ++-
 1079151. 0.048 -0.994  0.983  1.276  0.048  -++-- +-+++ -+-+- --+++ +++++ ++-+- ---++ ++-
 1812951. 0.048 -0.994  0.983  1.276  0.048  -++-- +-+++ -+-+- --+++ +++++ ++-+- ---++ ++-
  126459. 0.048 -0.994  0.983  1.276  0.048  -++-- +-+++ -+-+- --+++ +++++ ++-+- ---++ ++-
 1442251. 0.048 -0.994  0.983  1.276  0.048  -++-- +-+++ -+-+- --+++ +++++ ++-+- ---++ ++-
  481099. 0.048 -0.994  0.983  1.276  0.048  -++-- +-+++ -+-+- --+++ +++++ ++-+- ---++ ++-
 1246831. 0.048 -0.994  0.983  1.276  0.048  -++-- +-+++ -+-+- --+++ +++++ ++-+- ---++ ++-
  574807. 0.048 -0.994  0.983  1.276  0.048  -++-- +-+++ -+-+- --+++ +++++ ++-+- ---++ ++-
  778895. 0.048 -0.994  0.983  1.276  0.048  -++-- +-+++ -+-+- --+++ +++++ ++-+- ---++ ++-
 1792683. 0.048 -0.994  0.983  1.276  0.048  -++-- +-+++ -+-+- --+++ +++++ ++-+- ---++ ++-
  664627. 0.048 -0.994  0.983  1.276  0.048  -++-- +-+++ -+-+- --+++ +++++ ++-+- ---++ ++-
 2034187. 0.048 -0.994  0.983  1.276  0.048  -++-- +-+++ -+-+- --+++ +++++ ++-+- ---++ ++-
 1787263. 0.048 -0.994  0.983  1.276  0.048  -++-- +-+++ -+-+- --+++ +++++ ++-+- ---++ ++-
 1350555. 0.048 -0.994  0.983  1.276  0.048  -++-- +-+++ -+-+- --+++ +++++ ++-+- ---++ ++-
 2039851. 0.048 -0.994  0.983  1.276  0.048  -++-- +-+++ -+-+- --+++ +++++ ++-+- ---++ ++-
 1047215. 0.048 -0.994  0.983  1.276  0.048  -++-- +-+++ -+-+- --+++ +++++ ++-+- ---++ ++-
 1966043. 0.048 -0.994  0.983  1.276  0.048  -++-- +-+++ -+-+- --+++ +++++ ++-+- ---++ ++-
  687543. 0.048 -0.994  0.983  1.276  0.048  -++-- +-+++ -+-+- --+++ +++++ ++-+- ---++ ++-
 1895367. 0.048 -0.994  0.983  1.276  0.048  -++-- +-+++ -+-+- --+++ +++++ ++-+- ---++ ++-
 1300763. 0.048 -0.994  0.983  1.276  0.048  -++-- +-+++ -+-+- --+++ +++++ ++-+- ---++ ++-
  388591. 0.048 -0.994  0.983  1.276  0.048  -++-- +-+++ -+-+- --+++ +++++ ++-+- ---++ ++-
 1379051. 0.048 -0.994  0.983  1.276  0.048  -++-- +-+++ -+-+- --+++ +++++ ++-+- ---++ ++-
  921843. 0.048 -0.994  0.983  1.276  0.048  -++-- +-+++ -+-+- --+++ +++++ ++-+- ---++ ++-
 1532227. 0.048 -0.994  0.983  1.276  0.048  -++-- +-+++ -+-+- --+++ +++++ ++-+- ---++ ++-
 1439011. 0.048 -0.994  0.983  1.276  0.048  -++-- +-+++ -+-+- --+++ +++++ ++-+- ---++ ++-
  643131. 0.048 -0.994  0.983  1.276  0.048  -++-- +-+++ -+-+- --+++ +++++ ++-+- ---++ ++-
 1102535. 0.048 -0.994  0.983  1.276  0.048  -++-- +-+++ -+-+- --+++ +++++ ++-+- ---++ ++-
 1973663. 0.048 -0.994  0.983  1.276  0.048  -++-- +-+++ -+-+- --+++ +++++ ++-+- ---++ ++-
  535883. 0.048 -0.994  0.983  1.276  0.048  -++-- +-+++ -+-+- --+++ +++++ ++-+- ---++ ++-
 1632535. 0.048 -0.994  0.983  1.276  0.048  -++-- +-+++ -+-+- --+++ +++++ ++-+- ---++ ++-
 1117607. 0.048 -0.994  0.983  1.276  0.048  -++-- +-+++ -+-+- --+++ +++++ ++-+- ---++ ++-
 1743023. 0.048 -0.994  0.983  1.276  0.048  -++-- +-+++ -+-+- --+++ +++++ ++-+- ---++ ++-
  153607. 0.048 -0.994  0.983  1.276  0.048  -++-- +-+++ -+-+- --+++ +++++ ++-+- ---++ ++-
  768035. 0.048 -0.994  0.983  1.276  0.048  -++-- +-+++ -+-+- --+++ +++++ ++-+- ---++ ++-
 1393731. 0.048 -0.994  0.983  1.276  0.048  -++-- +-+++ -+-+- --+++ +++++ ++-+- ---++ ++-
  475851. 0.048 -0.994  0.983  1.276  0.048  -++-- +-+++ -+-+- --+++ +++++ ++-+- ---++ ++-
  706947. 0.048 -0.994  0.983  1.276  0.048  -++-- +-+++ -+-+- --+++ +++++ ++-+- ---++ ++-
 1127495. 0.048 -0.994  0.983  1.276  0.048  -++-- +-+++ -+-+- --+++ +++++ ++-+- ---++ ++-
 1420267. 0.048 -0.994  0.983  1.276  0.048  -++-- +-+++ -+-+- --+++ +++++ ++-+- ---++ ++-
  809879. 0.048 -0.994  0.983  1.276  0.048  -++-- +-+++ -+-+- --+++ +++++ ++-+- ---++ ++-
  271331. 0.048 -0.994  0.983  1.276  0.048  -++-- +-+++ -+-+- --+++ +++++ ++-+- ---++ ++-
 2075451. 0.048 -0.994  0.983  1.276  0.048  -++-- +-+++ -+-+- --+++ +++++ ++-+- ---++ ++-
 1384683. 0.048 -0.994  0.983  1.276  0.048  -++-- +-+++ -+-+- --+++ +++++ ++-+- ---++ ++-
  392355. 0.048 -0.994  0.983  1.276  0.048  -++-- +-+++ -+-+- --+++ +++++ ++-+- ---++ ++-
  873043. 0.048 -0.994  0.983  1.276  0.048  -++-- +-+++ -+-+- --+++ +++++ ++-+- ---++ ++-
 1390391. 0.048 -0.994  0.983  1.276  0.048  -++-- +-+++ -+-+- --+++ +++++ ++-+- ---++ ++-
   10723. 0.048 -0.994  0.983  1.276  0.048  -++-- +-+++ -+-+- --+++ +++++ ++-+- ---++ ++-
 1175539. 0.048 -0.994  0.983  1.276  0.048  -++-- +-+++ -+-+- --+++ +++++ ++-+- ---++ ++-
 1989875. 0.048 -0.994  0.983  1.276  0.048  -++-- +-+++ -+-+- --+++ +++++ ++-+- ---++ ++-
 1040083. 0.048 -0.994  0.983  1.276  0.048  -++-- +-+++ -+-+- --+++ +++++ ++-+- ---++ ++-
 1680903. 0.048 -0.994  0.983  1.276  0.048  -++-- +-+++ -+-+- --+++ +++++ ++-+- ---++ ++-
   97495. 0.048 -0.994  0.983  1.276  0.048  -++-- +-+++ -+-+- --+++ +++++ ++-+- ---++ ++-
 1270439. 0.048 -0.994  0.983  1.276  0.048  -++-- +-+++ -+-+- --+++ +++++ ++-+- ---++ ++-
  268075. 0.048 -0.994  0.983  1.276  0.048  -++-- +-+++ -+-+- --+++ +++++ ++-+- ---++ ++-
 1560767. 0.048 -0.994  0.983  1.276  0.048  -++-- +-+++ -+-+- --+++ +++++ ++-+- ---++ ++-
  397975. 0.048 -0.994  0.983  1.276  0.048  -++-- +-+++ -+-+- --+++ +++++ ++-+- ---++ ++-
 1553267. 0.048 -0.994  0.983  1.276  0.048  -++-- +-+++ -+-+- --+++ +++++ ++-+- ---++ ++-
 2056663. 0.048 -0.994  0.983  1.276  0.048  -++-- +-+++ -+-+- --+++ +++++ ++-+- ---++ ++-
 2021747. 0.048 -0.994  0.983  1.276  0.048  -++-- +-+++ -+-+- --+++ +++++ ++-+- ---++ ++-
 1518867. 0.048 -0.994  0.983  1.276  0.048  -++-- +-+++ -+-+- --+++ +++++ ++-+- ---++ ++-
  222939. 0.048 -0.994  0.983  1.276  0.048  -++-- +-+++ -+-+- --+++ +++++ ++-+- ---++ ++-
 1957351. 0.048 -0.994  0.983  1.276  0.048  -++-- +-+++ -+-+- --+++ +++++ ++-+- ---++ ++-
  704759. 0.048 -0.994  0.983  1.276  0.048  -++-- +-+++ -+-+- --+++ +++++ ++-+- ---++ ++-
 1658091. 0.048 -0.994  0.983  1.276  0.048  -++-- +-+++ -+-+- --+++ +++++ ++-+- ---++ ++-
  803931. 0.048 -0.994  0.983  1.276  0.048  -++-- +-+++ -+-+- --+++ +++++ ++-+- ---++ ++-
 1916895. 0.048 -0.994  0.983  1.276  0.048  -++-- +-+++ -+-+- --+++ +++++ ++-+- ---++ ++-
   50211. 0.048 -0.994  0.983  1.276  0.048  -++-- +-+++ -+-+- --+++ +++++ ++-+- ---++ ++-
 1553219. 0.048 -0.994  0.983  1.276  0.048  -++-- +-+++ -+-+- --+++ +++++ ++-+- ---++ ++-

  436999. 0.048 -0.994  0.983  1.276  0.048  -++-- +-+++ -+-+- --+++ +++++ ++-+- ---++ ++-
   87843. 0.048 -0.994  0.983  1.276  0.048  -++-- +-+++ -+-+- --+++ +++++ ++-+- ---++ ++-
  439215. 0.048 -0.994  0.983  1.276  0.048  -++-- +-+++ -+-+- --+++ +++++ ++-+- ---++ ++-
  375923. 0.048 -0.994  0.983  1.276  0.048  -++-- +-+++ -+-+- --+++ +++++ ++-+- ---++ ++-
 1009467. 0.048 -0.994  0.983  1.276  0.048  -++-- +-+++ -+-+- --+++ +++++ ++-+- ---++ ++-
   70851. 0.048 -0.994  0.983  1.276  0.048  -++-- +-+++ -+-+- --+++ +++++ ++-+- ---++ ++-
  354255. 0.048 -0.994  0.983  1.276  0.048  -++-- +-+++ -+-+- --+++ +++++ ++-+- ---++ ++-
  241683. 0.048 -0.994  0.983  1.276  0.048  -++-- +-+++ -+-+- --+++ +++++ ++-+- ---++ ++-
 1208415. 0.048 -0.994  0.983  1.276  0.048  -++-- +-+++ -+-+- --+++ +++++ ++-+- ---++ ++-
  850247. 0.048 -0.994  0.983  1.276  0.048  -++-- +-+++ -+-+- --+++ +++++ ++-+- ---++ ++-
   56931. 0.048 -0.994  0.983  1.276  0.048  -++-- +-+++ -+-+- --+++ +++++ ++-+- ---++ ++-
 1748607. 0.048 -0.994  0.983  1.276  0.048  -++-- +-+++ -+-+- --+++ +++++ ++-+- ---++ ++-
 1119739. 0.048 -0.994  0.983  1.276  0.048  -++-- +-+++ -+-+- --+++ +++++ ++-+- ---++ ++-
  869043. 0.048 -0.994  0.983  1.276  0.048  -++-- +-+++ -+-+- --+++ +++++ ++-+- ---++ ++-
 1572139. 0.048 -0.994  0.983  1.276  0.048  -++-- +-+++ -+-+- --+++ +++++ ++-+- ---++ ++-
  754555. 0.048 -0.994  0.983  1.276  0.048  -++-- +-+++ -+-+- --+++ +++++ ++-+- ---++ ++-
 1834827. 0.048 -0.994  0.983  1.276  0.048  -++-- +-+++ -+-+- --+++ +++++ ++-+- ---++ ++-
  150911. 0.048 -0.994  0.983  1.276  0.048  -++-- +-+++ -+-+- --+++ +++++ ++-+- ---++ ++-
 1569239. 0.048 -0.994  0.983  1.276  0.048  -++-- +-+++ -+-+- --+++ +++++ ++-+- ---++ ++-
 2075867. 0.048 -0.994  0.983  1.276  0.048  -++-- +-+++ -+-+- --+++ +++++ ++-+- ---++ ++-
  220807. 0.048 -0.994  0.983  1.276  0.048  -++-- +-+++ -+-+- --+++ +++++ ++-+- ---++ ++-
 1747347. 0.048 -0.994  0.983  1.276  0.048  -++-- +-+++ -+-+- --+++ +++++ ++-+- ---++ ++-
  763807. 0.048 -0.994  0.983  1.276  0.048  -++-- +-+++ -+-+- --+++ +++++ ++-+- ---++ ++-
 1946123. 0.048 -0.994  0.983  1.276  0.048  -++-- +-+++ -+-+- --+++ +++++ ++-+- ---++ ++-
  577395. 0.048 -0.994  0.983  1.276  0.048  -++-- +-+++ -+-+- --+++ +++++ ++-+- ---++ ++-
  355919. 0.048 -0.994  0.983  1.276  0.048  -++-- +-+++ -+-+- --+++ +++++ ++-+- ---++ ++-
 1172579. 0.048 -0.994  0.983  1.276  0.048  -++-- +-+++ -+-+- --+++ +++++ ++-+- ---++ ++-
 1268927. 0.048 -0.994  0.983  1.276  0.048  -++-- +-+++ -+-+- --+++ +++++ ++-+- ---++ ++-
 1337335. 0.048 -0.994  0.983  1.276  0.048  -++-- +-+++ -+-+- --+++ +++++ ++-+- ---++ ++-
 1329475. 0.048 -0.994  0.983  1.276  0.048  -++-- +-+++ -+-+- --+++ +++++ ++-+- ---++ ++-
 1281387. 0.048 -0.994  0.983  1.276  0.048  -++-- +-+++ -+-+- --+++ +++++ ++-+- ---++ ++-
 2064023. 0.048 -0.994  0.983  1.276  0.048  -++-- +-+++ -+-+- --+++ +++++ ++-+- ---++ ++-
 2047467. 0.048 -0.994  0.983  1.276  0.048  -++-- +-+++ -+-+- --+++ +++++ ++-+- ---++ ++-
  555731. 0.048 -0.994  0.983  1.276  0.048  -++-- +-+++ -+-+- --+++ +++++ ++-+- ---++ ++-
  217519. 0.048 -0.994  0.983  1.276  0.048  -++-- +-+++ -+-+- --+++ +++++ ++-+- ---++ ++-
 1549019. 0.048 -0.994  0.983  1.276  0.048  -++-- +-+++ -+-+- --+++ +++++ ++-+- ---++ ++-
  271775. 0.048 -0.994  0.983  1.276  0.048  -++-- +-+++ -+-+- --+++ +++++ ++-+- ---++ ++-
  950007. 0.048 -0.994  0.983  1.276  0.048  -++-- +-+++ -+-+- --+++ +++++ ++-+- ---++ ++-
  264203. 0.048 -0.994  0.983  1.276  0.048  -++-- +-+++ -+-+- --+++ +++++ ++-+- ---++ ++-
  933315. 0.048 -0.994  0.983  1.276  0.048  -++-- +-+++ -+-+- --+++ +++++ ++-+- ---++ ++-
  845563. 0.048 -0.994  0.983  1.276  0.048  -++-- +-+++ -+-+- --+++ +++++ ++-+- ---++ ++-
  591155. 0.048 -0.994  0.983  1.276  0.048  -++-- +-+++ -+-+- --+++ +++++ ++-+- ---++ ++-
 1873223. 0.048 -0.994  0.983  1.276  0.048  -++-- +-+++ -+-+- --+++ +++++ ++-+- ---++ ++-
  425783. 0.048 -0.994  0.983  1.276  0.048  -++-- +-+++ -+-+- --+++ +++++ ++-+- ---++ ++-
 1730583. 0.048 -0.994  0.983  1.276  0.048  -++-- +-+++ -+-+- --+++ +++++ ++-+- ---++ ++-
  118231. 0.048 -0.994  0.983  1.276  0.048  -++-- +-+++ -+-+- --+++ +++++ ++-+- ---++ ++-
 1850223. 0.048 -0.994  0.983  1.276  0.048  -++-- +-+++ -+-+- --+++ +++++ ++-+- ---++ ++-
 1930643. 0.048 -0.994  0.983  1.276  0.048  -++-- +-+++ -+-+- --+++ +++++ ++-+- ---++ ++-
  703311. 0.048 -0.994  0.983  1.276  0.048  -++-- +-+++ -+-+- --+++ +++++ ++-+- ---++ ++-
 2086011. 0.048 -0.994  0.983  1.276  0.048  -++-- +-+++ -+-+- --+++ +++++ ++-+- ---++ ++-
 1417635. 0.048 -0.994  0.983  1.276  0.048  -++-- +-+++ -+-+- --+++ +++++ ++-+- ---++ ++-
 1930843. 0.048 -0.994  0.983  1.276  0.048  -++-- +-+++ -+-+- --+++ +++++ ++-+- ---++ ++-
 1970895. 0.048 -0.994  0.983  1.276  0.048  -++-- +-+++ -+-+- --+++ +++++ ++-+- ---++ ++-
  902387. 0.048 -0.994  0.983  1.276  0.048  -++-- +-+++ -+-+- --+++ +++++ ++-+- ---++ ++-
 1252211. 0.048 -0.994  0.983  1.276  0.048  -++-- +-+++ -+-+- --+++ +++++ ++-+- ---++ ++-
  126735. 0.048 -0.994  0.983  1.276  0.048  -++-- +-+++ -+-+- --+++ +++++ ++-+- ---++ ++-
  578959. 0.048 -0.994  0.983  1.276  0.048  -++-- +-+++ -+-+- --+++ +++++ ++-+- ---++ ++-
 1122743. 0.048 -0.994  0.983  1.276  0.048  -++-- +-+++ -+-+- --+++ +++++ ++-+- ---++ ++-
  394179. 0.048 -0.994  0.983  1.276  0.048  -++-- +-+++ -+-+- --+++ +++++ ++-+- ---++ ++-
 1073239. 0.048 -0.994  0.983  1.276  0.048  -++-- +-+++ -+-+- --+++ +++++ ++-+- ---++ ++-
 1265607. 0.048 -0.994  0.983  1.276  0.048  -++-- +-+++ -+-+- --+++ +++++ ++-+- ---++ ++-
  781151. 0.048 -0.994  0.983  1.276  0.048  -++-- +-+++ -+-+- --+++ +++++ ++-+- ---++ ++-
 1465867. 0.048 -0.994  0.983  1.276  0.048  -++-- +-+++ -+-+- --+++ +++++ ++-+- ---++ ++-
  446315. 0.048 -0.994  0.983  1.276  0.048  -++-- +-+++ -+-+- --+++ +++++ ++-+- ---++ ++-
 1812031. 0.048 -0.994  0.983  1.276  0.048  -++-- +-+++ -+-+- --+++ +++++ ++-+- ---++ ++-
 1110223. 0.048 -0.994  0.983  1.276  0.048  -++-- +-+++ -+-+- --+++ +++++ ++-+- ---++ ++-
 1263423. 0.048 -0.994  0.983  1.276  0.048  -++-- +-+++ -+-+- --+++ +++++ ++-+- ---++ ++-
  266155. 0.048 -0.994  0.983  1.276  0.048  -++-- +-+++ -+-+- --+++ +++++ ++-+- ---++ ++-
  628411. 0.048 -0.994  0.983  1.276  0.048  -++-- +-+++ -+-+- --+++ +++++ ++-+- ---++ ++-
 1771391. 0.048 -0.994  0.983  1.276  0.048  -++-- +-+++ -+-+- --+++ +++++ ++-+- ---++ ++-
  281055. 0.048 -0.994  0.983  1.276  0.048  -++-- +-+++ -+-+- --+++ +++++ ++-+- ---++ ++-
  335223. 0.048 -0.994  0.983  1.276  0.048  -++-- +-+++ -+-+- --+++ +++++ ++-+- ---++ ++-
  437283. 0.048 -0.994  0.983  1.276  0.048  -++-- +-+++ -+-+- --+++ +++++ ++-+- ---++ ++-
   48087. 0.048 -0.994  0.983  1.276  0.048  -++-- +-+++ -+-+- --+++ +++++ ++-+- ---++ ++-

 1595315. 0.048 -0.994  0.983  1.276  0.048  -++-- +-+++ -+-+- --+++ +++++ ++-+- ---++ ++-
 1685119. 0.048 -0.994  0.983  1.276  0.048  -++-- +-+++ -+-+- --+++ +++++ ++-+- ---++ ++-
   36987. 0.048 -0.994  0.983  1.276  0.048  -++-- +-+++ -+-+- --+++ +++++ ++-+- ---++ ++-
  924675. 0.048 -0.994  0.983  1.276  0.048  -++-- +-+++ -+-+- --+++ +++++ ++-+- ---++ ++-
  429071. 0.048 -0.994  0.983  1.276  0.048  -++-- +-+++ -+-+- --+++ +++++ ++-+- ---++ ++-
   48203. 0.048 -0.994  0.983  1.276  0.048  -++-- +-+++ -+-+- --+++ +++++ ++-+- ---++ ++-
 1831071. 0.048 -0.994  0.983  1.276  0.048  -++-- +-+++ -+-+- --+++ +++++ ++-+- ---++ ++-
  766747. 0.048 -0.994  0.983  1.276  0.048  -++-- +-+++ -+-+- --+++ +++++ ++-+- ---++ ++-
  294307. 0.048 -0.994  0.983  1.276  0.048  -++-- +-+++ -+-+- --+++ +++++ ++-+- ---++ ++-
 1656999. 0.048 -0.994  0.983  1.276  0.048  -++-- +-+++ -+-+- --+++ +++++ ++-+- ---++ ++-
 1579087. 0.048 -0.994  0.983  1.276  0.048  -++-- +-+++ -+-+- --+++ +++++ ++-+- ---++ ++-
 1603979. 0.048 -0.994  0.983  1.276  0.048  -++-- +-+++ -+-+- --+++ +++++ ++-+- ---++ ++-
 1267935. 0.048 -0.994  0.983  1.276  0.048  -++-- +-+++ -+-+- --+++ +++++ ++-+- ---++ ++-
 1361507. 0.048 -0.994  0.983  1.276  0.048  -++-- +-+++ -+-+- --+++ +++++ ++-+- ---++ ++-
  319063. 0.048 -0.994  0.983  1.276  0.048  -++-- +-+++ -+-+- --+++ +++++ ++-+- ---++ ++-
 1158923. 0.048 -0.994  0.983  1.276  0.048  -++-- +-+++ -+-+- --+++ +++++ ++-+- ---++ ++-
 1947199. 0.048 -0.994  0.983  1.276  0.048  -++-- +-+++ -+-+- --+++ +++++ ++-+- ---++ ++-
 1942667. 0.048 -0.994  0.983  1.276  0.048  -++-- +-+++ -+-+- --+++ +++++ ++-+- ---++ ++-
   79335. 0.048 -0.994  0.983  1.276  0.048  -++-- +-+++ -+-+- --+++ +++++ ++-+- ---++ ++-
 1911403. 0.048 -0.994  0.983  1.276  0.048  -++-- +-+++ -+-+- --+++ +++++ ++-+- ---++ ++-
 1091403. 0.048 -0.994  0.983  1.276  0.048  -++-- +-+++ -+-+- --+++ +++++ ++-+- ---++ ++-
 1988319. 0.048 -0.994  0.983  1.276  0.048  -++-- +-+++ -+-+- --+++ +++++ ++-+- ---++ ++-
  961195. 0.048 -0.994  0.983  1.276  0.048  -++-- +-+++ -+-+- --+++ +++++ ++-+- ---++ ++-
  745411. 0.048 -0.994  0.983  1.276  0.048  -++-- +-+++ -+-+- --+++ +++++ ++-+- ---++ ++-
  723631. 0.048 -0.994  0.983  1.276  0.048  -++-- +-+++ -+-+- --+++ +++++ ++-+- ---++ ++-
  586383. 0.048 -0.994  0.983  1.276  0.048  -++-- +-+++ -+-+- --+++ +++++ ++-+- ---++ ++-
 1629903. 0.048 -0.994  0.983  1.276  0.048  -++-- +-+++ -+-+- --+++ +++++ ++-+- ---++ ++-
  901687. 0.048 -0.994  0.983  1.276  0.048  -++-- +-+++ -+-+- --+++ +++++ ++-+- ---++ ++-
  536707. 0.048 -0.994  0.983  1.276  0.048  -++-- +-+++ -+-+- --+++ +++++ ++-+- ---++ ++-
 2076663. 0.048 -0.994  0.983  1.276  0.048  -++-- +-+++ -+-+- --+++ +++++ ++-+- ---++ ++-
 1381695. 0.048 -0.994  0.983  1.276  0.048  -++-- +-+++ -+-+- --+++ +++++ ++-+- ---++ ++-
  611711. 0.048 -0.994  0.983  1.276  0.048  -++-- +-+++ -+-+- --+++ +++++ ++-+- ---++ ++-
 1950511. 0.048 -0.994  0.983  1.276  0.048  -++-- +-+++ -+-+- --+++ +++++ ++-+- ---++ ++-
  612711. 0.048 -0.994  0.983  1.276  0.048  -++-- +-+++ -+-+- --+++ +++++ ++-+- ---++ ++-
 1633179. 0.048 -0.994  0.983  1.276  0.048  -++-- +-+++ -+-+- --+++ +++++ ++-+- ---++ ++-
  667039. 0.048 -0.994  0.983  1.276  0.048  -++-- +-+++ -+-+- --+++ +++++ ++-+- ---++ ++-
  873347. 0.048 -0.994  0.983  1.276  0.048  -++-- +-+++ -+-+- --+++ +++++ ++-+- ---++ ++-
  146219. 0.048 -0.994  0.983  1.276  0.048  -++-- +-+++ -+-+- --+++ +++++ ++-+- ---++ ++-
 2036803. 0.048 -0.994  0.983  1.276  0.048  -++-- +-+++ -+-+- --+++ +++++ ++-+- ---++ ++-
 1852391. 0.048 -0.994  0.983  1.276  0.048  -++-- +-+++ -+-+- --+++ +++++ ++-+- ---++ ++-
  758347. 0.048 -0.994  0.983  1.276  0.048  -++-- +-+++ -+-+- --+++ +++++ ++-+- ---++ ++-
 1204739. 0.048 -0.994  0.983  1.276  0.048  -++-- +-+++ -+-+- --+++ +++++ ++-+- ---++ ++-
 1315375. 0.048 -0.994  0.983  1.276  0.048  -++-- +-+++ -+-+- --+++ +++++ ++-+- ---++ ++-
 2024939. 0.048 -0.994  0.983  1.276  0.048  -++-- +-+++ -+-+- --+++ +++++ ++-+- ---++ ++-
 1628591. 0.048 -0.994  0.983  1.276  0.048  -++-- +-+++ -+-+- --+++ +++++ ++-+- ---++ ++-
 1018275. 0.048 -0.994  0.983  1.276  0.048  -++-- +-+++ -+-+- --+++ +++++ ++-+- ---++ ++-
  203655. 0.048 -0.994  0.983  1.276  0.048  -++-- +-+++ -+-+- --+++ +++++ ++-+- ---++ ++-
  291051. 0.048 -0.994  0.983  1.276  0.048  -++-- +-+++ -+-+- --+++ +++++ ++-+- ---++ ++-
 1524567. 0.048 -0.994  0.983  1.276  0.048  -++-- +-+++ -+-+- --+++ +++++ ++-+- ---++ ++-
 1500179. 0.048 -0.994  0.983  1.276  0.048  -++-- +-+++ -+-+- --+++ +++++ ++-+- ---++ ++-
  270395. 0.048 -0.994  0.983  1.276  0.048  -++-- +-+++ -+-+- --+++ +++++ ++-+- ---++ ++-
  875847. 0.048 -0.994  0.983  1.276  0.048  -++-- +-+++ -+-+- --+++ +++++ ++-+- ---++ ++-
 1002243. 0.048 -0.994  0.983  1.276  0.048  -++-- +-+++ -+-+- --+++ +++++ ++-+- ---++ ++-
 1746447. 0.048 -0.994  0.983  1.276  0.048  -++-- +-+++ -+-+- --+++ +++++ ++-+- ---++ ++-
  469927. 0.048 -0.994  0.983  1.276  0.048  -++-- +-+++ -+-+- --+++ +++++ ++-+- ---++ ++-
  619879. 0.048 -0.994  0.983  1.276  0.048  -++-- +-+++ -+-+- --+++ +++++ ++-+- ---++ ++-
  694991. 0.048 -0.994  0.983  1.276  0.048  -++-- +-+++ -+-+- --+++ +++++ ++-+- ---++ ++-
 1866635. 0.048 -0.994  0.983  1.276  0.048  -++-- +-+++ -+-+- --+++ +++++ ++-+- ---++ ++-
 1719251. 0.048 -0.994  0.983  1.276  0.048  -++-- +-+++ -+-+- --+++ +++++ ++-+- ---++ ++-
  961439. 0.048 -0.994  0.983  1.276  0.048  -++-- +-+++ -+-+- --+++ +++++ ++-+- ---++ ++-
 1453863. 0.048 -0.994  0.983  1.276  0.048  -++-- +-+++ -+-+- --+++ +++++ ++-+- ---++ ++-
  258911. 0.048 -0.994  0.983  1.276  0.048  -++-- +-+++ -+-+- --+++ +++++ ++-+- ---++ ++-
 1307619. 0.048 -0.994  0.983  1.276  0.048  -++-- +-+++ -+-+- --+++ +++++ ++-+- ---++ ++-
  478915. 0.048 -0.994  0.983  1.276  0.048  -++-- +-+++ -+-+- --+++ +++++ ++-+- ---++ ++-
 1948071. 0.048 -0.994  0.983  1.276  0.048  -++-- +-+++ -+-+- --+++ +++++ ++-+- ---++ ++-
 1936443. 0.048 -0.994  0.983  1.276  0.048  -++-- +-+++ -+-+- --+++ +++++ ++-+- ---++ ++-
  930347. 0.048 -0.994  0.983  1.276  0.048  -++-- +-+++ -+-+- --+++ +++++ ++-+- ---++ ++-
 1517899. 0.048 -0.994  0.983  1.276  0.048  -++-- +-+++ -+-+- --+++ +++++ ++-+- ---++ ++-
 1315915. 0.048 -0.994  0.983  1.276  0.048  -++-- +-+++ -+-+- --+++ +++++ ++-+- ---++ ++-
   93355. 0.048 -0.994  0.983  1.276  0.048  -++-- +-+++ -+-+- --+++ +++++ ++-+- ---++ ++-
  229543. 0.048 -0.994  0.983  1.276  0.048  -++-- +-+++ -+-+- --+++ +++++ ++-+- ---++ ++-
 1339999. 0.048 -0.994  0.983  1.276  0.048  -++-- +-+++ -+-+- --+++ +++++ ++-+- ---++ ++-
  300123. 0.048 -0.994  0.983  1.276  0.048  -++-- +-+++ -+-+- --+++ +++++ ++-+- ---++ ++-
 1544271. 0.048 -0.994  0.983  1.276  0.048  -++-- +-+++ -+-+- --+++ +++++ ++-+- ---++ ++-
  871835. 0.048 -0.994  0.983  1.276  0.048  -++-- +-+++ -+-+- --+++ +++++ ++-+- ---++ ++-
 1211619. 0.048 -0.994  0.983  1.276  0.048  -++-- +-+++ -+-+- --+++ +++++ ++-+- ---++ ++-



 CFOM Range   Frequency

 0.000 - 0.020      0
 0.020 - 0.040      0
 0.040 - 0.060    295
 0.060 - 0.080      0
 0.080 - 0.100      0
 0.100 - 0.120      0
 0.120 - 0.140      0
 0.140 - 0.160      0
 0.160 - 0.180      0
 0.180 - 0.200      0
 0.200 - 0.220      0
 0.220 - 0.240      0
 0.240 - 0.260      0
 0.260 - 0.280      0
 0.280 - 0.300      0
 0.300 - 0.320      0
 0.320 - 0.340      8
 0.340 - 0.360      0
 0.360 - 0.380      0
 0.380 - 0.400      0
 0.400 - 0.420    177
 0.420 - 0.440      0
 0.440 - 0.460      0
 0.460 - 0.480      0
 0.480 - 0.500      0
 0.500 - 0.520      0
 0.520 - 0.540      0
 0.540 - 0.560      1
 0.560 - 0.580      0
 0.580 - 0.600      0
 0.600 - 9.999     19

      500. Phase sets refined - best is code   707395.  with CFOM =  0.0478


       0.2 seconds CPU time


 Tangent expanded to  992  out of  992  E greater than  1.200
 Highest memory used =  4099 /  5776

       0.0 seconds CPU time


 FMAP and GRID set by program

 FMAP   8   1  10
 GRID    -3.571  -2  -2     3.571   2   2


 E-Fourier for  IM1704 in P21/n #14                                                        

 Maximum =  689.61,  minimum = -127.82       highest memory used =  8847 / 11992

       0.0 seconds CPU time


 Heavy-atom assignments:

          x       y       z    s.o.f.   Height

 SN1   0.2124  0.1573  0.0356  1.0000   689.6
 S2    0.0313  0.8430  0.5141  1.0000   267.7
 S3    0.2135  0.5320  0.0368  1.0000   147.0
 S4    0.1279  0.6577  0.6024  1.0000   141.9


 Peak list optimization
 RE = 0.283 for  22 surviving atoms and  992 E-values    Highest memory used =  1662 /  8928

       0.0 seconds CPU time


 E-Fourier for  IM1704 in P21/n #14                                                        

 Maximum =  669.57,  minimum = -160.58       highest memory used =  8879 / 11992

       0.0 seconds CPU time


 Peak list optimization
 RE = 0.279 for  27 surviving atoms and  992 E-values    Highest memory used =  1694 /  8928

       0.0 seconds CPU time


 E-Fourier for  IM1704 in P21/n #14                                                        

 Maximum =  673.19,  minimum = -125.92       highest memory used =  8879 / 11992

       0.0 seconds CPU time
 
 Molecule  1     scale 0.493 inches = 1.253 cm per Angstrom
  
                                                                     S2
  
                                                       S3
                                                                             15
  
                                                              *
                                        25
                                                             19
                                                          19
  
  
                                                          5
                                                                  4
                                           15                                           2
                                                                 S3
                                                             8
                                                   S2                          1
  
  
                              34
  
                                    29             13   2*4
                                               6
                               28
  
                      30                                      1
                                                  20                            8
                         12                     S4
                                                                         27 S3
           SN1        22                             2
                                      SN1                                  4
                                         9
                        12
 S4                              35
                                                                               19
                            3024
            32                                              10                 3
  
                                                                                                              SN1
                                        33    16                                                          24
  
                                                                           18
                                      31
  
                                31                                                                35
  
  
                              33                                              14
                                                                                          7
  
  
  
  
                                                                     S4
                                                                                             27
                                SN1                                                            26
  
  
  
  
                                                                                           11
  
                                                                                10
  
  
                                                                                           25
                                                                                                                     S2
  
                                                                             23
  
                                                                          17
  
  
  
  
  
                                                                               32
  
  
  
  
  
                                                     SN1             22


 Atom Peak     x       y       z     SOF  Height  Distances and Angles

 SN1    0.  0.2124  0.1573  0.0356  1.000  2.70   0 S2   3.352
                                                  0 S4   2.859  58.7
                                                  0 1    3.099  46.0  68.1
                                                  0 2    3.357  78.4 119.6  51.5
                                                  0 6    2.110  27.1  82.7  38.9  52.2
                                                  0 9    2.108  80.4  23.5  89.4 139.6 105.8
                                                  0 12   2.905  88.9  59.3 124.1 163.9 113.5  45.0
                                                  0 13   2.935  45.0  97.7  40.0  34.6  18.0 121.2 130.4
                                                  0 16   2.187 122.9 111.8  77.2  57.8 104.5 109.2 138.3  89.7
                                                  0 20   2.074  51.5  97.8  33.4  26.9  26.4 120.8 139.8  11.6  78.8
                                                  0 21   2.912  34.7  80.7  24.5  44.8  15.5 104.2 123.5  17.9  90.9  18.2
                                                  0 22   2.097 114.3 130.7 146.7 103.8 109.8 116.2  72.4 106.7 110.6 114.3 122.6
                                                  0 24   2.014 136.2 164.8 122.9  72.0 112.4 141.6 112.6  97.1  64.7  96.0 113.6
                                                  0 28   2.002  57.7  63.0 102.4 126.6  78.1  64.9  37.4  93.7 174.1 104.2  90.9
                                                  0 29   2.722  63.8 122.1  78.1  51.0  44.4 140.5 114.5  38.2 104.3  47.0  54.5
                                                  0 30   2.041 125.9  79.3 144.1 155.7 151.6  56.2  38.0 167.6 102.6 177.0 158.9
                                                  0 31   2.768 135.2  77.9 110.0 118.9 148.5  59.5  77.1 145.3  61.4 133.8 134.4
                                                  0 33   2.914 112.8  54.2 102.9 133.9 134.2  34.6  60.3 142.8  81.3 135.2 125.7
                                                  0 34   2.791  51.4  67.2  97.2 117.2  69.7  72.3  46.7  84.7 174.1  95.5  83.2
                                                 18 12   3.402 102.7  59.3 127.4 177.1 129.2  38.7  18.7 147.0 119.7 153.8 135.8
                                                 29 31   2.820 165.6 109.0 124.8 104.4 155.8  88.9  90.5 138.9  51.8 129.5 142.7
                                                 30 32   3.568 137.0 136.9 154.9 103.4 127.9 115.5  79.3 119.4  90.8 123.0 137.2
                                                 31 33   3.661 166.9 123.9 121.4  90.3 142.5 104.9 103.4 124.6  44.2 116.7 132.7
                                                 32 35   2.908 111.9 166.5  98.4  46.8  86.1 167.6 133.1  70.1  63.7  69.1  86.5

 S2     0.  0.4687  0.3430 -0.0141  1.000  2.91   0 SN1  3.352
                                                  0 S3   3.392 102.4
                                                  0 S4   3.075  52.6 135.5
                                                  0 1    2.532  61.7  63.0  72.5
                                                  0 5    1.797 125.6  25.5 156.3  86.2
                                                  0 6    1.760  33.1  69.8  82.3  50.8  92.4
                                                  0 13   2.435  58.4  44.5 104.2  49.2  67.3  25.4
                                                  0 20   2.624  38.2  64.3  82.0  40.4  88.6  10.8  22.3
                                                  0 21   1.915  60.0  45.0  94.1  29.8  70.5  32.6  19.8  23.0
                                                  0 28   2.840  36.6 130.6  52.9  97.2 143.3  63.6  87.5  72.0  94.9
                                                  0 29   3.256  48.6  70.2 100.9  77.8  84.2  28.8  34.5  37.9  52.5  61.2
                                                  0 34   2.713  53.5 134.4  65.1 115.0 136.1  76.1  97.0  85.7 108.6  18.0  65.3
                                                  7 S3   2.906 162.6  90.5 123.8 135.5  65.4 153.5 131.4 153.6 135.0 126.2 128.4
                                                 15 5    2.770 152.4  50.9 149.7 103.6  26.8 119.3  94.1 115.1  95.3 153.7 107.7
                                                 21 15   2.840  99.0 158.7  60.0 129.0 134.2 131.4 156.5 136.9 154.1  69.1 126.4
                                                 22 19   2.760 136.9 115.8  85.2 118.7  96.3 165.9 158.4 158.3 143.0 113.3 163.5
                                                 26 25   3.191 106.7  64.2 149.7 120.7  51.9  86.8  74.4  92.4  91.7  97.0  60.3

 S3     0.  0.2135  0.5320  0.0368  1.000  1.47   0 S2   3.392
                                                  0 1    3.181  45.2
                                                  0 5    1.932  23.6  67.0
                                                  0 6    3.239  30.7  35.7  52.4
                                                  0 8    1.931 133.8 119.0 139.9 106.9
                                                  0 13   2.379  45.9  40.6  66.8  15.3  92.3
                                                  0 19   1.947 127.2 162.1 109.9 127.8  51.2 121.6
                                                  0 20   3.268  46.4  32.1  69.0  16.9  96.0   9.2 130.1
                                                  0 21   2.446  33.6  21.9  57.2  13.8 112.1  21.6 141.2  16.1
                                                  5 S2   2.906  89.5 124.0  66.4 118.5 116.5 131.6  65.9 135.3 122.8
                                                  8 S3   3.233  99.4  54.3 120.4  81.4  82.7  74.5 128.9  66.7  70.1 142.6
                                                 11 1    2.927 161.4 116.2 170.1 135.8  48.2 122.1  70.1 119.0 129.3 105.6  62.0
                                                 12 2    2.827 117.1  95.7 112.5 130.6 106.5 134.9 101.6 125.7 117.3  75.5  68.0
                                                 14 4    2.932 153.7 140.6 145.1 131.5  25.1 117.2  36.4 121.0 137.1  95.1  92.5
                                                 15 5    2.708  52.6  89.8  30.2  82.5 143.2  97.0  94.4  98.8  85.7  37.1 134.1
                                                 20 15   3.246 143.9 158.6 120.3 165.1  69.9 159.4  38.7 165.7 177.5  54.7 112.0

 S4     0.  0.3721  0.1577 -0.1024  1.000  3.93   0 SN1  2.859
                                                  0 S2   3.075  68.7
                                                  0 9    1.251  42.2 107.5
                                                  0 12   2.850  61.2  95.6  40.0
                                                  0 33   2.629  64.0 132.5  30.7  64.3
                                                  0 34   3.129  55.3  51.9  69.8  44.1 100.4
                                                 17 10   3.193 128.3 148.1  99.4 116.2  69.6 158.8
                                                 18 12   3.135  69.0 116.3  33.1  21.1  47.6  65.2  95.6
                                                 19 14   2.799 170.9 103.2 142.7 117.2 124.2 116.7  60.7 112.9
                                                 21 15   2.965 108.2  56.1 120.0  81.5 144.6  55.3 122.8  97.1  63.0
                                                 27 27   3.116 130.8  98.8 138.5 164.2 109.3 148.6  49.3 144.8  53.0 101.3

 1     89.  0.1089  0.3417 -0.0558  1.000  2.52   0 SN1  3.099
                                                  0 S2   2.532  72.3
                                                  0 S3   3.181 113.6  71.8
                                                  0 4    1.893 123.3 138.4 120.9
                                                  0 6    1.969  42.3  43.9  73.7 165.2
                                                  0 20   1.783  39.8  72.6  76.7 145.8  28.9
                                                  0 21   1.290  69.6  47.6  45.0 165.6  28.7  39.7

 2     88. -0.0569  0.3424  0.0782  1.000  1.30   0 SN1  3.357
                                                  0 13   1.913  60.6
                                                  0 20   1.777  31.9  31.1

 3     64. -0.2339  0.3067 -0.1830  1.000  2.84   0 4    1.390
                                                  0 18   1.401 119.1
                                                 23 19   1.624  72.3 149.8

 4     58. -0.0628  0.3439 -0.1464  1.000  2.80   0 1    1.893
                                                  0 3    1.390 144.1
                                                 16 8    1.439  80.5 112.4
                                                 23 19   1.787 104.5  59.9  61.5

 5     57.  0.4377  0.4650  0.0122  1.000  2.28   0 S2   1.797
                                                  0 S3   1.932 130.9
                                                 15 5    1.421 118.4 106.7

 6     57.  0.2818  0.3037  0.0346  1.000  2.36   0 SN1  2.110
                                                  0 S2   1.760 119.8
                                                  0 S3   3.239 158.0  79.5
                                                  0 1    1.969  98.8  85.3  70.6
                                                  0 13   1.133 127.0 112.8  33.6  78.6
                                                  0 20   0.954  74.7 149.0  83.3  64.6  56.2
                                                  0 21   1.043 131.9  81.9  34.1  36.5  49.1  69.6
                                                  0 29   1.912  85.0 124.9  92.3 142.8  70.0  81.2 119.0

 7     55. -0.5247  0.2218 -0.2947  1.000  3.32   0 14   1.474
                                                  0 26   1.543 112.9
                                                  0 27   2.029  97.2  31.1
                                                  0 35   1.362 132.9 109.1 108.4

 8     54.  0.0835  0.5592  0.1225  1.000  0.56   0 S3   1.931
                                                  0 19   1.677  64.8
                                                 14 4    1.439 120.2  69.5

 9     54.  0.3199  0.0976 -0.0579  1.000  3.73   0 SN1  2.108
                                                  0 S4   1.251 114.2
                                                  0 30   1.957  60.1 167.1
                                                  0 33   1.680  99.9 126.9  65.9

 10    50. -0.7940  0.0588 -0.2573  1.000  3.09   0 11   1.385
                                                  0 17   1.907 133.8
                                                  0 23   1.302 122.1  30.6
                                                  0 25   1.897  41.6 107.3  83.9

 11    46. -0.8110  0.1200 -0.3181  1.000  3.27   0 10   1.385
                                                  0 25   1.259  91.6
                                                  0 26   1.323 116.3 150.1

 12    44.  0.5327  0.0331  0.0146  1.000  3.85   0 SN1  2.905
                                                  0 S4   2.850  59.6
                                                  0 28   1.789  42.8  64.8
                                                  0 30   1.807  44.1  83.2  85.4
                                                 18 12   1.134 106.3  93.8 147.9  67.7
                                                 28 30   1.730 159.1  99.6 129.7 142.7  75.0

 13    44.  0.1995  0.3646  0.0568  1.000  1.86   0 SN1  2.935
                                                  0 S2   2.435  76.6
                                                  0 S3   2.379 162.8  89.6
                                                  0 2    1.913  84.9 154.1 104.5
                                                  0 6    1.133  35.0  41.8 131.1 118.9
                                                  0 20   0.996  24.8  89.6 148.2  66.9  52.8
                                                  0 21   0.907  79.6  45.8  83.4 113.5  60.2  73.5
                                                  0 29   1.860  64.7  97.7 128.5  90.4  75.0  83.0 135.1

 14    44. -0.4272  0.1772 -0.2258  1.000  3.19   0 7    1.474
                                                  0 18   1.436 107.9

 16    39. -0.1024  0.1537  0.0170  1.000  2.24   0 SN1  2.187

 17    34. -0.9705 -0.0217 -0.2150  1.000  2.73   0 10   1.907
                                                  0 23   1.027  40.1
                                                  0 32   1.855 133.0 142.0

 18    34. -0.2346  0.2143 -0.2124  1.000  3.34   0 3    1.401
                                                  0 14   1.436 110.7

 19    33.  0.2880  0.6202  0.1191  1.000  0.77   0 S3   1.947
                                                  0 8    1.677  63.9
                                                 13 3    1.624 151.2  90.9
                                                 14 4    1.787 103.4  49.0  47.8

 20    31.  0.1475  0.3014  0.0388  1.000  2.08   0 SN1  2.074
                                                  0 S2   2.624  90.3
                                                  0 S3   3.268 158.8  69.3
                                                  0 1    1.783 106.7  67.0  71.3
                                                  0 2    1.777 121.2 148.2  78.9 104.6
                                                  0 6    0.954  79.0  20.2  79.8  86.4 151.2
                                                  0 13   0.996 143.6  68.1  22.6  91.8  82.0  71.0
                                                  0 21   1.142 127.4  41.0  36.5  46.2 110.3  58.8  49.7
                                                  0 29   2.001  83.8  88.4  89.8 152.8  90.1  70.7  67.3 107.4

 21    31.  0.2108  0.3617  0.0073  1.000  2.22   0 SN1  2.912
                                                  0 S2   1.915  85.3
                                                  0 S3   2.446 157.4 101.4
                                                  0 1    1.290  85.9 102.6 113.1
                                                  0 6    1.043  32.7  65.5 132.1 114.8
                                                  0 13   0.907  82.6 114.4  75.0 140.0  70.7
                                                  0 20   1.142  34.5 116.0 127.4  94.1  51.6  56.8

 22    30.  0.3168  0.0983  0.1401  1.000  2.38   0 SN1  2.097
                                                  0 24   1.635  63.9
                                                 30 32   1.825 130.9  78.2

 23    30. -0.8893 -0.0211 -0.2584  1.000  3.18   0 10   1.302
                                                  0 17   1.027 109.3

 24    29.  0.0857  0.1208  0.1254  1.000  1.97   0 SN1  2.014
                                                  0 22   1.635  69.3
                                                 32 35   1.443 113.5 117.0

 25    29. -0.8564  0.0524 -0.3629  1.000  3.71   0 10   1.897
                                                  0 11   1.259  46.9

 26    29. -0.7451  0.2077 -0.3049  1.000  3.02   0 7    1.543
                                                  0 11   1.323 117.4
                                                  0 27   1.067 100.5 120.0

 27    28. -0.7813  0.2462 -0.2576  1.000  2.51   0 7    2.029
                                                  0 26   1.067  48.4

 28    28.  0.5000  0.1538  0.0424  1.000  3.21   0 SN1  2.002
                                                  0 S2   2.840  85.8
                                                  0 12   1.789  99.9 142.2
                                                  0 34   0.879 148.7  72.8 111.1

 29    28.  0.2984  0.2951  0.1412  1.000  1.70   0 SN1  2.722
                                                  0 S2   3.256  67.5
                                                  0 6    1.912  50.6  26.3
                                                  0 13   1.860  77.2  47.8  34.9
                                                  0 20   2.001  49.2  53.7  28.1  29.6

 30    27.  0.2836  0.0169  0.0277  1.000  3.34   0 SN1  2.041
                                                  0 9    1.957  63.6
                                                  0 12   1.807  97.9  66.0
                                                  0 31   2.001  86.4  77.9 136.5
                                                  0 33   1.992  92.5  50.3 100.5  36.0
                                                 18 12   1.730 128.7  72.8  37.3 110.2  78.8

 31    27.  0.0318  0.0021 -0.0383  1.000  3.36   0 SN1  2.768
                                                  0 30   2.001  47.4
                                                  0 33   1.234  84.2  71.6
                                                 29 31   1.506  76.3  78.8 150.4

 32    27. -1.2200 -0.0039 -0.1939  1.000  2.06   0 17   1.855
                                                 24 22   1.825 116.0

 33    27.  0.1607  0.0088 -0.0784  1.000  3.85   0 SN1  2.914
                                                  0 S4   2.629  61.9
                                                  0 9    1.680  45.5  22.4
                                                  0 30   1.992  44.4  86.1  63.7
                                                  0 31   1.234  70.9 129.0 116.4  72.4

 34    26.  0.6114  0.1819  0.0561  1.000  3.23   0 SN1  2.791
                                                  0 S2   2.713  75.0
                                                  0 S4   3.129  57.4  63.0
                                                  0 28   0.879  21.9  89.2  49.5

 35    25. -0.4818  0.2986 -0.3357  1.000  3.43   0 7    1.362
                                                 25 24   1.443 173.5


 Atom Code   x       y       z    Height  Symmetry transformation

 SN1   1  0.7876 -0.1573 -0.0356   5.29   1.0000-X    0.0000-Y    0.0000-Z  
 SN1   2 -0.2124 -0.1573 -0.0356   3.40   0.0000-X    0.0000-Y    0.0000-Z  
 SN1   3 -1.2124 -0.1573 -0.0356   1.50  -1.0000-X    0.0000-Y    0.0000-Z  
 SN1   4 -0.2876  0.3427 -0.4644   4.52  -0.5000+X    0.5000-Y   -0.5000+Z  
 S2    5  0.5313  0.6570  0.0141   1.82   1.0000-X    1.0000-Y    0.0000-Z  
 S2    6 -1.0313  0.1570 -0.5141   4.06  -1.5000+X    0.5000-Y   -0.5000+Z  
 S3    7  0.7865  0.4680 -0.0368   3.26   1.0000-X    1.0000-Y    0.0000-Z  
 S3    8 -0.2135  0.4680 -0.0368   1.37   0.0000-X    1.0000-Y    0.0000-Z  
 S4    9 -0.6279  0.1577 -0.1024   2.04  -1.0000+X    0.0000+Y    0.0000+Z  
 S4   10  0.6279 -0.1577  0.1024   4.06   1.0000-X    0.0000-Y    0.0000-Z  
 1    11 -0.1089  0.6583  0.0558   0.32   0.0000-X    1.0000-Y    0.0000-Z  
 2    12  0.0569  0.6576 -0.0782   1.54   0.0000-X    1.0000-Y    0.0000-Z  
 3    13  0.2339  0.6933  0.1830   0.00   0.0000-X    1.0000-Y    0.0000-Z  
 4    14  0.0628  0.6561  0.1464   0.04   0.0000-X    1.0000-Y    0.0000-Z  
 5    15  0.5623  0.5350 -0.0122   2.45   1.0000-X    1.0000-Y    0.0000-Z  
 8    16 -0.0835  0.4408 -0.1225   2.28   0.0000-X    1.0000-Y    0.0000-Z  
 10   17  0.2060  0.0588 -0.2573   4.98   1.0000+X    0.0000+Y    0.0000+Z  
 12   18  0.4673 -0.0331 -0.0146   4.14   1.0000-X    0.0000-Y    0.0000-Z  
 14   19  0.5728  0.1772 -0.2258   5.08   1.0000+X    0.0000+Y    0.0000+Z  
 15   20  0.2365  0.7584  0.0742   0.53   0.0000+X    0.0000+Y    0.0000+Z  
 15   21  0.7635  0.2416 -0.0742   4.21   1.0000-X    1.0000-Y    0.0000-Z  
 19   22  0.7120  0.3798 -0.1191   3.96   1.0000-X    1.0000-Y    0.0000-Z  
 19   23 -0.2880  0.3798 -0.1191   2.07   0.0000-X    1.0000-Y    0.0000-Z  
 22   24 -1.3168 -0.0983 -0.1401   1.82  -1.0000-X    0.0000-Y    0.0000-Z  
 24   25 -0.4143  0.3792 -0.3746   3.56  -0.5000+X    0.5000-Y   -0.5000+Z  
 25   26  0.6436  0.4476  0.1371   1.88   1.5000+X    0.5000-Y    0.5000+Z  
 27   27  0.2187  0.2462 -0.2576   4.40   1.0000+X    0.0000+Y    0.0000+Z  
 30   28  0.7164 -0.0169 -0.0277   4.64   1.0000-X    0.0000-Y    0.0000-Z  
 31   29 -0.0318 -0.0021  0.0383   2.74   0.0000-X    0.0000-Y    0.0000-Z  
 32   30  0.2200  0.0039  0.1939   2.14  -1.0000-X    0.0000-Y    0.0000-Z  
 33   31 -0.1607 -0.0088  0.0784   2.24   0.0000-X    0.0000-Y    0.0000-Z  
 35   32  0.0182  0.2014  0.1643   1.32   0.5000+X    0.5000-Y    0.5000+Z  



 Molecule  2


 Atom Peak     x       y       z     SOF  Height  Distances and Angles

 15    40.  0.2365  0.7584  0.0742  1.000

       0.0 seconds CPU time

 +++++++++++++++++++++++++++++++++++++++++++++++++++++++++++++++++++++++++++++
 +  im1704            finished at 08:04:58   Total CPU time:       0.2 secs  +
 +++++++++++++++++++++++++++++++++++++++++++++++++++++++++++++++++++++++++++++
