
 +++++++++++++++++++++++++++++++++++++++++++++++++++++++++++++++++++
 +  SHELXL -  CRYSTAL STRUCTURE REFINEMENT  -   MULTI-CPU VERSION  +
 +  Copyright(C) George M. Sheldrick 1993-2013     Version 2013/4  +
 +  im1706                     started at 09:08:37 on 10-May-2017  +
 +++++++++++++++++++++++++++++++++++++++++++++++++++++++++++++++++++

 Command line parameters: im1706 -a50000 -b3000 -c624 -t4

 -a sets the approximate maximum number of atoms including hydrogens.
 -b sets the maximum number of full-matrix parameters (leave unchanged for
 CGLS). For example -b9000 allows refinement of 1000 anisotropic atoms or
 3000 with BLOC 1. For a 32-bit version, -b times the square root of the
 number of threads should not exceed about 65500. -c sets the reflection
 buffer size. This depends on the CPU cache size but will rarely need
 changing. -t sets the number of threads, otherwise the multi-CPU version
 sets this equal to the number of available CPUs. For optimal performance
 on systems with hyperthreading, usually the hyperthreading should be
 switched off or -t used to halve the number of threads; e.g. -t4 rather
 than -t8 for an Intel i7 processor.

 Running  4 threads on  4 processors

 TITL IM1706 in P-1 #2
 CELL 1.54184 9.29784 12.49301 24.27055 101.3167 90.7196 96.4025
 ZERR 2 0.00056 0.00077 0.00165 0.0056 0.0052 0.005
 LATT 1
  
 SFAC C H Br O S
 UNIT 108 178 6 6 6

 V =     2745.45     F(000) =    1180.0     Mu =   4.09 mm-1      Cell Wt =     2244.31    Rho =  1.357

  
  
 L.S. 4
 PLAN  20
 REM reset to P-1 #2
 BOND
 fmap 2
 acta
 REM <HKL>D:/X-Ray%20Data/New/IM1706/struct/olex2_IM1706/IM1706.hkl</HKL>
 WGHT 0.0746 0
 FVAR 1.3036
  
 Br27  3     0.54963  0.37832 -0.10257  11.00000  0.02611  0.04521  0.03418 =
  0.00394 -0.00094  0.01190
  
 Br48  3     0.54906  0.04466 -0.10255  11.00000  0.02574  0.04500  0.03454 =
  0.00468 -0.00053  0.00932
  
 Br11  3     1.45115  0.28868  0.10244  11.00000  0.02896  0.04230  0.03442 =
  0.00335 -0.00406  0.01102
 S6    5     1.15294  0.35945  0.07347  11.00000  0.02806  0.03163  0.02253 =
  0.00126  0.00390  0.00505
  
 S43   5     0.84680 -0.02525 -0.07297  11.00000  0.01877  0.03377  0.02821 =
  0.00206  0.00092  0.00499
  
 S1    5     0.84649  0.30719 -0.07322  11.00000  0.02005  0.03628  0.02336 =
  0.00010  0.00425  0.00873
 O12   4     1.11183  0.21495 -0.08355  11.00000  0.02779  0.03274  0.02673 =
  -0.00077  0.00338  0.01279
  
 O49   4     0.89215  0.11962  0.08316  11.00000  0.02206  0.05298  0.02337 =
  -0.00936 -0.00041  0.01113
  
 O28   4     0.88964  0.45257  0.08324  11.00000  0.03088  0.04387  0.02818 =
  0.00060 -0.00041  0.02287
 C8    1     1.15754  0.25202 -0.03026  11.00000  0.02932  0.03368  0.02667 =
  -0.00035  0.01526 -0.00929
  
 C46   1     0.83857  0.07911  0.02740  11.00000  0.03501  0.02498  0.01133 =
  -0.01050  0.00177  0.00829
  
 C7    1     1.07391  0.31717  0.00592  11.00000  0.03685  0.01708  0.03320 =
  0.01312  0.00600  0.01510
 C4    1     0.71280  0.42517  0.00306  11.00000  0.03534  0.04176  0.02328 =
  0.00439  0.00422  0.00300
 AFIX 43
 H4    2     0.64251  0.46450  0.02169  11.00000 -1.20000
 AFIX 0
 C9    1     1.29228  0.24029 -0.00334  11.00000  0.02022  0.02323  0.02859 =
  -0.00319 -0.00095  0.00031
 AFIX 43
 H9    2     1.36361  0.20085 -0.02108  11.00000 -1.20000
 AFIX 0
  
 C47   1     0.93071  0.01351 -0.00737  11.00000  0.02444  0.03333  0.02547 =
  -0.00565  0.00304 -0.00170
  
 C2    1     0.93300  0.35052 -0.00670  11.00000  0.00501  0.04147  0.01104 =
  -0.00609 -0.00102  0.00411
 C3    1     0.84711  0.41033  0.02874  11.00000  0.01177  0.02965  0.03776 =
  0.01885 -0.00070  0.01604
  
 C45   1     0.71300  0.09476  0.00413  11.00000  0.01496  0.03387  0.03037 =
  0.01042  0.00864  0.01840
 AFIX 43
 H45   2     0.64436  0.13542  0.02309  11.00000 -1.20000
 AFIX 0
  
 C30   1     0.87305  0.56796  0.17410  11.00000  0.02881  0.01766  0.03329 =
  -0.00290  0.00283  0.01512
 AFIX 23
 H30a  2     0.91046  0.50849  0.18805  11.00000 -1.20000
 H30b  2     0.95435  0.62170  0.17054  11.00000 -1.20000
 AFIX 0
  
 C51   1     0.87461  0.23177  0.17406  11.00000  0.02125  0.03395  0.01922 =
  0.00948  0.00512  0.00594
 AFIX 23
 H51a  2     0.95831  0.28297  0.16994  11.00000 -1.20000
 H51b  2     0.90785  0.17113  0.18829  11.00000 -1.20000
 AFIX 0
  
 C14   1     1.12653  0.10203 -0.17295  11.00000  0.02661  0.04974  0.02833 =
  -0.00168  0.00584  0.00532
 AFIX 23
 H14a  2     1.09169  0.16234 -0.18698  11.00000 -1.20000
 H14b  2     1.04339  0.05030 -0.16884  11.00000 -1.20000
 AFIX 0
  
 C44   1     0.69896  0.04246 -0.05177  11.00000  0.02370  0.03921  0.03073 =
  0.00760  0.00205  0.01487
  
 C5    1     0.70160  0.37483 -0.05151  11.00000  0.02827  0.02648  0.03444 =
  0.00024  0.02218 -0.00754
 C10   1     1.30221  0.29425  0.05143  11.00000  0.02641  0.03294  0.02317 =
  0.00471 -0.00725  0.00804
 C16   1     1.14924 -0.00767 -0.27275  11.00000  0.03763  0.04182  0.01995 =
  -0.00196  0.01500 -0.00298
 AFIX 23
 H16a  2     1.10466  0.04853 -0.28701  11.00000 -1.20000
 H16b  2     1.07285 -0.06342 -0.26690  11.00000 -1.20000
 AFIX 0
  
 C53   1     0.84432  0.33969  0.27186  11.00000  0.02165  0.05225  0.03857 =
  0.01762  0.00444  0.01124
 AFIX 23
 H53a  2     0.91957  0.39699  0.26688  11.00000 -1.20000
 H53b  2     0.89060  0.28343  0.28536  11.00000 -1.20000
 AFIX 0
  
 C32   1     0.84370  0.67557  0.27286  11.00000  0.02647  0.02460  0.02611 =
  -0.00332 -0.00771  0.01343
 AFIX 23
 H32a  2     0.89318  0.62146  0.28691  11.00000 -1.20000
 H32b  2     0.91667  0.73373  0.26705  11.00000 -1.20000
 AFIX 0
 C29   1     0.79758  0.52148  0.11455  11.00000  0.02841  0.03084  0.02833 =
  0.00106  0.00028  0.01525
 AFIX 43
 H29   2     0.70835  0.53679  0.10230  11.00000 -1.20000
 AFIX 0
 C13   1     1.19970  0.14432 -0.11795  11.00000  0.02239  0.01916  0.02872 =
  -0.00296  0.00313  0.00255
 AFIX 23
 H13a  2     1.21663  0.08366 -0.10009  11.00000 -1.20000
 H13b  2     1.29265  0.18464 -0.12259  11.00000 -1.20000
 AFIX 0
  
 C50   1     0.79539  0.18936  0.11762  11.00000  0.02640  0.03876  0.02977 =
  0.01109  0.00163  0.01989
 AFIX 23
 H50a  2     0.70399  0.14689  0.12218  11.00000 -1.20000
 H50b  2     0.77628  0.24998  0.10007  11.00000 -1.20000
 AFIX 0
  
 C41   1     0.65525  1.11899  0.72290  11.00000  0.03483  0.05090  0.01748 =
  0.00051 -0.00223  0.00892
 AFIX 23
 H41a  2     0.58961  1.16620  0.71129  11.00000 -1.20000
 H41b  2     0.59714  1.05427  0.73035  11.00000 -1.20000
 AFIX 0
 C25   1     1.33988 -0.45626 -0.72216  11.00000  0.01604  0.04434  0.06485 =
  0.00459  0.00906  0.00840
 AFIX 23
 H25a  2     1.40252 -0.39361 -0.72961  11.00000 -1.20000
 H25b  2     1.40090 -0.50454 -0.70873  11.00000 -1.20000
 AFIX 0
  
 C55   1     0.82375  0.44503  0.37309  11.00000  0.01925  0.02569  0.03744 =
  0.00367 -0.00120 -0.00125
 AFIX 23
 H55a  2     0.87507  0.39170  0.38700  11.00000 -1.20000
 H55b  2     0.89496  0.50357  0.36640  11.00000 -1.20000
 AFIX 0
  
 C34   1     0.82455  0.77977  0.37153  11.00000  0.05514  0.03714  0.01186 =
  -0.00034  0.02165  0.01854
 AFIX 23
 H34a  2     0.89225  0.83996  0.36434  11.00000 -1.20000
 H34b  2     0.88000  0.72789  0.38476  11.00000 -1.20000
 AFIX 0
  
 C62   1     0.65223  0.78653  0.72213  11.00000  0.05226  0.02747  0.03010 =
  -0.00785  0.00904  0.00404
 AFIX 23
 H62a  2     0.59387  0.72285  0.73063  11.00000 -1.20000
 H62b  2     0.58772  0.83351  0.70958  11.00000 -1.20000
 AFIX 0
  
 C15   1     1.22906  0.04399 -0.21622  11.00000  0.02197  0.03544  0.02990 =
  0.00806 -0.00224  0.01291
 AFIX 23
 H15a  2     1.30860  0.09704 -0.22238  11.00000 -1.20000
 H15b  2     1.26938 -0.01291 -0.20101  11.00000 -1.20000
 AFIX 0
 C31   1     0.77023  0.62128  0.21619  11.00000  0.05408  0.01609  0.03438 =
  0.00338  0.01776  0.01851
 AFIX 23
 H31a  2     0.69329  0.56586  0.22197  11.00000 -1.20000
 H31b  2     0.72639  0.67623  0.20061  11.00000 -1.20000
 AFIX 0
 C18   1     1.17950 -0.11363 -0.37289  11.00000  0.02606  0.05961  0.03274 =
  0.00133 -0.00491  0.00591
 AFIX 23
 H18a  2     1.10914 -0.17365 -0.36733  11.00000 -1.20000
 H18b  2     1.12711 -0.06007 -0.38610  11.00000 -1.20000
 AFIX 0
 C23   1     1.32172 -0.36016 -0.62133  11.00000  0.01753  0.03630  0.05125 =
  -0.00084 -0.00585 -0.00133
 AFIX 23
 H23a  2     1.38828 -0.29913 -0.62830  11.00000 -1.20000
 H23b  2     1.37862 -0.41212 -0.60894  11.00000 -1.20000
 AFIX 0
  
 C52   1     0.76956  0.28997  0.21552  11.00000  0.02060  0.05457  0.02079 =
  -0.01035  0.00367 -0.00458
 AFIX 23
 H52a  2     0.73205  0.34737  0.19981  11.00000 -1.20000
 H52b  2     0.68839  0.23736  0.22065  11.00000 -1.20000
 AFIX 0
  
 C39   1     0.67741  1.01834  0.62152  11.00000  0.03891  0.04106  0.01271 =
  0.00217  0.00717  0.01546
 AFIX 23
 H39a  2     0.60868  1.06189  0.60867  11.00000 -1.20000
 H39b  2     0.62326  0.95286  0.62994  11.00000 -1.20000
 AFIX 0
  
 C60   1     0.67660  0.69042  0.61996  11.00000  0.03710  0.05037  0.02991 =
  -0.00413  0.01254 -0.00349
 AFIX 23
 H60a  2     0.61191  0.62843  0.62696  11.00000 -1.20000
 H60b  2     0.61776  0.74041  0.60682  11.00000 -1.20000
 AFIX 0
  
 C40   1     0.75389  1.08315  0.67407  11.00000  0.04626  0.04898  0.02264 =
  0.00220  0.02087  0.02103
 AFIX 23
 H40a  2     0.80808  1.14830  0.66530  11.00000 -1.20000
 H40b  2     0.82311  1.03942  0.68645  11.00000 -1.20000
 AFIX 0
 C36   1     0.79925  0.88121  0.47296  11.00000  0.03168  0.03532  0.04768 =
  0.00484  0.00276 -0.00685
 AFIX 23
 H36a  2     0.86677  0.94187  0.46618  11.00000 -1.20000
 H36b  2     0.85516  0.82957  0.48617  11.00000 -1.20000
 AFIX 0
 C20   1     1.20029 -0.21591 -0.47171  11.00000  0.04610  0.03511  0.02231 =
  0.00316  0.01258  0.00696
 AFIX 23
 H20a  2     1.14067 -0.16597 -0.48447  11.00000 -1.20000
 H20b  2     1.13627 -0.27773 -0.46412  11.00000 -1.20000
 AFIX 0
 C21   1     1.30090 -0.25816 -0.51928  11.00000  0.03181  0.01770  0.04983 =
  0.00363  0.01784  0.00338
 AFIX 23
 H21a  2     1.36502 -0.19629 -0.52677  11.00000 -1.20000
 H21b  2     1.36045 -0.30807 -0.50647  11.00000 -1.20000
 AFIX 0
  
 C57   1     0.80251  0.55073  0.47419  11.00000  0.01675  0.06155  0.01981 =
  -0.00556 -0.00603  0.01393
 AFIX 23
 H57a  2     0.86082  0.49989  0.48686  11.00000 -1.20000
 H57b  2     0.86736  0.61302  0.46764  11.00000 -1.20000
 AFIX 0
  
 C37   1     0.69963  0.92501  0.51908  11.00000  0.03365  0.05967  0.01029 =
  -0.00537 -0.00696  0.01747
 AFIX 23
 H37a  2     0.63361  0.86423  0.52666  11.00000 -1.20000
 H37b  2     0.64219  0.97561  0.50574  11.00000 -1.20000
 AFIX 0
  
 C58   1     0.70105  0.58982  0.51943  11.00000  0.04242  0.03509  0.03420 =
  -0.00215  0.00131  0.00482
 AFIX 23
 H58a  2     0.63806  0.52690  0.52638  11.00000 -1.20000
 H58b  2     0.64061  0.63841  0.50595  11.00000 -1.20000
 AFIX 0
  
 C19   1     1.28042 -0.15729 -0.41759  11.00000  0.04026  0.04854  0.03228 =
  -0.00596  0.01250  0.00071
 AFIX 23
 H19a  2     1.33705 -0.20785 -0.40381  11.00000 -1.20000
 H19b  2     1.34688 -0.09678 -0.42520  11.00000 -1.20000
 AFIX 0
  
 C56   1     0.72129  0.49305  0.41824  11.00000  0.02922  0.03236  0.02883 =
  0.00860  0.01094  0.01582
 AFIX 23
 H56a  2     0.65104  0.43434  0.42541  11.00000 -1.20000
 H56b  2     0.66886  0.54558  0.40414  11.00000 -1.20000
 AFIX 0
  
 C35   1     0.72260  0.82482  0.41796  11.00000  0.02855  0.03195  0.02862 =
  -0.00563 -0.00485  0.00474
 AFIX 23
 H35a  2     0.66741  0.87660  0.40452  11.00000 -1.20000
 H35b  2     0.65455  0.76445  0.42472  11.00000 -1.20000
 AFIX 0
 C17   1     1.25386 -0.06076 -0.31724  11.00000  0.04088  0.04460  0.02365 =
  -0.01158  0.00431  0.00890
 AFIX 23
 H17a  2     1.32949 -0.00450 -0.32316  11.00000 -1.20000
 H17b  2     1.29962 -0.11578 -0.30244  11.00000 -1.20000
 AFIX 0
 C33   1     0.74428  0.72352  0.31727  11.00000  0.02053  0.01933  0.04215 =
  0.00435  0.00377  0.01198
 AFIX 23
 H33a  2     0.67374  0.66525  0.32472  11.00000 -1.20000
 H33b  2     0.69211  0.77619  0.30317  11.00000 -1.20000
 AFIX 0
 C38   1     0.78033  0.98430  0.57421  11.00000  0.02344  0.06267  0.01878 =
  -0.00717  0.00809  0.00534
 AFIX 23
 H38a  2     0.84443  0.93615  0.58594  11.00000 -1.20000
 H38b  2     0.83950  1.04925  0.56757  11.00000 -1.20000
 AFIX 0
 C22   1     1.22138 -0.31701 -0.57381  11.00000  0.04673  0.01514  0.03491 =
  0.00614  0.00124  0.00027
 AFIX 23
 H22a  2     1.16241 -0.26689 -0.58676  11.00000 -1.20000
 H22b  2     1.15667 -0.37850 -0.56625  11.00000 -1.20000
 AFIX 0
  
 C54   1     0.74251  0.38825  0.31616  11.00000  0.02523  0.05035  0.01919 =
  0.00661 -0.00545  0.00331
 AFIX 23
 H54a  2     0.67053  0.33023  0.32288  11.00000 -1.20000
 H54b  2     0.69219  0.44177  0.30196  11.00000 -1.20000
 AFIX 0
 C59   1     0.77560  0.64984  0.57451  11.00000  0.02907  0.04667  0.02717 =
  0.00037 -0.00275  0.01957
 AFIX 23
 H59a  2     0.83541  0.60087  0.58801  11.00000 -1.20000
 H59b  2     0.83945  0.71212  0.56734  11.00000 -1.20000
 AFIX 0
  
 C42   1     0.73440  1.17950  0.77718  11.00000  0.05355  0.06862  0.04595 =
  -0.00085  0.02330 -0.01804
 AFIX 137
 H42a  2     0.77874  1.24995  0.77217  11.00000 -1.50000
 H42b  2     0.80770  1.13734  0.78685  11.00000 -1.50000
 H42c  2     0.66678  1.18945  0.80681  11.00000 -1.50000
 AFIX 0
  
 C61   1     0.75495  0.75002  0.67598  11.00000  0.02751  0.05048  0.03490 =
  0.00900 -0.00716  0.00517
 AFIX 23
 H61a  2     0.81662  0.70117  0.68855  11.00000 -1.20000
 H61b  2     0.81661  0.81391  0.66945  11.00000 -1.20000
 AFIX 0
  
 C24   1     1.24005 -0.41612 -0.67628  11.00000  0.02974  0.03693  0.03762 =
  -0.00751 -0.00404 -0.00400
 AFIX 23
 H24a  2     1.17449 -0.47792 -0.66958  11.00000 -1.20000
 H24b  2     1.18234 -0.36457 -0.68860  11.00000 -1.20000
 AFIX 0
  
 C63   1     0.74104  0.85105  0.77648  11.00000  0.05469  0.05227  0.02355 =
  -0.01547 -0.01731  0.02780
 AFIX 137
 H63a  2     0.79348  0.91669  0.76861  11.00000 -1.50000
 H63b  2     0.80796  0.80551  0.78777  11.00000 -1.50000
 H63c  2     0.67584  0.87027  0.80622  11.00000 -1.50000
 AFIX 0
  
 C26   1     1.26598 -0.51589 -0.77579  11.00000  0.06439  0.04283  0.03248 =
  -0.00157  0.01277  0.00275
 AFIX 137
 H26a  2     1.33709 -0.53766 -0.80279  11.00000 -1.50000
 H26b  2     1.20633 -0.46862 -0.78992  11.00000 -1.50000
 H26c  2     1.20672 -0.57996 -0.76935  11.00000 -1.50000
 AFIX 0
 HKLF 4


 Covalent radii and connectivity table for  IM1706 in P-1 #2                                                           
 C    0.770
 H    0.320
 BR   1.140
 O    0.660
 S    1.030

 Br27 - C5
 Br48 - C44
 Br11 - C10
 S6 - C10 C7
 S43 - C47 C44
 S1 - C5 C2
 O12 - C8 C13
 O49 - C46 C50
 O28 - C3 C29
 C8 - O12 C7 C9
 C46 - C45 O49 C47
 C7 - C8 C2 S6
 C4 - C5 C3
 C9 - C10 C8
 C47 - C46 C47_$1 S43
 C2 - C3 C7 S1
 C3 - C2 O28 C4
 C45 - C46 C44
 C30 - C31 C29
 C51 - C50 C52
 C14 - C13 C15
 C44 - C45 S43 Br48
 C5 - C4 S1 Br27
 C10 - C9 S6 Br11
 C16 - C15 C17
 C53 - C52 C54
 C32 - C33 C31
 C29 - O28 C30
 C13 - O12 C14
 C50 - O49 C51
 C41 - C42 C40
 C25 - C26 C24
 C55 - C56 C54
 C34 - C33 C35
 C62 - C61 C63
 C15 - C16 C14
 C31 - C30 C32
 C18 - C19 C17
 C23 - C24 C22
 C52 - C53 C51
 C39 - C40 C38
 C60 - C59 C61
 C40 - C39 C41
 C36 - C35 C37
 C20 - C19 C21
 C21 - C22 C20
 C57 - C58 C56
 C37 - C36 C38
 C58 - C57 C59
 C19 - C18 C20
 C56 - C55 C57
 C35 - C36 C34
 C17 - C18 C16
 C33 - C32 C34
 C38 - C39 C37
 C22 - C21 C23
 C54 - C53 C55
 C59 - C60 C58
 C42 - C41
 C61 - C62 C60
 C24 - C25 C23
 C63 - C62
 C26 - C25


 Operators for generating equivalent atoms:

 $1   -x+2, -y, -z


   10991  Reflections read, of which     0  rejected

  -9 =< h =< 11,    -14 =< k =< 12,    -30 =< l =< 30,   Max. 2-theta =  147.69

       0  Systematic absence violations



 Inconsistent equivalents etc.

   h   k   l      Fo^2   Sigma(Fo^2)  N  Esd of mean(Fo^2)

  -1   3   5    14755.05    312.50    2   2542.80
  -2  -3   6    17734.78    355.56    2   2361.05
  -1   3   6     4275.50    169.10    2   1532.80
  -2  -1  20      -25.28     82.59    2    460.41

       4  Inconsistent equivalents

    8408  Unique reflections, of which      0  suppressed

 R(int) = 0.0394     R(sigma) = 0.0763      Friedel opposites merged

 Maximum memory for data reduction =     6214 /    86872


 Number of data for d > 0.803A (CIF: max) and d > 0.833A (CIF: full)
 (ignoring systematic absences):
 Unique reflections found (point group)       8408    7894
 Unique reflections possible (point group)   11148    9939
 Unique reflections found (Laue group)        8408    7894
 Unique reflections possible (Laue group)    11148    9939


 Default effective X-H and X-D distances for T =   20.0C 
 AFIX m =    1     2     3     4   4[N]  3[N]  15[B]  8[O]   9   9[N]   16
 d(X-H) =  0.98  0.97  0.96  0.93  0.86  0.89  1.10  0.82  0.93  0.86  0.93

 Note that these distances are chosen to give the best fit to the X-ray data
 and so avoid the introduction of systematic error.  The true internuclear
 distances are longer and do not vary with temperature!  The apparent
 variation with temperature is caused by libration.


 Least-squares cycle   1   Maximum vector length =  623   Memory required =     8075 /   905195

 wR2 = 0.1960 before cycle   1 for    8408 data and    571 /    571 parameters

 GooF = S =     0.921;     Restrained GooF =      0.921 for       0 restraints

 Weight = 1 / [ sigma^2(Fo^2) + ( 0.0746 * P )^2 +   0.00 * P ]   where  P = ( Max ( Fo^2, 0 ) + 2 * Fc^2 ) / 3


     N      value        esd    shift/esd  parameter

     1     1.30361     0.00337     0.002    OSF

 Mean shift/esd =   0.049  Maximum =    -0.415 for  U11 C3       

 Max. shift = 0.007 A for H42C      Max. dU =-0.001 for C3         


 Least-squares cycle   2   Maximum vector length =  623   Memory required =     8075 /   905195

 wR2 = 0.1960 before cycle   2 for    8408 data and    571 /    571 parameters

 GooF = S =     0.921;     Restrained GooF =      0.921 for       0 restraints

 Weight = 1 / [ sigma^2(Fo^2) + ( 0.0746 * P )^2 +   0.00 * P ]   where  P = ( Max ( Fo^2, 0 ) + 2 * Fc^2 ) / 3


     N      value        esd    shift/esd  parameter

     1     1.30361     0.00337     0.002    OSF

 Mean shift/esd =   0.058  Maximum =    -0.565 for  U11 C3       

 Max. shift = 0.010 A for H42C      Max. dU =-0.001 for C3         


 Least-squares cycle   3   Maximum vector length =  623   Memory required =     8075 /   905195

 wR2 = 0.1959 before cycle   3 for    8408 data and    571 /    571 parameters

 GooF = S =     0.921;     Restrained GooF =      0.921 for       0 restraints

 Weight = 1 / [ sigma^2(Fo^2) + ( 0.0746 * P )^2 +   0.00 * P ]   where  P = ( Max ( Fo^2, 0 ) + 2 * Fc^2 ) / 3


     N      value        esd    shift/esd  parameter

     1     1.30359     0.00337    -0.007    OSF

 Mean shift/esd =   0.053  Maximum =    -0.593 for  U11 C3       

 Max. shift = 0.006 A for H42C      Max. dU =-0.001 for C3         


 Least-squares cycle   4   Maximum vector length =  623   Memory required =     8075 /   905195

 wR2 = 0.1959 before cycle   4 for    8408 data and    571 /    571 parameters

 GooF = S =     0.921;     Restrained GooF =      0.921 for       0 restraints

 Weight = 1 / [ sigma^2(Fo^2) + ( 0.0746 * P )^2 +   0.00 * P ]   where  P = ( Max ( Fo^2, 0 ) + 2 * Fc^2 ) / 3


     N      value        esd    shift/esd  parameter

     1     1.30359     0.00337    -0.001    OSF

 Mean shift/esd =   0.050  Maximum =    -0.567 for  U11 C3       

 Max. shift = 0.008 A for H42C      Max. dU =-0.001 for C3         

 No correlation matrix elements larger than  0.500



 Idealized hydrogen atom generation before cycle   5

 Name     x       y       z    AFIX  d(X-H)  shift  Bonded to  Conformation determined by

 H4    0.6425  0.4648  0.0215   43   0.930   0.001   C4              C5  C3  
 H9    1.3639  0.2010 -0.0213   43   0.930   0.001   C9              C10  C8  
 H45   0.6446  0.1354  0.0231   43   0.930   0.000   C45             C46  C44  
 H30A  0.9097  0.5082  0.1881   23   0.970   0.001   C30             C31  C29  
 H30B  0.9544  0.6213  0.1705   23   0.970   0.002   C30             C31  C29  
 H51A  0.9575  0.2832  0.1698   23   0.970   0.002   C51             C50  C52  
 H51B  0.9078  0.1713  0.1881   23   0.970   0.002   C51             C50  C52  
 H14A  1.0909  0.1623 -0.1871   23   0.970   0.001   C14             C13  C15  
 H14B  1.0425  0.0502 -0.1691   23   0.970   0.001   C14             C13  C15  
 H16A  1.1046  0.0486 -0.2870   23   0.970   0.001   C16             C15  C17  
 H16B  1.0727 -0.0633 -0.2668   23   0.970   0.001   C16             C15  C17  
 H53A  0.9187  0.3973  0.2668   23   0.970   0.001   C53             C52  C54  
 H53B  0.8906  0.2838  0.2854   23   0.970   0.002   C53             C52  C54  
 H32A  0.8931  0.6213  0.2869   23   0.970   0.001   C32             C33  C31  
 H32B  0.9171  0.7337  0.2672   23   0.970   0.001   C32             C33  C31  
 H29   0.7087  0.5372  0.1022   43   0.930   0.002   C29             O28  C30  
 H13A  1.2168  0.0835 -0.1001   23   0.970   0.001   C13             O12  C14  
 H13B  1.2928  0.1845 -0.1226   23   0.970   0.001   C13             O12  C14  
 H50A  0.7043  0.1465  0.1223   23   0.970   0.001   C50             O49  C51  
 H50B  0.7759  0.2497  0.1002   23   0.970   0.001   C50             O49  C51  
 H41A  0.5894  1.1656  0.7112   23   0.970   0.003   C41             C42  C40  
 H41B  0.5976  1.0539  0.7303   23   0.970   0.003   C41             C42  C40  
 H25A  1.4032 -0.3938 -0.7293   23   0.970   0.003   C25             C26  C24  
 H25B  1.4006 -0.5050 -0.7087   23   0.970   0.003   C25             C26  C24  
 H55A  0.8753  0.3924  0.3870   23   0.970   0.001   C55             C56  C54  
 H55B  0.8939  0.5042  0.3663   23   0.970   0.001   C55             C56  C54  
 H34A  0.8926  0.8396  0.3643   23   0.970   0.001   C34             C33  C35  
 H34B  0.8795  0.7276  0.3848   23   0.970   0.001   C34             C33  C35  
 H62A  0.5942  0.7230  0.7309   23   0.970   0.000   C62             C61  C63  
 H62B  0.5876  0.8335  0.7097   23   0.970   0.001   C62             C61  C63  
 H15A  1.3085  0.0971 -0.2224   23   0.970   0.001   C15             C16  C14  
 H15B  1.2694 -0.0128 -0.2010   23   0.970   0.001   C15             C16  C14  
 H31A  0.6929  0.5665  0.2219   23   0.970   0.001   C31             C30  C32  
 H31B  0.7270  0.6769  0.2006   23   0.970   0.001   C31             C30  C32  
 H18A  1.1083 -0.1733 -0.3674   23   0.970   0.001   C18             C19  C17  
 H18B  1.1268 -0.0596 -0.3860   23   0.970   0.001   C18             C19  C17  
 H23A  1.3887 -0.2994 -0.6282   23   0.970   0.001   C23             C24  C22  
 H23B  1.3788 -0.4124 -0.6089   23   0.970   0.001   C23             C24  C22  
 H52A  0.7314  0.3467  0.1998   23   0.970   0.003   C52             C53  C51  
 H52B  0.6888  0.2367  0.2207   23   0.970   0.003   C52             C53  C51  
 H39A  0.6093  1.0622  0.6087   23   0.970   0.003   C39             C40  C38  
 H39B  0.6233  0.9531  0.6300   23   0.970   0.003   C39             C40  C38  
 H60A  0.6124  0.6278  0.6270   23   0.970   0.002   C60             C59  C61  
 H60B  0.6172  0.7397  0.6068   23   0.970   0.002   C60             C59  C61  
 H40A  0.8077  1.1481  0.6653   23   0.970   0.002   C40             C39  C41  
 H40B  0.8227  1.0392  0.6863   23   0.970   0.002   C40             C39  C41  
 H36A  0.8670  0.9421  0.4662   23   0.970   0.001   C36             C35  C37  
 H36B  0.8552  0.8297  0.4861   23   0.970   0.001   C36             C35  C37  
 H20A  1.1406 -0.1661 -0.4845   23   0.970   0.001   C20             C19  C21  
 H20B  1.1364 -0.2777 -0.4641   23   0.970   0.001   C20             C19  C21  
 H21A  1.3650 -0.1963 -0.5267   23   0.970   0.001   C21             C22  C20  
 H21B  1.3605 -0.3080 -0.5064   23   0.970   0.001   C21             C22  C20  
 H57A  0.8606  0.4996  0.4869   23   0.970   0.001   C57             C58  C56  
 H57B  0.8674  0.6127  0.4676   23   0.970   0.001   C57             C58  C56  
 H37A  0.6339  0.8642  0.5265   23   0.970   0.001   C37             C36  C38  
 H37B  0.6426  0.9757  0.5057   23   0.970   0.001   C37             C36  C38  
 H58A  0.6377  0.5270  0.5265   23   0.970   0.000   C58             C57  C59  
 H58B  0.6404  0.6384  0.5060   23   0.970   0.000   C58             C57  C59  
 H19A  1.3369 -0.2075 -0.4039   23   0.970   0.000   C19             C18  C20  
 H19B  1.3464 -0.0966 -0.4254   23   0.970   0.000   C19             C18  C20  
 H56A  0.6509  0.4339  0.4254   23   0.970   0.002   C56             C55  C57  
 H56B  0.6680  0.5453  0.4042   23   0.970   0.002   C56             C55  C57  
 H35A  0.6682  0.8772  0.4043   23   0.970   0.001   C35             C36  C34  
 H35B  0.6543  0.7651  0.4246   23   0.970   0.001   C35             C36  C34  
 H17A  1.3294 -0.0048 -0.3231   23   0.970   0.000   C17             C18  C16  
 H17B  1.2989 -0.1162 -0.3025   23   0.970   0.000   C17             C18  C16  
 H33A  0.6737  0.6654  0.3248   23   0.970   0.001   C33             C32  C34  
 H33B  0.6922  0.7764  0.3033   23   0.970   0.001   C33             C32  C34  
 H38A  0.8438  0.9358  0.5860   23   0.970   0.002   C38             C39  C37  
 H38B  0.8396  1.0489  0.5677   23   0.970   0.002   C38             C39  C37  
 H22A  1.1624 -0.2671 -0.5868   23   0.970   0.001   C22             C21  C23  
 H22B  1.1566 -0.3786 -0.5662   23   0.970   0.001   C22             C21  C23  
 H54A  0.6706  0.3297  0.3229   23   0.970   0.001   C54             C53  C55  
 H54B  0.6913  0.4412  0.3019   23   0.970   0.001   C54             C53  C55  
 H59A  0.8361  0.6010  0.5879   23   0.970   0.001   C59             C60  C58  
 H59B  0.8394  0.7123  0.5673   23   0.970   0.001   C59             C60  C58  
 H42A  0.7788  1.2501  0.7721  137   0.960   0.002   C42             C41  H42A  
 H42B  0.8076  1.1377  0.7871  137   0.960   0.003   C42             C41  H42A  
 H42C  0.6665  1.1900  0.8068  137   0.960   0.002   C42             C41  H42A  
 H61A  0.8173  0.7014  0.6886   23   0.970   0.001   C61             C62  C60  
 H61B  0.8168  0.8140  0.6694   23   0.970   0.002   C61             C62  C60  
 H24A  1.1745 -0.4781 -0.6696   23   0.970   0.001   C24             C25  C23  
 H24B  1.1826 -0.3647 -0.6887   23   0.970   0.001   C24             C25  C23  
 H63A  0.7941  0.9167  0.7683  137   0.960   0.000   C63             C62  H63A  
 H63B  0.8082  0.8057  0.7878  137   0.960   0.001   C63             C62  H63A  
 H63C  0.6765  0.8710  0.8062  137   0.960   0.001   C63             C62  H63A  
 H26A  1.3377 -0.5367 -0.8029  137   0.960   0.000   C26             C25  H26A  
 H26B  1.2066 -0.4681 -0.7897  137   0.960   0.002   C26             C25  H26A  
 H26C  1.2074 -0.5798 -0.7696  137   0.960   0.002   C26             C25  H26A  



  IM1706 in P-1 #2                                                           

 ATOM           x         y         z          sof         U11       U22       U33       U23       U13       U12        Ueq

 Br27        0.54965   0.37831  -0.10255     1.00000     0.02637   0.04541   0.03397   0.00397  -0.00096   0.01175    0.03522
   0.00271   0.00014   0.00013   0.00006     0.00000     0.00060   0.00097   0.00064   0.00064   0.00049   0.00057    0.00035

 Br48        0.54901   0.04466  -0.10256     1.00000     0.02558   0.04514   0.03461   0.00475  -0.00057   0.00941    0.03515
   0.00282   0.00014   0.00014   0.00006     0.00000     0.00059   0.00096   0.00062   0.00062   0.00049   0.00055    0.00035

 Br11        1.45112   0.28868   0.10245     1.00000     0.02885   0.04196   0.03454   0.00324  -0.00399   0.01107    0.03523
   0.00276   0.00015   0.00014   0.00006     0.00000     0.00062   0.00094   0.00062   0.00061   0.00051   0.00055    0.00035

 S6          1.15293   0.35941   0.07346     1.00000     0.02731   0.03217   0.02245   0.00124   0.00395   0.00480    0.02776
   0.00577   0.00032   0.00029   0.00012     0.00000     0.00135   0.00192   0.00124   0.00126   0.00105   0.00119    0.00069

 S43         0.84665  -0.02531  -0.07299     1.00000     0.01917   0.03325   0.02842   0.00235   0.00069   0.00513    0.02731
   0.00598   0.00030   0.00029   0.00013     0.00000     0.00121   0.00195   0.00131   0.00128   0.00102   0.00114    0.00069

 S1          0.84663   0.30720  -0.07321     1.00000     0.02031   0.03627   0.02327  -0.00017   0.00443   0.00885    0.02699
   0.00590   0.00030   0.00029   0.00012     0.00000     0.00119   0.00198   0.00120   0.00125   0.00101   0.00115    0.00069

 O12         1.11162   0.21489  -0.08352     1.00000     0.03045   0.03214   0.02606  -0.00010   0.00277   0.01163    0.02972
   0.01788   0.00095   0.00080   0.00036     0.00000     0.00413   0.00568   0.00400   0.00385   0.00333   0.00365    0.00204

 O49         0.89218   0.11969   0.08309     1.00000     0.01893   0.05460   0.02394  -0.00895  -0.00003   0.01172    0.03422
   0.01723   0.00086   0.00087   0.00036     0.00000     0.00374   0.00677   0.00394   0.00412   0.00309   0.00383    0.00239

 O28         0.88924   0.45241   0.08333     1.00000     0.03173   0.04291   0.02811  -0.00069  -0.00018   0.02345    0.03385
   0.01955   0.00099   0.00086   0.00038     0.00000     0.00441   0.00649   0.00416   0.00420   0.00347   0.00406    0.00227

 C8          1.15827   0.25187  -0.03020     1.00000     0.03027   0.03204   0.02656  -0.00122   0.01570  -0.00916    0.03144
   0.02446   0.00136   0.00113   0.00052     0.00000     0.00570   0.00762   0.00542   0.00522   0.00467   0.00508    0.00319

 C46         0.83867   0.07899   0.02739     1.00000     0.03666   0.02625   0.01097  -0.01046   0.00227   0.00963    0.02610
   0.02257   0.00134   0.00109   0.00044     0.00000     0.00598   0.00733   0.00422   0.00434   0.00403   0.00495    0.00281

 C7          1.07406   0.31681   0.00588     1.00000     0.04019   0.01475   0.03256   0.01311   0.00461   0.01471    0.02710
   0.02689   0.00144   0.00105   0.00052     0.00000     0.00638   0.00681   0.00556   0.00491   0.00488   0.00469    0.00260

 C4          0.71285   0.42533   0.00298     1.00000     0.03351   0.04083   0.02421   0.00365   0.00475   0.00258    0.03334
   0.02635   0.00144   0.00124   0.00053     0.00000     0.00658   0.00873   0.00554   0.00569   0.00484   0.00570    0.00313

 H4          0.64251   0.46480   0.02148     1.00000     0.04001
                                             0.00000     0.00000

 C9          1.29256   0.24028  -0.00344     1.00000     0.01952   0.02356   0.02911  -0.00264  -0.00037   0.00076    0.02529
   0.02198   0.00120   0.00105   0.00052     0.00000     0.00490   0.00714   0.00562   0.00515   0.00421   0.00451    0.00273

 H9          1.36391   0.20100  -0.02128     1.00000     0.03034
                                             0.00000     0.00000

 C47         0.93146   0.01301  -0.00739     1.00000     0.02213   0.03480   0.02460  -0.00731   0.00534  -0.00151    0.02932
   0.02296   0.00125   0.00117   0.00050     0.00000     0.00555   0.00778   0.00517   0.00532   0.00432   0.00500    0.00301

 C2          0.93240   0.35068  -0.00667     1.00000     0.00474   0.04201   0.01221  -0.00531  -0.00172   0.00487    0.02097
   0.01911   0.00098   0.00107   0.00040     0.00000     0.00367   0.00766   0.00400   0.00444   0.00315   0.00390    0.00260

 C3          0.84738   0.41029   0.02875     1.00000     0.00997   0.02979   0.03813   0.01919  -0.00083   0.01472    0.02332
   0.02510   0.00111   0.00109   0.00053     0.00000     0.00428   0.00723   0.00591   0.00534   0.00408   0.00400    0.00258

 C45         0.71315   0.09465   0.00411     1.00000     0.01647   0.03425   0.02914   0.01052   0.00762   0.01843    0.02479
   0.02671   0.00120   0.00111   0.00053     0.00000     0.00453   0.00767   0.00542   0.00530   0.00409   0.00441    0.00259

 H45         0.64462   0.13543   0.02307     1.00000     0.02975
                                             0.00000     0.00000

 C30         0.87276   0.56786   0.17407     1.00000     0.03196   0.01613   0.03418  -0.00248   0.00310   0.01575    0.02744
   0.02516   0.00132   0.00106   0.00055     0.00000     0.00571   0.00710   0.00616   0.00517   0.00492   0.00465    0.00278

 H30A        0.90966   0.50824   0.18805     1.00000     0.03292
                                             0.00000     0.00000

 H30B        0.95443   0.62132   0.17054     1.00000     0.03292
                                             0.00000     0.00000

 C51         0.87408   0.23177   0.17394     1.00000     0.02079   0.03324   0.01942   0.00873   0.00529   0.00468    0.02385
   0.02321   0.00118   0.00108   0.00046     0.00000     0.00478   0.00755   0.00478   0.00486   0.00396   0.00464    0.00259

 H51A        0.95750   0.28320   0.16978     1.00000     0.02862
                                             0.00000     0.00000

 H51B        0.90784   0.17127   0.18814     1.00000     0.02862
                                             0.00000     0.00000

 C14         1.12563   0.10197  -0.17315     1.00000     0.02422   0.05231   0.02737  -0.00122   0.00538   0.00665    0.03568
   0.02698   0.00135   0.00135   0.00055     0.00000     0.00557   0.00950   0.00587   0.00604   0.00471   0.00554    0.00335

 H14A        1.09089   0.16235  -0.18714     1.00000     0.04282
                                             0.00000     0.00000

 H14B        1.04252   0.05020  -0.16906     1.00000     0.04282
                                             0.00000     0.00000

 C44         0.69881   0.04225  -0.05178     1.00000     0.02763   0.03793   0.03060   0.00804   0.00221   0.01583    0.03095
   0.02820   0.00136   0.00126   0.00056     0.00000     0.00589   0.00868   0.00608   0.00581   0.00481   0.00526    0.00299

 C5          0.70238   0.37473  -0.05140     1.00000     0.02657   0.02728   0.03394  -0.00090   0.02273  -0.00775    0.03087
   0.02458   0.00129   0.00108   0.00053     0.00000     0.00546   0.00715   0.00610   0.00527   0.00486   0.00484    0.00320

 C10         1.30278   0.29397   0.05143     1.00000     0.02387   0.03331   0.02406   0.00539  -0.00808   0.00738    0.02689
   0.02397   0.00127   0.00115   0.00050     0.00000     0.00536   0.00808   0.00518   0.00514   0.00424   0.00492    0.00279

 C16         1.14913  -0.00760  -0.27270     1.00000     0.03599   0.04169   0.02019  -0.00124   0.01458  -0.00183    0.03401
   0.02573   0.00143   0.00124   0.00051     0.00000     0.00621   0.00861   0.00518   0.00538   0.00463   0.00558    0.00329

 H16A        1.10464   0.04863  -0.28697     1.00000     0.04081
                                             0.00000     0.00000

 H16B        1.07267  -0.06325  -0.26680     1.00000     0.04081
                                             0.00000     0.00000

 C53         0.84383   0.33974   0.27186     1.00000     0.01984   0.05288   0.04005   0.01788   0.00525   0.01254    0.03573
   0.02973   0.00132   0.00134   0.00060     0.00000     0.00515   0.00983   0.00674   0.00662   0.00485   0.00549    0.00331

 H53A        0.91871   0.39726   0.26684     1.00000     0.04288
                                             0.00000     0.00000

 H53B        0.89060   0.28378   0.28543     1.00000     0.04288
                                             0.00000     0.00000

 C32         0.84387   0.67560   0.27289     1.00000     0.02943   0.02408   0.02478  -0.00392  -0.00831   0.01173    0.02672
   0.02277   0.00128   0.00111   0.00048     0.00000     0.00547   0.00724   0.00542   0.00495   0.00442   0.00463    0.00275

 H32A        0.89308   0.62130   0.28689     1.00000     0.03206
                                             0.00000     0.00000

 H32B        0.91706   0.73369   0.26716     1.00000     0.03206
                                             0.00000     0.00000

 C29         0.79770   0.52158   0.11452     1.00000     0.02708   0.03171   0.02779  -0.00015   0.00019   0.01429    0.02887
   0.02527   0.00132   0.00114   0.00053     0.00000     0.00555   0.00821   0.00559   0.00541   0.00449   0.00501    0.00294

 H29         0.70872   0.53721   0.10218     1.00000     0.03464
                                             0.00000     0.00000

 C13         1.19990   0.14422  -0.11788     1.00000     0.02270   0.01958   0.02891  -0.00238   0.00318   0.00227    0.02471
   0.02241   0.00121   0.00105   0.00051     0.00000     0.00500   0.00673   0.00561   0.00487   0.00436   0.00428    0.00267

 H13A        1.21683   0.08350  -0.10006     1.00000     0.02966
                                             0.00000     0.00000

 H13B        1.29281   0.18455  -0.12256     1.00000     0.02966
                                             0.00000     0.00000

 C50         0.79547   0.18919   0.11771     1.00000     0.02761   0.03771   0.02988   0.01161   0.00208   0.02109    0.02972
   0.02848   0.00136   0.00124   0.00054     0.00000     0.00566   0.00847   0.00582   0.00572   0.00476   0.00540    0.00296

 H50A        0.70425   0.14651   0.12229     1.00000     0.03567
                                             0.00000     0.00000

 H50B        0.77594   0.24973   0.10018     1.00000     0.03567
                                             0.00000     0.00000

 C41         0.65540   1.11868   0.72280     1.00000     0.03524   0.05164   0.01744  -0.00050  -0.00323   0.00765    0.03562
   0.02553   0.00145   0.00132   0.00047     0.00000     0.00631   0.00968   0.00494   0.00551   0.00452   0.00591    0.00332

 H41A        0.58937   1.16559   0.71117     1.00000     0.04274
                                             0.00000     0.00000

 H41B        0.59764   1.05387   0.73034     1.00000     0.04274
                                             0.00000     0.00000

 C25         1.34010  -0.45642  -0.72208     1.00000     0.01489   0.04302   0.06758   0.00407   0.00975   0.00868    0.04230
   0.02940   0.00128   0.00130   0.00070     0.00000     0.00480   0.00909   0.00919   0.00728   0.00541   0.00499    0.00377

 H25A        1.40319  -0.39382  -0.72933     1.00000     0.05076
                                             0.00000     0.00000

 H25B        1.40064  -0.50505  -0.70867     1.00000     0.05076
                                             0.00000     0.00000

 C55         0.82329   0.44535   0.37307     1.00000     0.01940   0.02286   0.03798   0.00458  -0.00070  -0.00081    0.02721
   0.02250   0.00119   0.00106   0.00054     0.00000     0.00483   0.00710   0.00635   0.00543   0.00463   0.00452    0.00282

 H55A        0.87533   0.39240   0.38700     1.00000     0.03265
                                             0.00000     0.00000

 H55B        0.89390   0.50421   0.36632     1.00000     0.03265
                                             0.00000     0.00000

 C34         0.82447   0.77968   0.37150     1.00000     0.05755   0.03658   0.01163  -0.00105   0.02165   0.01739    0.03496
   0.02788   0.00155   0.00118   0.00045     0.00000     0.00749   0.00827   0.00437   0.00477   0.00476   0.00591    0.00331

 H34A        0.89255   0.83963   0.36428     1.00000     0.04196
                                             0.00000     0.00000

 H34B        0.87951   0.72764   0.38479     1.00000     0.04196
                                             0.00000     0.00000

 C62         0.65228   0.78664   0.72229     1.00000     0.05358   0.02739   0.02828  -0.00628   0.00992   0.00502    0.03794
   0.02778   0.00165   0.00122   0.00057     0.00000     0.00788   0.00813   0.00597   0.00549   0.00560   0.00595    0.00340

 H62A        0.59416   0.72296   0.73091     1.00000     0.04553
                                             0.00000     0.00000

 H62B        0.58757   0.83347   0.70974     1.00000     0.04553
                                             0.00000     0.00000

 C15         1.22904   0.04399  -0.21628     1.00000     0.02086   0.03781   0.02951   0.00759  -0.00152   0.01197    0.02863
   0.02548   0.00126   0.00120   0.00053     0.00000     0.00514   0.00843   0.00564   0.00571   0.00441   0.00502    0.00291

 H15A        1.30851   0.09713  -0.22241     1.00000     0.03436
                                             0.00000     0.00000

 H15B        1.26936  -0.01284  -0.20102     1.00000     0.03436
                                             0.00000     0.00000

 C31         0.77025   0.62163   0.21613     1.00000     0.05473   0.01446   0.03480   0.00404   0.01762   0.01891    0.03350
   0.02978   0.00162   0.00111   0.00057     0.00000     0.00778   0.00722   0.00669   0.00535   0.00592   0.00540    0.00321

 H31A        0.69287   0.56651   0.22186     1.00000     0.04020
                                             0.00000     0.00000

 H31B        0.72701   0.67685   0.20056     1.00000     0.04020
                                             0.00000     0.00000

 C18         1.17894  -0.11336  -0.37291     1.00000     0.02420   0.06411   0.03203   0.00070  -0.00501   0.00676    0.04125
   0.02729   0.00140   0.00146   0.00058     0.00000     0.00574   0.01110   0.00639   0.00677   0.00494   0.00614    0.00379

 H18A        1.10835  -0.17330  -0.36744     1.00000     0.04950
                                             0.00000     0.00000

 H18B        1.12684  -0.05956  -0.38605     1.00000     0.04950
                                             0.00000     0.00000

 C23         1.32207  -0.36039  -0.62130     1.00000     0.01769   0.03714   0.04926  -0.00312  -0.00500  -0.00150    0.03672
   0.02458   0.00127   0.00125   0.00062     0.00000     0.00488   0.00828   0.00743   0.00631   0.00501   0.00488    0.00336

 H23A        1.38873  -0.29940  -0.62824     1.00000     0.04406
                                             0.00000     0.00000

 H23B        1.37881  -0.41242  -0.60889     1.00000     0.04406
                                             0.00000     0.00000

 C52         0.76954   0.28955   0.21554     1.00000     0.02104   0.05411   0.02056  -0.01056   0.00315  -0.00387    0.03498
   0.02296   0.00125   0.00125   0.00050     0.00000     0.00515   0.00942   0.00519   0.00563   0.00428   0.00537    0.00350

 H52A        0.73139   0.34671   0.19984     1.00000     0.04198
                                             0.00000     0.00000

 H52B        0.68875   0.23668   0.22074     1.00000     0.04198
                                             0.00000     0.00000

 C39         0.67780   1.01852   0.62156     1.00000     0.03713   0.04177   0.01400   0.00304   0.00651   0.01629    0.03036
   0.02641   0.00140   0.00122   0.00046     0.00000     0.00623   0.00832   0.00443   0.00486   0.00436   0.00538    0.00291

 H39A        0.60927   1.06220   0.60869     1.00000     0.03644
                                             0.00000     0.00000

 H39B        0.62333   0.95315   0.62997     1.00000     0.03644
                                             0.00000     0.00000

 C60         0.67654   0.68998   0.61994     1.00000     0.03872   0.04921   0.02995  -0.00323   0.01264  -0.00389    0.04141
   0.02782   0.00156   0.00135   0.00057     0.00000     0.00687   0.00984   0.00638   0.00635   0.00542   0.00637    0.00379

 H60A        0.61238   0.62776   0.62700     1.00000     0.04969
                                             0.00000     0.00000

 H60B        0.61719   0.73968   0.60682     1.00000     0.04969
                                             0.00000     0.00000

 C40         0.75346   1.08291   0.67397     1.00000     0.04638   0.05112   0.02229   0.00179   0.02148   0.02131    0.03931
   0.03136   0.00161   0.00134   0.00055     0.00000     0.00725   0.00990   0.00546   0.00578   0.00525   0.00645    0.00363

 H40A        0.80766   1.14811   0.66525     1.00000     0.04717
                                             0.00000     0.00000

 H40B        0.82271   1.03916   0.68630     1.00000     0.04717
                                             0.00000     0.00000

 C36         0.79938   0.88143   0.47294     1.00000     0.03103   0.03585   0.04904   0.00640   0.00245  -0.00644    0.03970
   0.02810   0.00148   0.00129   0.00066     0.00000     0.00617   0.00847   0.00766   0.00657   0.00585   0.00575    0.00356

 H36A        0.86695   0.94213   0.46624     1.00000     0.04764
                                             0.00000     0.00000

 H36B        0.85525   0.82971   0.48610     1.00000     0.04764
                                             0.00000     0.00000

 C20         1.20029  -0.21590  -0.47172     1.00000     0.04417   0.03555   0.02120   0.00249   0.01206   0.00712    0.03378
   0.02739   0.00155   0.00124   0.00052     0.00000     0.00707   0.00862   0.00533   0.00540   0.00498   0.00586    0.00320

 H20A        1.14055  -0.16611  -0.48455     1.00000     0.04054
                                             0.00000     0.00000

 H20B        1.13638  -0.27773  -0.46408     1.00000     0.04054
                                             0.00000     0.00000

 C21         1.30092  -0.25817  -0.51924     1.00000     0.02835   0.02092   0.04881   0.00449   0.01789   0.00535    0.03270
   0.02767   0.00136   0.00109   0.00061     0.00000     0.00580   0.00700   0.00740   0.00560   0.00543   0.00484    0.00313

 H21A        1.36503  -0.19632  -0.52674     1.00000     0.03923
                                             0.00000     0.00000

 H21B        1.36047  -0.30805  -0.50639     1.00000     0.03923
                                             0.00000     0.00000

 C57         0.80245   0.55049   0.47421     1.00000     0.01855   0.06092   0.01984  -0.00599  -0.00584   0.01359    0.03439
   0.02444   0.00121   0.00131   0.00047     0.00000     0.00479   0.00988   0.00506   0.00561   0.00408   0.00529    0.00346

 H57A        0.86062   0.49958   0.48688     1.00000     0.04127
                                             0.00000     0.00000

 H57B        0.86742   0.61270   0.46764     1.00000     0.04127
                                             0.00000     0.00000

 C37         0.70001   0.92506   0.51904     1.00000     0.03569   0.05963   0.00975  -0.00694  -0.00788   0.01787    0.03605
   0.02420   0.00139   0.00129   0.00043     0.00000     0.00624   0.01018   0.00428   0.00522   0.00418   0.00599    0.00350

 H37A        0.63391   0.86423   0.52650     1.00000     0.04326
                                             0.00000     0.00000

 H37B        0.64262   0.97572   0.50573     1.00000     0.04326
                                             0.00000     0.00000

 C58         0.70073   0.58979   0.51950     1.00000     0.04460   0.03177   0.03559  -0.00132   0.00179   0.00230    0.03858
   0.02778   0.00163   0.00127   0.00060     0.00000     0.00741   0.00909   0.00696   0.00634   0.00594   0.00611    0.00354

 H58A        0.63771   0.52696   0.52653     1.00000     0.04630
                                             0.00000     0.00000

 H58B        0.64036   0.63842   0.50601     1.00000     0.04630
                                             0.00000     0.00000

 C19         1.28006  -0.15712  -0.41772     1.00000     0.03637   0.04886   0.03347  -0.00445   0.01332   0.00015    0.04157
   0.02890   0.00155   0.00137   0.00060     0.00000     0.00707   0.01017   0.00665   0.00662   0.00571   0.00650    0.00388

 H19A        1.33686  -0.20753  -0.40389     1.00000     0.04988
                                             0.00000     0.00000

 H19B        1.34639  -0.09659  -0.42538     1.00000     0.04988
                                             0.00000     0.00000

 C56         0.72081   0.49278   0.41822     1.00000     0.03012   0.03156   0.02779   0.00729   0.01007   0.01677    0.02854
   0.02792   0.00138   0.00118   0.00054     0.00000     0.00572   0.00817   0.00567   0.00544   0.00487   0.00507    0.00288

 H56A        0.65089   0.43385   0.42536     1.00000     0.03425
                                             0.00000     0.00000

 H56B        0.66803   0.54525   0.40422     1.00000     0.03425
                                             0.00000     0.00000

 C35         0.72286   0.82520   0.41784     1.00000     0.03110   0.03237   0.02866  -0.00589  -0.00505   0.00431    0.03235
   0.02431   0.00142   0.00121   0.00053     0.00000     0.00569   0.00815   0.00596   0.00559   0.00471   0.00516    0.00309

 H35A        0.66817   0.87720   0.40435     1.00000     0.03882
                                             0.00000     0.00000

 H35B        0.65432   0.76508   0.42458     1.00000     0.03882
                                             0.00000     0.00000

 C17         1.25350  -0.06087  -0.31721     1.00000     0.03989   0.04542   0.02212  -0.01163   0.00428   0.00878    0.03800
   0.02702   0.00153   0.00133   0.00054     0.00000     0.00685   0.00938   0.00554   0.00570   0.00502   0.00596    0.00353

 H17A        1.32945  -0.00479  -0.32307     1.00000     0.04560
                                             0.00000     0.00000

 H17B        1.29886  -0.11616  -0.30247     1.00000     0.04560
                                             0.00000     0.00000

 C33         0.74428   0.72365   0.31736     1.00000     0.02050   0.01870   0.04367   0.00440   0.00339   0.01187    0.02711
   0.02533   0.00123   0.00107   0.00057     0.00000     0.00508   0.00690   0.00668   0.00551   0.00483   0.00433    0.00278

 H33A        0.67368   0.66541   0.32479     1.00000     0.03253
                                             0.00000     0.00000

 H33B        0.69220   0.77639   0.30327     1.00000     0.03253
                                             0.00000     0.00000

 C38         0.78002   0.98413   0.57427     1.00000     0.02254   0.06073   0.01941  -0.00642   0.00805   0.00585    0.03606
   0.02575   0.00131   0.00132   0.00051     0.00000     0.00529   0.01032   0.00512   0.00585   0.00444   0.00581    0.00362

 H38A        0.84384   0.93582   0.58603     1.00000     0.04327
                                             0.00000     0.00000

 H38B        0.83957   1.04895   0.56768     1.00000     0.04327
                                             0.00000     0.00000

 C22         1.22131  -0.31715  -0.57379     1.00000     0.04810   0.01732   0.03432   0.00622   0.00112  -0.00007    0.03340
   0.02572   0.00155   0.00108   0.00055     0.00000     0.00733   0.00706   0.00647   0.00526   0.00558   0.00527    0.00303

 H22A        1.16237  -0.26708  -0.58679     1.00000     0.04008
                                             0.00000     0.00000

 H22B        1.15660  -0.37864  -0.56621     1.00000     0.04008
                                             0.00000     0.00000

 C54         0.74220   0.38795   0.31610     1.00000     0.02551   0.05000   0.01934   0.00671  -0.00527   0.00323    0.03178
   0.02467   0.00134   0.00127   0.00047     0.00000     0.00527   0.00925   0.00499   0.00549   0.00429   0.00552    0.00318

 H54A        0.67064   0.32974   0.32291     1.00000     0.03814
                                             0.00000     0.00000

 H54B        0.69135   0.44115   0.30185     1.00000     0.03814
                                             0.00000     0.00000

 C59         0.77592   0.64985   0.57447     1.00000     0.02925   0.04530   0.02709  -0.00039  -0.00295   0.01934    0.03380
   0.02760   0.00142   0.00130   0.00054     0.00000     0.00572   0.00968   0.00577   0.00599   0.00488   0.00570    0.00337

 H59A        0.83608   0.60100   0.58789     1.00000     0.04056
                                             0.00000     0.00000

 H59B        0.83939   0.71231   0.56727     1.00000     0.04056
                                             0.00000     0.00000

 C42         0.73438   1.17977   0.77721     1.00000     0.05298   0.06966   0.04522  -0.00064   0.02318  -0.01642    0.05923
   0.03470   0.00190   0.00159   0.00071     0.00000     0.00908   0.01229   0.00830   0.00810   0.00717   0.00816    0.00523

 H42A        0.77880   1.25010   0.77208     1.00000     0.08885
                                             0.00000     0.00000

 H42B        0.80757   1.13773   0.78710     1.00000     0.08885
                                             0.00000     0.00000

 H42C        0.66652   1.18997   0.80675     1.00000     0.08885
                                             0.00000     0.00000

 C61         0.75535   0.75005   0.67601     1.00000     0.02796   0.04960   0.03318   0.00720  -0.00685   0.00416    0.03715
   0.02749   0.00147   0.00138   0.00058     0.00000     0.00581   0.01000   0.00648   0.00648   0.00501   0.00582    0.00347

 H61A        0.81725   0.70138   0.68861     1.00000     0.04458
                                             0.00000     0.00000

 H61B        0.81677   0.81397   0.66938     1.00000     0.04458
                                             0.00000     0.00000

 C24         1.24014  -0.41633  -0.67631     1.00000     0.02955   0.03534   0.03948  -0.00568  -0.00531  -0.00336    0.03719
   0.02447   0.00141   0.00124   0.00059     0.00000     0.00595   0.00862   0.00679   0.00624   0.00545   0.00554    0.00352

 H24A        1.17448  -0.47809  -0.66964     1.00000     0.04463
                                             0.00000     0.00000

 H24B        1.18256  -0.36471  -0.68865     1.00000     0.04463
                                             0.00000     0.00000

 C63         0.74143   0.85132   0.77641     1.00000     0.05231   0.05223   0.02478  -0.01406  -0.01713   0.02731    0.04461
   0.02723   0.00165   0.00136   0.00053     0.00000     0.00786   0.01055   0.00545   0.00597   0.00520   0.00687    0.00408

 H63A        0.79410   0.91670   0.76832     1.00000     0.06692
                                             0.00000     0.00000

 H63B        0.80815   0.80573   0.78778     1.00000     0.06692
                                             0.00000     0.00000

 H63C        0.67646   0.87102   0.80617     1.00000     0.06692
                                             0.00000     0.00000

 C26         1.26646  -0.51546  -0.77581     1.00000     0.06708   0.04184   0.03150  -0.00334   0.01292   0.00097    0.04858
   0.03280   0.00202   0.00141   0.00063     0.00000     0.01015   0.01051   0.00691   0.00675   0.00671   0.00779    0.00430

 H26A        1.33769  -0.53668  -0.80286     1.00000     0.07287
                                             0.00000     0.00000

 H26B        1.20661  -0.46806  -0.78972     1.00000     0.07287
                                             0.00000     0.00000

 H26C        1.20743  -0.57983  -0.76963     1.00000     0.07287
                                             0.00000     0.00000



 Final Structure Factor Calculation for  IM1706 in P-1 #2                                                           

 Total number of l.s. parameters =   571  Maximum vector length =  623   Memory required =     7504 /    29281

 wR2 = 0.1959 before cycle   5 for    8408 data and      0 /    571 parameters

 GooF = S =     0.921;     Restrained GooF =      0.921 for       0 restraints

 Weight = 1 / [ sigma^2(Fo^2) + ( 0.0746 * P )^2 +   0.00 * P ]   where  P = ( Max ( Fo^2, 0 ) + 2 * Fc^2 ) / 3

 R1 =  0.0518 for    2607 Fo > 4sig(Fo)  and  0.1433 for all    8408 data
 wR2 =  0.1959,  GooF = S =   0.921,  Restrained GooF =    0.921  for all data

 Occupancy sum of asymmetric unit =    63.00 for non-hydrogen and    89.00 for H and D atoms



 Principal mean square atomic displacements U

   0.0498   0.0334   0.0225   Br27  
   0.0479   0.0343   0.0233   Br48  
   0.0486   0.0336   0.0235   Br11  
   0.0348   0.0286   0.0198   S6  
   0.0363   0.0270   0.0186   S43  
   0.0406   0.0255   0.0149   S1  
   0.0405   0.0294   0.0192   O12  
   0.0667   0.0207   0.0152   O49  
   0.0591   0.0278   0.0147   O28  
   0.0581   0.0243   0.0119   C8  
   0.0415   0.0329   0.0038   C46  
   0.0448   0.0314   0.0051   C7  
   0.0433   0.0340   0.0227   C4  
   0.0367   0.0213   0.0179   C9  
   0.0500   0.0212   0.0168   C47  
   0.0482   0.0107   0.0040   C2  
   0.0453   0.0257  -0.0010   C3   ** NON POSITIVE DEFINITE **
   0.0431   0.0260   0.0054   C45  
   0.0410   0.0351   0.0063   C30  
   0.0337   0.0230   0.0149   C51  
   0.0577   0.0298   0.0195   C14  
   0.0446   0.0303   0.0180   C44  
   0.0624   0.0241   0.0062   C5  
   0.0369   0.0302   0.0135   C10  
   0.0562   0.0340   0.0118   C16  
   0.0569   0.0336   0.0167   C53  
   0.0458   0.0179   0.0165   C32  
   0.0431   0.0271   0.0165   C29  
   0.0353   0.0223   0.0166   C13  
   0.0490   0.0291   0.0111   C50  
   0.0555   0.0349   0.0165   C41  
   0.0721   0.0431   0.0117   C25  
   0.0386   0.0252   0.0178   C55  
   0.0654   0.0382   0.0013   C34  
   0.0578   0.0398   0.0162   C62  
   0.0407   0.0302   0.0150   C15  
   0.0639   0.0297   0.0069   C31  
   0.0687   0.0340   0.0210   C18  
   0.0593   0.0350   0.0158   C23  
   0.0694   0.0199   0.0156   C52  
   0.0503   0.0287   0.0121   C39  
   0.0670   0.0358   0.0214   C60  
   0.0636   0.0471   0.0073   C40  
   0.0513   0.0441   0.0237   C36  
   0.0483   0.0370   0.0161   C20  
   0.0587   0.0224   0.0170   C21  
   0.0703   0.0203   0.0125   C57  
   0.0719   0.0291   0.0071   C37  
   0.0468   0.0422   0.0268   C58  
   0.0655   0.0378   0.0213   C19  
   0.0441   0.0272   0.0143   C56  
   0.0467   0.0308   0.0196   C35  
   0.0601   0.0403   0.0136   C17  
   0.0445   0.0282   0.0087   C33  
   0.0693   0.0275   0.0113   C38  
   0.0491   0.0343   0.0167   C22  
   0.0505   0.0294   0.0154   C54  
   0.0576   0.0256   0.0182   C59  
   0.1051   0.0479   0.0247   C42  
   0.0501   0.0392   0.0222   C61  
   0.0540   0.0374   0.0202   C24  
   0.0904   0.0283   0.0151   C63  
   0.0752   0.0460   0.0246   C26  

 ** Warning:     0  atoms may be split and     1  atoms NPD **



 Analysis of variance for reflections employed in refinement      K = Mean[Fo^2] / Mean[Fc^2]  for group


 Fc/Fc(max)       0.000    0.001    0.002    0.003    0.004    0.005    0.006    0.012    0.041    0.079    1.000

 Number in group      1085.    1086.     940.     817.     679.     507.     785.     833.     835.     841.

            GooF      0.813    0.843    0.885    0.880    0.892    0.895    0.976    1.038    1.000    1.007

             K      -24.554   -1.809    0.166    0.697    1.165    0.960    1.149    1.013    1.015    1.028


 Resolution(A)    0.80     0.85     0.89     0.93     0.98     1.04     1.12     1.22     1.37     1.70     inf

 Number in group       852.     836.     858.     841.     819.     848.     827.     851.     831.     845.

            GooF      1.063    1.035    0.971    1.013    0.898    0.867    0.813    0.850    0.782    0.868

             K        1.002    1.030    1.052    1.066    1.015    1.014    0.997    0.998    0.992    1.049

             R1       0.231    0.221    0.217    0.202    0.184    0.176    0.145    0.118    0.130    0.093


 Recommended weighting scheme:  WGHT      0.0746      0.0000
 Note that in most cases convergence will be faster if fixed weights (e.g. the
 default WGHT 0.1) are retained until the refinement is virtually complete, and
 only then should the above recommended values be used.



 Most Disagreeable Reflections (* if suppressed or used for Rfree).
 Error/esd is calculated as sqrt(wD^2/<wD^2>) where w is given by the weight
 formula, D = Fo^2-Fc^2 and <> refers to the average over all reflections.

     h   k   l          Fo^2          Fc^2    Error/esd  Fc/Fc(max)  Resolution(A)

    -8  -6   5       1477.25        481.43       5.21       0.030       0.96
     6  -6  22        -27.14        138.68       4.97       0.016       0.87
     8  -9   2       2859.25       1441.55       4.88       0.052       0.94
    -4 -12   3       1995.46       1075.70       4.54       0.045       0.90
    -2   0   9        399.49        162.16       4.32       0.017       2.33
     3  -6  17       6868.08       9806.40       4.18       0.136       1.20
    -5 -12   5        400.49         41.15       4.16       0.009       0.86
    -8  -6   7        563.19         80.67       4.16       0.012       0.95
    10  -4   2        567.48         21.35       4.08       0.006       0.91
     7  -3  16       4539.47       6450.93       4.05       0.110       0.99
     4  12   5        -22.36         86.19       4.02       0.013       0.85
     6   3  20       3209.69       4445.28       4.00       0.092       0.86
    -3 -12   5       1267.10        642.33       3.67       0.035       0.95
    10   3  10        977.25       1425.18       3.65       0.052       0.80
    -8  -6  15        370.94        598.79       3.56       0.034       0.87
     2   0   0      75990.70      60316.23       3.55       0.337       4.62
    -3 -12   4       3597.70       2507.35       3.48       0.069       0.95
     4  -3  14      11887.46      15555.04       3.48       0.171       1.37
     8   6  12       1075.30       1539.60       3.45       0.054       0.82
    -3 -12   6        351.26         71.59       3.44       0.012       0.95
     2   0   1     176267.20     141195.11       3.43       0.516       4.50
     7   3  13        677.95       1029.21       3.43       0.044       0.97
    -3 -12  16        210.02         25.37       3.42       0.007       0.87
     0   3  24        158.25          1.68       3.39       0.002       0.92
     7  -9   7       1629.69        947.66       3.37       0.042       1.00
    -7  -3  17         93.30        229.94       3.36       0.021       0.96
    -7  -6   8        733.71        420.58       3.36       0.028       1.03
    -2   0   2       3979.38       3018.16       3.36       0.075       4.36
    -4 -12   7       1989.33       1314.07       3.35       0.050       0.90
     3   0   0      48090.55      38475.12       3.35       0.269       3.08
    -1 -12  18       1323.68       1877.97       3.34       0.060       0.88
    -3 -12   2        544.15        174.23       3.31       0.018       0.94
     1   6  24       2170.97       1581.52       3.22       0.055       0.82
     0   3   7      12077.70      15501.40       3.20       0.171       2.38
     9   6   7        312.66        503.30       3.17       0.031       0.82
    -8   3   9        -26.14         47.66       3.16       0.009       1.04
     6   9  10        -31.93         58.05       3.16       0.010       0.84
     3   0   1      57122.30      46338.06       3.15       0.296       3.04
     3  12   8       1257.16       1736.35       3.13       0.057       0.84
    -7  12   3       1561.65       2080.25       3.13       0.063       0.84
     3  -9  19       2561.34       3517.94       3.12       0.081       0.99
     6  -3  18        240.92        461.56       3.11       0.030       1.01
     9  -5   6        297.38          0.03       3.10       0.000       0.97
    -6  -9   5       1205.49        687.69       3.09       0.036       0.97
     0   6  11       5413.86       6983.21       3.08       0.115       1.35
    -6  -6   4       2681.30       1912.42       3.06       0.060       1.17
    11  -1   4        145.98         32.17       3.01       0.008       0.83
     9  -6   6       2175.63       1443.42       2.98       0.052       0.95
     9   6   4        381.88        606.41       2.96       0.034       0.85
     4   3  17        388.54        555.26       2.93       0.032       1.07



 Bond lengths and angles

 Br27 -      Distance       Angles
 C5        1.8845 (0.0150) 
               Br27 -       

 Br48 -      Distance       Angles
 C44       1.8548 (0.0135) 
               Br48 -       

 Br11 -      Distance       Angles
 C10       1.8572 (0.0119) 
               Br11 -       

 S6 -        Distance       Angles
 C10       1.7310 (0.0125) 
 C7        1.7468 (0.0136)   89.79 (0.58)
               S6 -          C10          

 S43 -       Distance       Angles
 C47       1.7237 (0.0124) 
 C44       1.7241 (0.0126)   92.91 (0.62)
               S43 -         C47          

 S1 -        Distance       Angles
 C5        1.6987 (0.0125) 
 C2        1.7511 (0.0098)   91.00 (0.60)
               S1 -          C5           

 O12 -       Distance       Angles
 C8        1.3352 (0.0157) 
 C13       1.4278 (0.0134)  116.13 (1.04)
               O12 -         C8           

 O49 -       Distance       Angles
 C46       1.4109 (0.0128) 
 C50       1.4748 (0.0138)  113.46 (0.91)
               O49 -         C46          

 O28 -       Distance       Angles
 C3        1.3607 (0.0160) 
 C29       1.4028 (0.0137)  116.32 (0.99)
               O28 -         C3           

 C8 -        Distance       Angles
 O12       1.3352 (0.0157) 
 C7        1.3851 (0.0167)  118.85 (1.33)
 C9        1.4349 (0.0194)  129.24 (1.11) 111.79 (1.13)
               C8 -          O12           C7           

 C46 -       Distance       Angles
 C45       1.3406 (0.0183) 
 O49       1.4109 (0.0128)  127.90 (1.00)
 C47       1.4284 (0.0155)  117.44 (1.05) 114.66 (1.08)
               C46 -         C45           O49          

 C7 -        Distance       Angles
 C8        1.3851 (0.0167) 
 C2        1.4736 (0.0135)  127.81 (1.10)
 S6        1.7468 (0.0136)  112.59 (1.05) 119.60 (0.75)
               C7 -          C8            C2           

 C4 -        Distance       Angles
 C5        1.3441 (0.0176) 
 C3        1.4387 (0.0184)  110.97 (1.25)
               C4 -          C5           

 C9 -        Distance       Angles
 C10       1.3654 (0.0165) 
 C8        1.4349 (0.0194)  111.73 (1.06)
               C9 -          C10          

 C47 -       Distance       Angles
 C46       1.4284 (0.0155) 
 C47_$1    1.4092 (0.0264)  127.56 (1.38)
 S43       1.7237 (0.0124)  106.61 (0.94) 125.78 (1.20)
               C47 -         C46           C47_$1       

 C2 -        Distance       Angles
 C3        1.3474 (0.0150) 
 C7        1.4736 (0.0136)  128.11 (0.88)
 S1        1.7511 (0.0098)  110.43 (0.84) 121.34 (0.70)
               C2 -          C3            C7           

 C3 -        Distance       Angles
 C2        1.3474 (0.0151) 
 O28       1.3607 (0.0160)  121.71 (1.00)
 C4        1.4387 (0.0184)  113.68 (1.12) 124.61 (1.06)
               C3 -          C2            O28          

 C45 -       Distance       Angles
 C46       1.3406 (0.0183) 
 C44       1.3835 (0.0182)  111.19 (0.99)
               C45 -         C46          

 C30 -       Distance       Angles
 C31       1.5166 (0.0145) 
 C29       1.5706 (0.0165)  112.46 (1.05)
               C30 -         C31          

 C51 -       Distance       Angles
 C50       1.5111 (0.0164) 
 C52       1.5427 (0.0145)  109.00 (0.94)
               C51 -         C50          

 C14 -       Distance       Angles
 C13       1.4738 (0.0170) 
 C15       1.5582 (0.0158)  111.22 (1.05)
               C14 -         C13          

 C44 -       Distance       Angles
 C45       1.3835 (0.0182) 
 S43       1.7241 (0.0126)  111.83 (1.00)
 Br48      1.8548 (0.0135)  127.45 (0.98) 120.65 (0.75)
               C44 -         C45           S43          

 C5 -        Distance       Angles
 C4        1.3441 (0.0176) 
 S1        1.6987 (0.0125)  113.88 (1.19)
 Br27      1.8845 (0.0150)  125.79 (1.08) 120.30 (0.68)
               C5 -          C4            S1           

 C10 -       Distance       Angles
 C9        1.3654 (0.0165) 
 S6        1.7310 (0.0125)  114.02 (0.96)
 Br11      1.8572 (0.0119)  125.23 (1.00) 120.44 (0.67)
               C10 -         C9            S6           

 C16 -       Distance       Angles
 C15       1.5376 (0.0168) 
 C17       1.5619 (0.0154)  111.83 (1.10)
               C16 -         C15          

 C53 -       Distance       Angles
 C52       1.5107 (0.0175) 
 C54       1.5190 (0.0165)  113.79 (1.01)
               C53 -         C52          

 C32 -       Distance       Angles
 C33       1.5091 (0.0150) 
 C31       1.5263 (0.0179)  115.27 (1.02)
               C32 -         C33          

 C29 -       Distance       Angles
 O28       1.4028 (0.0137) 
 C30       1.5706 (0.0166)  107.57 (0.97)
               C29 -         O28          

 C13 -       Distance       Angles
 O12       1.4278 (0.0134) 
 C14       1.4738 (0.0170)  109.02 (1.02)
               C13 -         O12          

 C50 -       Distance       Angles
 O49       1.4748 (0.0138) 
 C51       1.5111 (0.0165)  106.19 (0.92)
               C50 -         O49          

 C41 -       Distance       Angles
 C42       1.5234 (0.0213) 
 C40       1.5316 (0.0149)  115.07 (1.19)
               C41 -         C42          

 C25 -       Distance       Angles
 C26       1.4837 (0.0224) 
 C24       1.5032 (0.0168)  114.83 (1.17)
               C25 -         C26          

 C55 -       Distance       Angles
 C56       1.5352 (0.0150) 
 C54       1.5681 (0.0156)  112.96 (0.97)
               C55 -         C56          

 C34 -       Distance       Angles
 C33       1.5070 (0.0180) 
 C35       1.5416 (0.0148)  112.85 (1.11)
               C34 -         C33          

 C62 -       Distance       Angles
 C61       1.5206 (0.0177) 
 C63       1.5722 (0.0174)  109.62 (1.19)
               C62 -         C61          

 C15 -       Distance       Angles
 C16       1.5376 (0.0169) 
 C14       1.5582 (0.0158)  111.42 (0.99)
               C15 -         C16          

 C31 -       Distance       Angles
 C30       1.5166 (0.0145) 
 C32       1.5263 (0.0179)  113.37 (1.18)
               C31 -         C30          

 C18 -       Distance       Angles
 C19       1.5075 (0.0169) 
 C17       1.5051 (0.0174)  114.06 (1.14)
               C18 -         C19          

 C23 -       Distance       Angles
 C24       1.5301 (0.0171) 
 C22       1.5474 (0.0176)  113.28 (1.04)
               C23 -         C24          

 C52 -       Distance       Angles
 C53       1.5107 (0.0175) 
 C51       1.5427 (0.0145)  111.75 (1.02)
               C52 -         C53          

 C39 -       Distance       Angles
 C40       1.4864 (0.0192) 
 C38       1.5265 (0.0137)  113.50 (1.07)
               C39 -         C40          

 C60 -       Distance       Angles
 C59       1.4949 (0.0162) 
 C61       1.5504 (0.0184)  114.10 (1.20)
               C60 -         C59          

 C40 -       Distance       Angles
 C39       1.4864 (0.0192) 
 C41       1.5316 (0.0149)  115.44 (1.17)
               C40 -         C39          

 C36 -       Distance       Angles
 C35       1.5113 (0.0178) 
 C37       1.5171 (0.0172)  114.73 (1.11)
               C36 -         C35          

 C20 -       Distance       Angles
 C19       1.5111 (0.0197) 
 C21       1.5436 (0.0156)  113.79 (1.19)
               C20 -         C19          

 C21 -       Distance       Angles
 C22       1.5213 (0.0192) 
 C20       1.5436 (0.0156)  114.07 (1.09)
               C21 -         C22          

 C57 -       Distance       Angles
 C58       1.5039 (0.0164) 
 C56       1.5526 (0.0170)  112.24 (0.99)
               C57 -         C58          

 C37 -       Distance       Angles
 C36       1.5171 (0.0173) 
 C38       1.5360 (0.0155)  113.93 (1.09)
               C37 -         C36          

 C58 -       Distance       Angles
 C57       1.5039 (0.0164) 
 C59       1.5160 (0.0181)  114.08 (1.17)
               C58 -         C57          

 C19 -       Distance       Angles
 C18       1.5075 (0.0169) 
 C20       1.5111 (0.0198)  112.43 (1.19)
               C19 -         C18          

 C56 -       Distance       Angles
 C55       1.5352 (0.0151) 
 C57       1.5526 (0.0170)  112.50 (0.99)
               C56 -         C55          

 C35 -       Distance       Angles
 C36       1.5113 (0.0178) 
 C34       1.5416 (0.0148)  114.38 (1.13)
               C35 -         C36          

 C17 -       Distance       Angles
 C18       1.5051 (0.0174) 
 C16       1.5619 (0.0154)  113.43 (1.17)
               C17 -         C18          

 C33 -       Distance       Angles
 C32       1.5091 (0.0150) 
 C34       1.5070 (0.0180)  112.57 (0.95)
               C33 -         C32          

 C38 -       Distance       Angles
 C39       1.5265 (0.0137) 
 C37       1.5360 (0.0154)  113.02 (1.04)
               C38 -         C39          

 C22 -       Distance       Angles
 C21       1.5213 (0.0192) 
 C23       1.5474 (0.0176)  114.11 (1.11)
               C22 -         C21          

 C54 -       Distance       Angles
 C53       1.5190 (0.0165) 
 C55       1.5681 (0.0156)  112.74 (1.05)
               C54 -         C53          

 C59 -       Distance       Angles
 C60       1.4949 (0.0162) 
 C58       1.5160 (0.0181)  114.86 (1.17)
               C59 -         C60          

 C42 -       Distance       Angles
 C41       1.5234 (0.0212) 
               C42 -        

 C61 -       Distance       Angles
 C62       1.5206 (0.0176) 
 C60       1.5504 (0.0184)  113.26 (1.16)
               C61 -         C62          

 C24 -       Distance       Angles
 C25       1.5032 (0.0168) 
 C23       1.5301 (0.0170)  112.40 (1.13)
               C24 -         C25          

 C63 -       Distance       Angles
 C62       1.5722 (0.0174) 
               C63 -        

 C26 -       Distance       Angles
 C25       1.4837 (0.0223) 
               C26 -        


 FMAP and GRID set by program

 FMAP   2   1  42
 GRID    -2.564  -2  -1     2.564   2   1

 R1 =  0.1424 for   8408 unique reflections after merging for Fourier


 Electron density synthesis with coefficients Fo-Fc

 Highest peak    1.15  at  0.4503  0.9791  0.1425  [  0.96 A from BR48 ]
 Deepest hole   -0.67  at  0.3789  0.6235  0.1198  [  0.79 A from BR27 ]

 Mean =    0.00,   Rms deviation from mean =    0.09,   Highest memory used =     7133 /    64995


 Fourier peaks appended to .res file

              x       y       z       sof     U      Peak   Distances to nearest atoms (including eq.)

 Q1    1   0.5497  0.0209 -0.1425   1.00000  0.05    1.15   0.96 BR48  2.46 H63C  2.54 C44  2.77 H42C
 Q2    1   0.5515  0.3595 -0.1428   1.00000  0.05    1.13   0.96 BR27  2.57 C5  2.58 H42C  2.88 H31B
 Q3    1   1.4517  0.3126  0.1428   1.00000  0.05    1.13   0.97 BR11  2.43 H26A  2.56 C10  2.88 H52A
 Q4    1   0.5479  0.3975 -0.0633   1.00000  0.05    1.06   0.94 BR27  1.53 C5  2.16 C4  2.20 H4
 Q5    1   0.5456  0.0633 -0.0633   1.00000  0.05    1.05   0.94 BR48  1.51 C44  2.19 C45  2.25 H45
 Q6    1   1.4498  0.2689  0.0630   1.00000  0.05    1.03   0.94 BR11  1.47 C10  2.11 C9  2.16 H9
 Q7    1   1.1561  0.3825  0.1121   1.00000  0.05    0.65   0.92 S6  2.24 C10  2.62 H26A  2.62 C7
 Q8    1   0.8425  0.2838 -0.1128   1.00000  0.05    0.65   0.95 S1  2.22 C5  2.54 H42C  2.64 C2
 Q9    1   0.5496  0.2121 -0.1028   1.00000  0.05    0.61   2.08 BR27  2.09 BR48  2.40 H13B  2.44 H42C
 Q10   1   0.8450 -0.0491 -0.1115   1.00000  0.05    0.61   0.92 S43  2.23 C44  2.50 H63C  2.58 C47
 Q11   1   0.5497  0.5431 -0.1025   1.00000  0.05    0.61   2.06 BR27  2.10 BR11  2.43 C10  2.50 H29
 Q12   1   1.4493  0.1229  0.1027   1.00000  0.05    0.60   2.07 BR11  2.09 BR48  2.39 H50A  2.45 C44
 Q13   1   0.5371  0.4833 -0.0998   1.00000  0.05    0.55   1.32 BR27  2.27 H29  2.57 C5  2.58 H4
 Q14   1   1.4620  0.1835  0.0990   1.00000  0.05    0.54   1.31 BR11  2.43 H50A  2.54 C10  2.55 H45
 Q15   1   0.5365  0.1470 -0.1008   1.00000  0.05    0.54   1.29 BR48  2.44 H13B  2.53 C44  2.56 H9
 Q16   1   0.8447 -0.0032 -0.0337   1.00000  0.05    0.54   0.94 S43  1.00 C47  1.62 C44  1.63 C46
 Q17   1   1.1562  0.3372  0.0342   1.00000  0.05    0.52   0.94 S6  1.00 C7  1.60 C10  1.71 C8
 Q18   1   0.8458  0.3312 -0.0330   1.00000  0.05    0.52   0.96 S1  1.00 C2  1.59 C5  1.62 C3
 Q19   1   1.4454  0.4003  0.1090   1.00000  0.05    0.51   1.38 BR11  2.08 C10  2.40 H26A  2.80 BR27
 Q20   1   0.5559 -0.0654 -0.1091   1.00000  0.05    0.50   1.36 BR48  2.08 C44  2.39 H63C  2.51 H50A

 Shortest distances between peaks (including symmetry equivalents)

     11  19  0.75     11  13  0.76     12  20  0.76     12  14  0.78      9  15  0.82      1  20  1.48      3  19  1.50
     13  19  1.51      6  14  1.52      5  15  1.52      4  13  1.53     14  20  1.53      2  13  1.71      1  15  1.72
      3  14  1.76      5  20  1.78      6  19  1.80     10  16  1.86      7  17  1.86      1   5  1.89      2   4  1.90
      3   6  1.91      8  18  1.91      1  12  2.20      4  11  2.21      3  11  2.21      6  12  2.22      2   9  2.24
      5   9  2.25      2  11  2.31      4   9  2.33      5  12  2.34      6  11  2.35      3  12  2.38      1   9  2.39
     15  20  2.65     10  20  2.67      7  19  2.68     14  19  2.69      8   9  2.80     10  12  2.81      7  11  2.82
      3  13  2.93      1  14  2.94      4  19  2.95      2  19  2.95      6  20  2.97


 Time profile in seconds
 -----------------------

      0.02: Read and process instructions
      0.00: Fit rigid groups
      0.00: Interpret restraints etc.
      0.00: Generate connectivity array
      0.00: Analyse DFIX and DANG restraints
      0.00: Analyse SAME and SADI restraints
      0.00: Generate CHIV restraints
      0.00: Check if bonds in residues restrained
      0.00: Generate DELU and RIGU restraints
      0.00: Generate SIMU restraints
      0.00: Generate ISOR restraints
      0.00: Generate NCSY restraints
      0.00: Analyse other restraints etc.
      0.05: Read intensity data, sort/merge etc.
      0.00: Set up constraints
      0.00: OSF, H-atoms from difference map
      0.03: Set up l.s. refinement
      0.00: Generate idealized H-atoms
      0.19: Structure factors and derivatives
      0.28: Sum l.s. matrices
      0.00: Generate and apply antibumping restraints
      0.00: Apply other restraints
      0.06: Solve l.s. equations
      0.00: Generate HTAB table
      0.09: Other dependent quantities, CIF, tables
      0.03: Analysis of variance
      0.05: Merge reflections for Fourier and .fcf
      0.00: Fourier summations
      0.03: Peaksearch
      0.00: Analyse peaklist

 ** WARNING: These times are only approximate for multiple threads.
             To get better estimates run with -t1 **

 +++++++++++++++++++++++++++++++++++++++++++++++++++++++++++++++++++++++++++++
 +  im1706        finished at 09:08:37   Total elapsed time:      0.83 secs  +
 +++++++++++++++++++++++++++++++++++++++++++++++++++++++++++++++++++++++++++++
