
 +++++++++++++++++++++++++++++++++++++++++++++++++++++++++++++++++++
 +  SHELXL -  CRYSTAL STRUCTURE REFINEMENT  -   MULTI-CPU VERSION  +
 +  Copyright(C) George M. Sheldrick 1993-2013     Version 2013/4  +
 +  im1704                     started at 08:21:49 on 26-Apr-2017  +
 +++++++++++++++++++++++++++++++++++++++++++++++++++++++++++++++++++

 Command line parameters: im1704 -a50000 -b3000 -c624 -t4

 -a sets the approximate maximum number of atoms including hydrogens.
 -b sets the maximum number of full-matrix parameters (leave unchanged for
 CGLS). For example -b9000 allows refinement of 1000 anisotropic atoms or
 3000 with BLOC 1. For a 32-bit version, -b times the square root of the
 number of threads should not exceed about 65500. -c sets the reflection
 buffer size. This depends on the CPU cache size but will rarely need
 changing. -t sets the number of threads, otherwise the multi-CPU version
 sets this equal to the number of available CPUs. For optimal performance
 on systems with hyperthreading, usually the hyperthreading should be
 switched off or -t used to halve the number of threads; e.g. -t4 rather
 than -t8 for an Intel i7 processor.

 Running  4 threads on  4 processors

 TITL IM1704 in P21/n #14
 CELL 1.54184 7.00588 14.02534 18.0156 90 97.7113 90
 ZERR 2 0.00012 0.00026 0.00033 0 0.0016 0
 LATT 1
 SYMM 0.5-X,0.5+Y,0.5-Z
  
 SFAC C H O S Sn
 UNIT 56 100 16 4 4

 V =     1754.20     F(000) =     828.0     Mu =  12.78 mm-1      Cell Wt =     1632.35    Rho =  1.545

  
  
 L.S. 4
 PLAN  20
 REM reset to P21/n #14
 BOND
 fmap 2
 acta
 REM <HKL>D:/X-Ray%20Data/New/IM1704/struct/olex2_IM1704/IM1704.hkl</HKL>
 WGHT 0.0865 0
 FVAR 5.54089
  
 Sn1   5     0.79124  0.84290  0.96599  11.00000  0.02471  0.00079  0.01559 =
  0.00047  0.00696 -0.00615
 S2    4     0.53027  0.65671  1.01255  11.00000  0.01710 -0.00003  0.01571 =
  -0.00119  0.00745 -0.00300
 O13   3     0.47724  0.21762  0.70437  11.00000  0.02621  0.02930  0.01510 =
  -0.00497  0.00440 -0.00565
 O10   3     0.76233  0.30864  0.81427  11.00000  0.01891  0.01135  0.02922 =
  -0.00958 -0.00464  0.00181
 C5    1     0.80684  0.61874  0.93874  11.00000  0.01328  0.00354  0.01456 =
  0.00009  0.00786 -0.00283
 AFIX 43
 H5    2     0.91375  0.62452  0.91354  11.00000 -1.20000
 AFIX 0
 C6    1     0.71879  0.69498  0.96796  11.00000  0.01573  0.00733  0.01722 =
  -0.00047  0.00340 -0.00682
 C9    1     0.93763  0.34057  0.85455  11.00000  0.01586  0.01536  0.02412 =
  -0.00732  0.00405 -0.00158
 AFIX 23
 H9a   2     1.03933  0.33650  0.82307  11.00000 -1.20000
 H9b   2     0.97251  0.30026  0.89800  11.00000 -1.20000
 AFIX 0
 C3    1     0.56190  0.53792  0.99018  11.00000  0.01089  0.00006  0.00884 =
  -0.00071  0.00121 -0.00267
 O16   3     0.20684  0.06130  0.74558  11.00000  0.05597  0.04073  0.03384 =
  0.01241 -0.01861 -0.02905
 C8    1     0.91668  0.44136  0.87904  11.00000  0.01465  0.01399  0.01750 =
  -0.00435  0.00905 -0.00267
 AFIX 23
 H8a   2     1.03815  0.46469  0.90482  11.00000 -1.20000
 H8b   2     0.87811  0.48187  0.83600  11.00000 -1.20000
 AFIX 0
 C15   1     0.18490  0.11842  0.67979  11.00000  0.01939  0.02930  0.02030 =
  -0.00610 -0.00057  0.00154
 AFIX 23
 H15a  2     0.04909  0.12540  0.66127  11.00000 -1.20000
 H15b  2     0.24674  0.08733  0.64124  11.00000 -1.20000
 AFIX 0
 C12   1     0.56711  0.17660  0.77176  11.00000  0.03818  0.01859  0.02830 =
  -0.00053 -0.00473 -0.00457
 AFIX 23
 H12a  2     0.56898  0.10775  0.76678  11.00000 -1.20000
 H12b  2     0.49452  0.19237  0.81231  11.00000 -1.20000
 AFIX 0
 C18   1     0.66833  0.90478  1.05726  11.00000  0.05548  0.01765  0.02718 =
  -0.00640  0.02203 -0.00598
 AFIX 137
 H18a  2     0.54553  0.87591  1.06059  11.00000 -1.50000
 H18b  2     0.65174  0.97207  1.04906  11.00000 -1.50000
 H18c  2     0.75257  0.89412  1.10309  11.00000 -1.50000
 AFIX 0
 C14   1     0.27242  0.21440  0.69604  11.00000  0.02731  0.02357  0.02552 =
  -0.00231  0.00635  0.00632
 AFIX 23
 H14a  2     0.22262  0.25727  0.65580  11.00000 -1.20000
 H14b  2     0.23047  0.23833  0.74171  11.00000 -1.20000
 AFIX 0
 C11   1     0.76911  0.21313  0.78959  11.00000  0.02823  0.00992  0.03496 =
  -0.00801 -0.00578  0.00137
 AFIX 23
 H11a  2     0.84021  0.17426  0.82842  11.00000 -1.20000
 H11b  2     0.83399  0.20994  0.74535  11.00000 -1.20000
 AFIX 0
 C19   1     1.09838  0.85342  0.98053  11.00000  0.02979  0.03085  0.05175 =
  0.00657  0.00918 -0.01327
 AFIX 137
 H19a  2     1.15300  0.79899  1.00790  11.00000 -1.50000
 H19b  2     1.13743  0.91050  1.00785  11.00000 -1.50000
 H19c  2     1.14265  0.85551  0.93239  11.00000 -1.50000
 AFIX 0
 C20   1     0.67235  0.90746  0.86212  11.00000  0.05523  0.02095  0.02057 =
  0.00659  0.00938 -0.00066
 AFIX 137
 H20a  2     0.72810  0.87860  0.82174  11.00000 -1.50000
 H20b  2     0.70037  0.97449  0.86372  11.00000 -1.50000
 H20c  2     0.53535  0.89819  0.85438  11.00000 -1.50000
 AFIX 0
 C17   1     0.10517 -0.02496  0.73530  11.00000  0.04852  0.03522  0.05478 =
  0.00765 -0.00447 -0.01695
 AFIX 137
 H17a  2     0.14471 -0.05868  0.69356  11.00000 -1.50000
 H17b  2    -0.03044 -0.01202  0.72561  11.00000 -1.50000
 H17c  2     0.13171 -0.06319  0.77968  11.00000 -1.50000
 AFIX 0
 O7    3     0.77235  0.44242  0.92842  11.00000  0.02199  0.00429  0.02263 =
  -0.00313  0.01524 -0.00334
 C4    1     0.71848  0.53095  0.95088  11.00000  0.01614 -0.00050  0.01021 =
  0.00174  0.00205 -0.00163
 HKLF 4


 Covalent radii and connectivity table for  IM1704 in P21/n #14                                                        
 C    0.770
 H    0.320
 O    0.660
 S    1.030
 SN   1.400

 Sn1 - C6 C19 C18 C20
 S2 - C6 C3
 O13 - C12 C14
 O10 - C9 C11
 C5 - C6 C4
 C6 - C5 S2 Sn1
 C9 - O10 C8
 C3 - C4 C3_$1 S2
 O16 - C17 C15
 C8 - O7 C9
 C15 - O16 C14
 C12 - O13 C11
 C18 - Sn1
 C14 - O13 C15
 C11 - O10 C12
 C19 - Sn1
 C20 - Sn1
 C17 - O16
 O7 - C4 C8
 C4 - O7 C3 C5


 Operators for generating equivalent atoms:

 $1   -x+1, -y+1, -z+2


    5965  Reflections read, of which   179  rejected

  -8 =< h =<  8,    -16 =< k =< 10,    -22 =< l =< 18,   Max. 2-theta =  147.36

       0  Systematic absence violations



 Inconsistent equivalents etc.

   h   k   l      Fo^2   Sigma(Fo^2)  N  Esd of mean(Fo^2)

   4   1   1     3309.43    726.80    2   3774.80
  -1   1   2   120510.06   1689.65    2   9273.00
   0   1   2    95136.97   1637.00    2   8803.90
   0   6   2   828248.44   8614.73    2  52142.50
   3  12  11    56174.89   2438.29    2  25621.20

       5  Inconsistent equivalents

    3378  Unique reflections, of which      0  suppressed

 R(int) = 0.0369     R(sigma) = 0.0489      Friedel opposites merged

 Maximum memory for data reduction =     2118 /    33441


 Number of data for d > 0.803A (CIF: max) and d > 0.833A (CIF: full)
 (ignoring systematic absences):
 Unique reflections found (point group)       3378    3126
 Unique reflections possible (point group)    3549    3182
 Unique reflections found (Laue group)        3378    3126
 Unique reflections possible (Laue group)     3549    3182


 Default effective X-H and X-D distances for T =   20.0C 
 AFIX m =    1     2     3     4   4[N]  3[N]  15[B]  8[O]   9   9[N]   16
 d(X-H) =  0.98  0.97  0.96  0.93  0.86  0.89  1.10  0.82  0.93  0.86  0.93

 Note that these distances are chosen to give the best fit to the X-ray data
 and so avoid the introduction of systematic error.  The true internuclear
 distances are longer and do not vary with temperature!  The apparent
 variation with temperature is caused by libration.


 Least-squares cycle   1   Maximum vector length =  623   Memory required =     2693 /   277366

 wR2 = 0.1363 before cycle   1 for    3378 data and    185 /    185 parameters

 GooF = S =     1.086;     Restrained GooF =      1.086 for       0 restraints

 Weight = 1 / [ sigma^2(Fo^2) + ( 0.0865 * P )^2 +   0.00 * P ]   where  P = ( Max ( Fo^2, 0 ) + 2 * Fc^2 ) / 3


     N      value        esd    shift/esd  parameter

     1     5.54531     0.01479     0.299    OSF

 Mean shift/esd =   0.031  Maximum =    -1.974 for  U22 Sn1      

 Max. shift = 0.000 A for H19C      Max. dU =-0.001 for C4         


 Least-squares cycle   2   Maximum vector length =  623   Memory required =     2693 /   277366

 wR2 = 0.1363 before cycle   2 for    3378 data and    185 /    185 parameters

 GooF = S =     1.088;     Restrained GooF =      1.088 for       0 restraints

 Weight = 1 / [ sigma^2(Fo^2) + ( 0.0865 * P )^2 +   0.00 * P ]   where  P = ( Max ( Fo^2, 0 ) + 2 * Fc^2 ) / 3


     N      value        esd    shift/esd  parameter

     1     5.54105     0.01479    -0.288    OSF

 Mean shift/esd =   0.037  Maximum =    -2.629 for  U22 Sn1      

 Max. shift = 0.000 A for H19B      Max. dU =-0.001 for C4         


 Least-squares cycle   3   Maximum vector length =  623   Memory required =     2693 /   277366

 wR2 = 0.1363 before cycle   3 for    3378 data and    185 /    185 parameters

 GooF = S =     1.087;     Restrained GooF =      1.087 for       0 restraints

 Weight = 1 / [ sigma^2(Fo^2) + ( 0.0865 * P )^2 +   0.00 * P ]   where  P = ( Max ( Fo^2, 0 ) + 2 * Fc^2 ) / 3


     N      value        esd    shift/esd  parameter

     1     5.54094     0.01479    -0.007    OSF

 Mean shift/esd =   0.034  Maximum =    -2.633 for  U22 Sn1      

 Max. shift = 0.000 A for H19C      Max. dU =-0.001 for C4         


 Least-squares cycle   4   Maximum vector length =  623   Memory required =     2693 /   277366

 wR2 = 0.1363 before cycle   4 for    3378 data and    185 /    185 parameters

 GooF = S =     1.087;     Restrained GooF =      1.087 for       0 restraints

 Weight = 1 / [ sigma^2(Fo^2) + ( 0.0865 * P )^2 +   0.00 * P ]   where  P = ( Max ( Fo^2, 0 ) + 2 * Fc^2 ) / 3


     N      value        esd    shift/esd  parameter

     1     5.54090     0.01479    -0.003    OSF
     6     0.00023     0.00021    -2.633    U22 Sn1
    10    -0.00629     0.00011    -1.334    U12 Sn1

 Mean shift/esd =   0.034  Maximum =    -2.633 for  U22 Sn1      

 Max. shift = 0.000 A for H19A      Max. dU =-0.001 for C4         


 Largest correlation matrix elements

     0.608 U33 Sn1 / OSF                     0.602 U11 Sn1 / OSF                     0.594 U22 Sn1 / OSF 



 Idealized hydrogen atom generation before cycle   5

 Name     x       y       z    AFIX  d(X-H)  shift  Bonded to  Conformation determined by

 H5    0.9137  0.6245  0.9135   43   0.930   0.000   C5              C6  C4  
 H9A   1.0393  0.3365  0.8231   23   0.970   0.000   C9              O10  C8  
 H9B   0.9725  0.3003  0.8980   23   0.970   0.000   C9              O10  C8  
 H8A   1.0382  0.4647  0.9048   23   0.970   0.000   C8              O7  C9  
 H8B   0.8781  0.4819  0.8360   23   0.970   0.000   C8              O7  C9  
 H15A  0.0491  0.1254  0.6613   23   0.970   0.000   C15             O16  C14  
 H15B  0.2467  0.0873  0.6412   23   0.970   0.000   C15             O16  C14  
 H12A  0.5690  0.1077  0.7668   23   0.970   0.000   C12             O13  C11  
 H12B  0.4945  0.1924  0.8123   23   0.970   0.000   C12             O13  C11  
 H18A  0.5455  0.8759  1.0606  137   0.960   0.000   C18             Sn1  H18A  
 H18B  0.6517  0.9721  1.0491  137   0.960   0.000   C18             Sn1  H18A  
 H18C  0.7526  0.8941  1.1031  137   0.960   0.000   C18             Sn1  H18A  
 H14A  0.2226  0.2573  0.6558   23   0.970   0.000   C14             O13  C15  
 H14B  0.2305  0.2383  0.7417   23   0.970   0.000   C14             O13  C15  
 H11A  0.8402  0.1743  0.8284   23   0.970   0.000   C11             O10  C12  
 H11B  0.8340  0.2099  0.7454   23   0.970   0.000   C11             O10  C12  
 H19A  1.1530  0.7990  1.0079  137   0.960   0.000   C19             Sn1  H19A  
 H19B  1.1374  0.9105  1.0079  137   0.960   0.000   C19             Sn1  H19A  
 H19C  1.1426  0.8555  0.9324  137   0.960   0.000   C19             Sn1  H19A  
 H20A  0.7281  0.8786  0.8217  137   0.960   0.000   C20             Sn1  H20A  
 H20B  0.7004  0.9745  0.8637  137   0.960   0.000   C20             Sn1  H20A  
 H20C  0.5354  0.8982  0.8544  137   0.960   0.000   C20             Sn1  H20A  
 H17A  0.1447 -0.0587  0.6936  137   0.960   0.000   C17             O16  H17A  
 H17B -0.0304 -0.0120  0.7256  137   0.960   0.000   C17             O16  H17A  
 H17C  0.1317 -0.0632  0.7797  137   0.960   0.000   C17             O16  H17A  



  IM1704 in P21/n #14                                                        

 ATOM           x         y         z          sof         U11       U22       U33       U23       U13       U12        Ueq

 Sn1         0.79124   0.84290   0.96599     1.00000     0.02471   0.00079   0.01559   0.00047   0.00696  -0.00615    0.01331
   0.00054   0.00004   0.00002   0.00002     0.00000     0.00023   0.00021   0.00021   0.00010   0.00014   0.00011    0.00015

 S2          0.53027   0.65671   1.01254     1.00000     0.01710  -0.00003   0.01571  -0.00119   0.00745  -0.00300    0.01044
   0.00202   0.00017   0.00007   0.00007     0.00000     0.00057   0.00053   0.00057   0.00038   0.00043   0.00037    0.00026

 O13         0.47724   0.21762   0.70437     1.00000     0.02621   0.02930   0.01510  -0.00497   0.00440  -0.00565    0.02339
   0.00680   0.00054   0.00031   0.00020     0.00000     0.00190   0.00234   0.00173   0.00167   0.00140   0.00170    0.00085

 O10         0.76233   0.30864   0.81427     1.00000     0.01891   0.01135   0.02922  -0.00958  -0.00464   0.00181    0.02054
   0.00631   0.00049   0.00028   0.00022     0.00000     0.00180   0.00197   0.00205   0.00160   0.00145   0.00143    0.00082

 C5          0.80684   0.61874   0.93874     1.00000     0.01328   0.00354   0.01455   0.00009   0.00786  -0.00283    0.00991
   0.00821   0.00064   0.00033   0.00026     0.00000     0.00208   0.00230   0.00221   0.00171   0.00164   0.00169    0.00090

 H5          0.91375   0.62452   0.91354     1.00000     0.01189
                                             0.00000     0.00000

 C6          0.71879   0.69498   0.96796     1.00000     0.01573   0.00733   0.01722  -0.00047   0.00340  -0.00682    0.01332
   0.00843   0.00069   0.00035   0.00027     0.00000     0.00219   0.00245   0.00229   0.00189   0.00171   0.00187    0.00095

 C9          0.93763   0.34057   0.85455     1.00000     0.01586   0.01536   0.02412  -0.00732   0.00405  -0.00158    0.01832
   0.00922   0.00075   0.00037   0.00032     0.00000     0.00240   0.00292   0.00275   0.00208   0.00199   0.00189    0.00112

 H9A         1.03933   0.33650   0.82307     1.00000     0.02198
                                             0.00000     0.00000

 H9B         0.97251   0.30026   0.89800     1.00000     0.02198
                                             0.00000     0.00000

 C3          0.56190   0.53792   0.99019     1.00000     0.01089   0.00006   0.00884  -0.00071   0.00121  -0.00267    0.00660
   0.00739   0.00060   0.00031   0.00024     0.00000     0.00188   0.00203   0.00189   0.00163   0.00149   0.00167    0.00082

 O16         0.20684   0.06130   0.74558     1.00000     0.05597   0.04073   0.03384   0.01241  -0.01861  -0.02905    0.04576
   0.00780   0.00071   0.00038   0.00025     0.00000     0.00296   0.00308   0.00260   0.00226   0.00214   0.00249    0.00139

 C8          0.91668   0.44136   0.87904     1.00000     0.01465   0.01399   0.01750  -0.00435   0.00905  -0.00267    0.01475
   0.00875   0.00068   0.00037   0.00028     0.00000     0.00215   0.00261   0.00239   0.00197   0.00179   0.00186    0.00099

 H8A         1.03815   0.46469   0.90482     1.00000     0.01770
                                             0.00000     0.00000

 H8B         0.87811   0.48187   0.83600     1.00000     0.01770
                                             0.00000     0.00000

 C15         0.18490   0.11842   0.67979     1.00000     0.01939   0.02930   0.02030  -0.00610  -0.00057   0.00154    0.02329
   0.00966   0.00076   0.00045   0.00030     0.00000     0.00251   0.00339   0.00261   0.00234   0.00199   0.00231    0.00121

 H15A        0.04909   0.12540   0.66127     1.00000     0.02795
                                             0.00000     0.00000

 H15B        0.24674   0.08733   0.64124     1.00000     0.02795
                                             0.00000     0.00000

 C12         0.56711   0.17660   0.77176     1.00000     0.03818   0.01859   0.02830  -0.00053  -0.00473  -0.00457    0.02919
   0.01064   0.00091   0.00046   0.00035     0.00000     0.00338   0.00298   0.00311   0.00255   0.00251   0.00256    0.00134

 H12A        0.56898   0.10775   0.76678     1.00000     0.03503
                                             0.00000     0.00000

 H12B        0.49452   0.19236   0.81231     1.00000     0.03503
                                             0.00000     0.00000

 C18         0.66833   0.90478   1.05726     1.00000     0.05548   0.01765   0.02718  -0.00640   0.02203  -0.00598    0.03194
   0.01179   0.00099   0.00046   0.00033     0.00000     0.00384   0.00298   0.00309   0.00251   0.00277   0.00282    0.00140

 H18A        0.54552   0.87590   1.06059     1.00000     0.04790
                                             0.00000     0.00000

 H18B        0.65174   0.97207   1.04906     1.00000     0.04790
                                             0.00000     0.00000

 H18C        0.75257   0.89412   1.10309     1.00000     0.04790
                                             0.00000     0.00000

 C14         0.27242   0.21440   0.69604     1.00000     0.02731   0.02357   0.02552  -0.00231   0.00635   0.00632    0.02521
   0.01065   0.00080   0.00044   0.00033     0.00000     0.00274   0.00318   0.00278   0.00245   0.00217   0.00236    0.00121

 H14A        0.22262   0.25727   0.65580     1.00000     0.03025
                                             0.00000     0.00000

 H14B        0.23047   0.23833   0.74171     1.00000     0.03025
                                             0.00000     0.00000

 C11         0.76911   0.21313   0.78959     1.00000     0.02823   0.00992   0.03496  -0.00801  -0.00578   0.00137    0.02528
   0.00946   0.00080   0.00040   0.00035     0.00000     0.00287   0.00267   0.00319   0.00237   0.00231   0.00216    0.00125

 H11A        0.84021   0.17426   0.82841     1.00000     0.03034
                                             0.00000     0.00000

 H11B        0.83399   0.20994   0.74535     1.00000     0.03034
                                             0.00000     0.00000

 C19         1.09838   0.85342   0.98053     1.00000     0.02979   0.03085   0.05175   0.00657   0.00918  -0.01327    0.03712
   0.01277   0.00093   0.00049   0.00044     0.00000     0.00338   0.00387   0.00431   0.00317   0.00289   0.00267    0.00163

 H19A        1.15300   0.79898   1.00787     1.00000     0.05569
                                             0.00000     0.00000

 H19B        1.13743   0.91048   1.00787     1.00000     0.05569
                                             0.00000     0.00000

 H19C        1.14265   0.85555   0.93239     1.00000     0.05569
                                             0.00000     0.00000

 C20         0.67235   0.90746   0.86212     1.00000     0.05523   0.02095   0.02057   0.00659   0.00938  -0.00066    0.03186
   0.01191   0.00098   0.00047   0.00032     0.00000     0.00389   0.00313   0.00283   0.00246   0.00256   0.00284    0.00138

 H20A        0.72810   0.87860   0.82174     1.00000     0.04779
                                             0.00000     0.00000

 H20B        0.70037   0.97449   0.86372     1.00000     0.04779
                                             0.00000     0.00000

 H20C        0.53535   0.89819   0.85438     1.00000     0.04779
                                             0.00000     0.00000

 C17         0.10517  -0.02496   0.73530     1.00000     0.04852   0.03522   0.05478   0.00765  -0.00447  -0.01695    0.04721
   0.01271   0.00106   0.00055   0.00045     0.00000     0.00415   0.00441   0.00454   0.00362   0.00330   0.00339    0.00190

 H17A        0.14471  -0.05868   0.69356     1.00000     0.07081
                                             0.00000     0.00000

 H17B       -0.03044  -0.01202   0.72561     1.00000     0.07081
                                             0.00000     0.00000

 H17C        0.13171  -0.06319   0.77969     1.00000     0.07081
                                             0.00000     0.00000

 O7          0.77235   0.44242   0.92842     1.00000     0.02199   0.00429   0.02263  -0.00313   0.01524  -0.00334    0.01519
   0.00643   0.00048   0.00025   0.00020     0.00000     0.00172   0.00167   0.00184   0.00140   0.00140   0.00133    0.00072

 C4          0.71848   0.53095   0.95089     1.00000     0.01614  -0.00050   0.01021   0.00174   0.00205  -0.00163    0.00859
   0.00785   0.00064   0.00032   0.00024     0.00000     0.00209   0.00214   0.00198   0.00166   0.00162   0.00169    0.00087



 Final Structure Factor Calculation for  IM1704 in P21/n #14                                                        

 Total number of l.s. parameters =   185  Maximum vector length =  623   Memory required =     2508 /    29281

 wR2 = 0.1363 before cycle   5 for    3378 data and      0 /    185 parameters

 GooF = S =     1.087;     Restrained GooF =      1.087 for       0 restraints

 Weight = 1 / [ sigma^2(Fo^2) + ( 0.0865 * P )^2 +   0.00 * P ]   where  P = ( Max ( Fo^2, 0 ) + 2 * Fc^2 ) / 3

 R1 =  0.0520 for    2891 Fo > 4sig(Fo)  and  0.0591 for all    3378 data
 wR2 =  0.1363,  GooF = S =   1.087,  Restrained GooF =    1.087  for all data

 Occupancy sum of asymmetric unit =    20.00 for non-hydrogen and    25.00 for H and D atoms



 Principal mean square atomic displacements U

   0.0271   0.0139  -0.0010   Sn1   ** NON POSITIVE DEFINITE **
   0.0215   0.0104  -0.0005   S2   ** NON POSITIVE DEFINITE **
   0.0344   0.0223   0.0135   O13  
   0.0383   0.0162   0.0072   O10  
   0.0194   0.0081   0.0022   C5  
   0.0198   0.0167   0.0034   C6  
   0.0283   0.0154   0.0112   C9  
   0.0115   0.0089  -0.0006   C3   ** NON POSITIVE DEFINITE **
   0.0958   0.0244   0.0171   O16  
   0.0245   0.0120   0.0078   C8  
   0.0334   0.0203   0.0161   C15  
   0.0456   0.0248   0.0171   C12  
   0.0624   0.0198   0.0136   C18  
   0.0320   0.0269   0.0167   C14  
   0.0454   0.0229   0.0076   C11  
   0.0538   0.0431   0.0145   C19  
   0.0553   0.0269   0.0133   C20  
   0.0739   0.0443   0.0235   C17  
   0.0337   0.0082   0.0037   O7  
   0.0163   0.0105  -0.0010   C4   ** NON POSITIVE DEFINITE **

 ** Warning:     0  atoms may be split and     4  atoms NPD **



 Analysis of variance for reflections employed in refinement      K = Mean[Fo^2] / Mean[Fc^2]  for group


 Fc/Fc(max)       0.000    0.027    0.049    0.075    0.105    0.138    0.176    0.220    0.270    0.352    1.000

 Number in group       342.     339.     341.     328.     346.     330.     341.     336.     336.     339.

            GooF      1.010    1.078    0.920    0.970    0.962    0.913    0.967    1.029    0.951    1.805

             K        1.297    0.956    0.994    1.008    1.022    1.037    1.027    1.037    1.034    0.900


 Resolution(A)    0.80     0.84     0.87     0.92     0.97     1.02     1.10     1.21     1.39     1.74     inf

 Number in group       345.     346.     332.     336.     334.     332.     339.     343.     332.     339.

            GooF      1.187    0.948    0.793    0.791    0.934    0.797    0.890    1.003    1.087    1.954

             K        0.954    0.995    1.032    1.029    1.017    1.044    1.034    1.021    0.988    0.843

             R1       0.072    0.056    0.049    0.048    0.053    0.046    0.047    0.049    0.049    0.092


 ** Extinction (EXTI) or solvent water (SWAT) correction may be required **

 Recommended weighting scheme:  WGHT      0.0865      0.0000
 Note that in most cases convergence will be faster if fixed weights (e.g. the
 default WGHT 0.1) are retained until the refinement is virtually complete, and
 only then should the above recommended values be used.



 Most Disagreeable Reflections (* if suppressed or used for Rfree).
 Error/esd is calculated as sqrt(wD^2/<wD^2>) where w is given by the weight
 formula, D = Fo^2-Fc^2 and <> refers to the average over all reflections.

     h   k   l          Fo^2          Fc^2    Error/esd  Fc/Fc(max)  Resolution(A)

    -1   1   3      21928.53      46278.35       6.96       0.875       4.58
    -1   3   2      23343.89      46353.57       6.48       0.875       3.66
     0   0   4      31321.89      60479.15       6.26       1.000       4.46
     1   2   0      23864.61      43862.77       5.87       0.852       4.93
     0   2   0       4222.49       7747.73       5.79       0.358       7.01
    -3   0   3      31210.46      55486.00       5.58       0.958       2.26
     1   0   3      31362.09      54797.84       5.44       0.952       4.25
     2   0   0      22443.94      38846.30       5.35       0.801       3.47
     0   3   1      11895.50      21008.86       5.27       0.589       4.52
     0   0   2      18468.19      31381.06       5.22       0.720       8.93
     1   1   3      26301.39      42889.63       4.85       0.842       4.06
     1   1   1      19203.12      30736.40       4.68       0.713       5.67
     0   2   3      15747.54      24188.98       4.28       0.632       4.54
    -1   0   3      14340.43      21666.25       4.16       0.599       4.85
    -8   5   7          9.73         62.00       4.07       0.032       0.82
     0   4   2      22649.40      34475.27       4.06       0.755       3.26
    -8   2   8         17.67        105.32       3.93       0.042       0.84
    -3   0   5      31271.50      45960.91       3.90       0.872       2.07
    -2   0   2        598.00        375.28       3.75       0.079       3.39
     0   5   1        772.48        498.93       3.74       0.091       2.77
     0   4   0      19307.46      27939.33       3.74       0.680       3.51
     1   5   1      18708.88      27213.25       3.74       0.671       2.56
     1   5   3      20751.98      30694.41       3.69       0.712       2.34
     0   8   0       5389.46       3746.69       3.63       0.249       1.75
    -6   2  12        304.86        567.12       3.40       0.097       0.97
    -1   3   4      18632.57      25913.35       3.35       0.655       3.04
    -1   2   7       1109.99        799.88       3.30       0.115       2.36
     2   3   1      22568.12      31001.59       3.25       0.716       2.71
    -1  14  12       2984.85       4197.82       3.22       0.263       0.83
    -1   1   1      11116.44      15145.32       3.18       0.500       6.11
    -2   1   3       1549.70       1155.71       3.11       0.138       3.11
     1   2   3        576.16        403.13       3.10       0.082       3.63
     0   3   3      16797.38      22730.96       3.09       0.613       3.68
    -2   7  20        713.82       1060.01       3.06       0.132       0.82
    -2   8  19       3968.20       5437.70       3.05       0.300       0.83
    -1   3   6      32364.42      43480.49       3.03       0.848       2.45
    -2   1   1      15779.76      21223.33       3.00       0.592       3.39
    -1   5   1      17135.21      23389.13       2.96       0.622       2.59
    -1  15  10       2130.15       2930.24       2.94       0.220       0.83
    -3   0   1      17560.66      23366.45       2.93       0.622       2.34
     0  15  11       1610.34       2238.74       2.92       0.192       0.81
    -6   9  10         16.35         70.82       2.85       0.034       0.86
     4  11   4       1518.24       2191.54       2.81       0.190       0.98
     0   7   3       5818.32       4382.75       2.79       0.269       1.90
     1   5   8       1045.02        737.41       2.78       0.110       1.65
     2   7   6       6221.09       4663.30       2.76       0.278       1.46
    -7   8   5        -17.37         50.70       2.76       0.029       0.86
    -2   0  20         -2.76         72.94       2.72       0.035       0.89
    -1   6  20         15.62         46.18       2.72       0.028       0.84
     0   8   1       7941.65       6127.72       2.67       0.318       1.74



 Bond lengths and angles

 Sn1 -       Distance       Angles
 C6        2.1371 (0.0049) 
 C19       2.1376 (0.0064)  107.61 (0.23)
 C18       2.1397 (0.0056)  105.07 (0.22) 112.34 (0.28)
 C20       2.1442 (0.0057)  111.04 (0.23) 110.15 (0.27) 110.50 (0.26)
               Sn1 -         C6            C19           C18          

 S2 -        Distance       Angles
 C6        1.7212 (0.0051) 
 C3        1.7352 (0.0045)   93.51 (0.23)
               S2 -          C6           

 O13 -       Distance       Angles
 C12       1.4129 (0.0069) 
 C14       1.4234 (0.0066)  113.85 (0.45)
               O13 -         C12          

 O10 -       Distance       Angles
 C9        1.4128 (0.0061) 
 C11       1.4144 (0.0063)  113.46 (0.39)
               O10 -         C9           

 C5 -        Distance       Angles
 C6        1.3741 (0.0070) 
 C4        1.4084 (0.0061)  113.05 (0.42)
               C5 -          C6           

 C6 -        Distance       Angles
 C5        1.3741 (0.0070) 
 S2        1.7212 (0.0050)  110.37 (0.37)
 Sn1       2.1371 (0.0049)  128.99 (0.37) 120.62 (0.27)
               C6 -          C5            S2           

 C9 -        Distance       Angles
 O10       1.4128 (0.0061) 
 C8        1.4940 (0.0067)  109.79 (0.42)
               C9 -          O10          

 C3 -        Distance       Angles
 C4        1.3866 (0.0061) 
 C3_$1     1.4460 (0.0083)  127.92 (0.52)
 S2        1.7352 (0.0045)  108.70 (0.31) 123.37 (0.45)
               C3 -          C4            C3_$1        

 O16 -       Distance       Angles
 C17       1.4036 (0.0081) 
 C15       1.4219 (0.0070)  112.30 (0.50)
               O16 -         C17          

 C8 -        Distance       Angles
 O7        1.4337 (0.0054) 
 C9        1.4940 (0.0067)  107.37 (0.41)
               C8 -          O7           

 C15 -       Distance       Angles
 O16       1.4219 (0.0070) 
 C14       1.4918 (0.0084)  110.44 (0.45)
               C15 -         O16          

 C12 -       Distance       Angles
 O13       1.4129 (0.0069) 
 C11       1.4988 (0.0081)  110.12 (0.51)
               C12 -         O13          

 C18 -       Distance       Angles
 Sn1       2.1397 (0.0056) 
               C18 -        

 C14 -       Distance       Angles
 O13       1.4234 (0.0066) 
 C15       1.4918 (0.0084)  115.56 (0.48)
               C14 -         O13          

 C11 -       Distance       Angles
 O10       1.4144 (0.0063) 
 C12       1.4988 (0.0081)  108.70 (0.48)
               C11 -         O10          

 C19 -       Distance       Angles
 Sn1       2.1376 (0.0063) 
               C19 -        

 C20 -       Distance       Angles
 Sn1       2.1442 (0.0057) 
               C20 -        

 C17 -       Distance       Angles
 O16       1.4036 (0.0081) 
               C17 -        

 O7 -        Distance       Angles
 C4        1.3744 (0.0055) 
 C8        1.4337 (0.0055)  115.88 (0.37)
               O7 -          C4           

 C4 -        Distance       Angles
 O7        1.3744 (0.0055) 
 C3        1.3866 (0.0061)  118.77 (0.39)
 C5        1.4084 (0.0061)  126.89 (0.41) 114.33 (0.41)
               C4 -          O7            C3           


 FMAP and GRID set by program

 FMAP   2   1  11
 GRID    -3.125  -2  -2     3.125   2   2

 R1 =  0.0576 for   3378 unique reflections after merging for Fourier


 Electron density synthesis with coefficients Fo-Fc

 Highest peak    0.75  at  0.2065  0.2431  0.0835  [  1.42 A from C6 ]
 Deepest hole   -2.95  at  0.2363  0.1202  0.0628  [  0.74 A from SN1 ]

 Mean =    0.00,   Rms deviation from mean =    0.29,   Highest memory used =     2895 /    21630


 Fourier peaks appended to .res file

              x       y       z       sof     U      Peak   Distances to nearest atoms (including eq.)

 Q1    1   0.7935  0.7569  0.9165   1.00000  0.05    0.75   1.42 C6  1.50 SN1  1.98 C5  2.04 H5
 Q2    1   0.9206  0.7002  0.9161   1.00000  0.05    0.72   1.06 H5  1.48 C5  1.80 C6  2.39 O13
 Q3    1   0.7911  0.7669  1.0107   1.00000  0.05    0.72   1.33 C6  1.34 SN1  2.32 C18  2.37 H9B
 Q4    1   0.7513  0.6609  0.8582   1.00000  0.05    0.71   1.50 H5  1.57 C5  2.00 H11B  2.08 C6
 Q5    1   0.9453  0.8423  0.9829   1.00000  0.05    0.66   1.08 SN1  1.09 C19  1.59 H19A  1.66 H19B
 Q6    1   1.0243  1.0008  1.0501   1.00000  0.05    0.65   1.72 H19B  1.90 H19B  2.26 C19  2.33 H20B
 Q7    1  -0.1451  0.1810  0.6391   1.00000  0.05    0.63   1.57 H15A  1.89 C5  1.94 C6  1.98 H11B
 Q8    1   0.4865  1.0410  0.8599   1.00000  0.05    0.62   1.76 H20B  1.88 H18A  2.02 H18B  2.04 H20C
 Q9    1   0.8176  0.9189  1.0185   1.00000  0.05    0.61   1.35 C18  1.42 SN1  1.54 H18B  1.68 H18C
 Q10   1   0.8123  0.1276  0.6780   1.00000  0.05    0.61   1.67 H11B  1.73 H15A  2.13 H5  2.16 C5
 Q11   1   1.0774  1.0169  0.9847   1.00000  0.05    0.60   1.59 H19B  1.84 H19B  2.07 H18B  2.30 C19
 Q12   1  -0.0727  0.1641  0.6026   1.00000  0.05    0.59   1.38 H15A  1.58 C6  1.82 C5  2.14 S2
 Q13   1   0.3812 -0.0394  0.6818   1.00000  0.05    0.58   1.72 H17A  1.73 H8A  1.78 H8B  1.83 H9A
 Q14   1   0.9291  0.9633  0.9212   1.00000  0.05    0.57   1.79 H20B  2.11 C20  2.12 H19C  2.12 H19B
 Q15   1   0.5188  0.7964  1.0588   1.00000  0.05    0.56   1.13 H18A  1.85 C18  2.14 S2  2.20 H18C
 Q16   1   0.8332  0.9476  0.9420   1.00000  0.05    0.56   1.57 SN1  1.63 H20B  1.79 C20  2.18 H19B
 Q17   1   0.5715  0.5834  1.0798   1.00000  0.05    0.56   1.59 S2  1.73 C3  2.07 H17A  2.25 C3
 Q18   1   1.0991  0.1881  0.8248   1.00000  0.05    0.56   1.83 H11A  1.93 H18C  1.99 H14B  2.12 H9A
 Q19   1   0.5778  0.9883  0.8814   1.00000  0.05    0.56   0.97 H20B  1.37 H20C  1.38 C20  2.22 H20A
 Q20   1  -0.1348  0.1230  0.6625   1.00000  0.05    0.56   1.29 H15A  1.96 H11B  2.05 C5  2.22 C15

 Shortest distances between peaks (including symmetry equivalents)

     10  20  0.50      6  14  0.76      4   7  0.80     14  16  0.84      4  10  0.87      7  12  0.91      7  20  0.91
      6  11  0.92      4  20  1.00      8  19  1.02      7  10  1.09      9  11  1.17      1   2  1.19      6  16  1.23
      6  11  1.30     12  20  1.35     11  11  1.37      9  16  1.45     11  16  1.47      4  12  1.52      2   4  1.57
      5   9  1.59     11  14  1.62      3   5  1.64      1   3  1.71      1   4  1.71      1   7  1.71     11  14  1.72
     10  12  1.75      5  16  1.79      6   6  1.79      6   9  1.88      1   5  1.91      1  12  2.02      5  14  2.02
     11  16  2.03     16  19  2.05      2   7  2.07      5  11  2.07      6   9  2.09      9  14  2.11      3   9  2.14
      3  15  2.24      2   3  2.24      5   6  2.30      2   5  2.32      6  16  2.33      6  14  2.39      2  10  2.41
      9  11  2.42      2  12  2.47     14  19  2.49      1  20  2.52      1  10  2.53      2  20  2.53      5   6  2.56
      9  14  2.56      5  11  2.62      8  15  2.71     13  17  2.72      1  16  2.72      3  12  2.78      3  16  2.85
      9  15  2.88      6  19  2.90      1   9  2.91      9  19  2.96      8  16  2.97


 Time profile in seconds
 -----------------------

      0.02: Read and process instructions
      0.00: Fit rigid groups
      0.00: Interpret restraints etc.
      0.00: Generate connectivity array
      0.00: Analyse DFIX and DANG restraints
      0.00: Analyse SAME and SADI restraints
      0.00: Generate CHIV restraints
      0.00: Check if bonds in residues restrained
      0.00: Generate DELU and RIGU restraints
      0.00: Generate SIMU restraints
      0.00: Generate ISOR restraints
      0.00: Generate NCSY restraints
      0.00: Analyse other restraints etc.
      0.02: Read intensity data, sort/merge etc.
      0.02: Set up constraints
      0.00: OSF, H-atoms from difference map
      0.02: Set up l.s. refinement
      0.00: Generate idealized H-atoms
      0.04: Structure factors and derivatives
      0.00: Sum l.s. matrices
      0.00: Generate and apply antibumping restraints
      0.00: Apply other restraints
      0.02: Solve l.s. equations
      0.00: Generate HTAB table
      0.03: Other dependent quantities, CIF, tables
      0.02: Analysis of variance
      0.02: Merge reflections for Fourier and .fcf
      0.02: Fourier summations
      0.00: Peaksearch
      0.00: Analyse peaklist

 ** WARNING: These times are only approximate for multiple threads.
             To get better estimates run with -t1 **

 +++++++++++++++++++++++++++++++++++++++++++++++++++++++++++++++++++++++++++++
 +  im1704        finished at 08:21:49   Total elapsed time:      0.20 secs  +
 +++++++++++++++++++++++++++++++++++++++++++++++++++++++++++++++++++++++++++++
